[2.659s] DEBUG:colcon:Command line arguments: ['/usr/bin/colcon', 'build', '--symlink-install']
[2.660s] DEBUG:colcon:Parsed command line arguments: Namespace(ament_cmake_args=None, base_paths=['.'], build_base='build', catkin_cmake_args=None, catkin_skip_building_tests=False, cmake_args=None, cmake_clean_cache=False, cmake_clean_first=False, cmake_force_configure=False, cmake_target=None, cmake_target_skip_unavailable=False, continue_on_error=False, event_handlers=None, executor='parallel', ignore_user_meta=False, install_base='install', log_base=None, log_level=None, main=<bound method BuildVerb.main of <colcon_core.verb.build.BuildVerb object at 0xffffaddb65e0>>, merge_install=False, metas=['./colcon.meta'], packages_above=None, packages_above_and_dependencies=None, packages_above_depth=None, packages_end=None, packages_ignore=None, packages_ignore_regex=None, packages_select=None, packages_select_build_failed=False, packages_select_by_dep=None, packages_select_regex=None, packages_select_test_failures=False, packages_skip=None, packages_skip_build_finished=False, packages_skip_by_dep=None, packages_skip_regex=None, packages_skip_test_passed=False, packages_skip_up_to=None, packages_start=None, packages_up_to=None, packages_up_to_regex=None, parallel_workers=4, paths=None, symlink_install=True, test_result_base=None, verb_extension=<colcon_core.verb.build.BuildVerb object at 0xffffaddb65e0>, verb_name='build', verb_parser=<colcon_defaults.argument_parser.defaults.DefaultArgumentsDecorator object at 0xffffaddb6b20>)
[2.707s] Level 1:colcon.colcon_core.package_discovery:discover_packages(colcon_meta) check parameters
[2.708s] Level 1:colcon.colcon_core.package_discovery:discover_packages(recursive) check parameters
[2.708s] Level 1:colcon.colcon_core.package_discovery:discover_packages(ignore) check parameters
[2.708s] Level 1:colcon.colcon_core.package_discovery:discover_packages(path) check parameters
[2.709s] Level 1:colcon.colcon_core.package_discovery:discover_packages(colcon_meta) discover
[2.709s] Level 1:colcon.colcon_core.package_discovery:discover_packages(recursive) discover
[2.710s] INFO:colcon.colcon_core.package_discovery:Crawling recursively for packages in '/home/ubuntu/crawler_ws'
[2.710s] Level 1:colcon.colcon_core.package_identification:_identify(.) by extensions ['ignore', 'ignore_ament_install']
[2.711s] Level 1:colcon.colcon_core.package_identification:_identify(.) by extension 'ignore'
[2.712s] Level 1:colcon.colcon_core.package_identification:_identify(.) by extension 'ignore_ament_install'
[2.712s] Level 1:colcon.colcon_core.package_identification:_identify(.) by extensions ['colcon_pkg']
[2.712s] Level 1:colcon.colcon_core.package_identification:_identify(.) by extension 'colcon_pkg'
[2.713s] Level 1:colcon.colcon_core.package_identification:_identify(.) by extensions ['colcon_meta']
[2.713s] Level 1:colcon.colcon_core.package_identification:_identify(.) by extension 'colcon_meta'
[2.713s] Level 1:colcon.colcon_core.package_identification:_identify(.) by extensions ['ros']
[2.714s] Level 1:colcon.colcon_core.package_identification:_identify(.) by extension 'ros'
[2.814s] Level 1:colcon.colcon_core.package_identification:_identify(.) by extensions ['cmake', 'python']
[2.814s] Level 1:colcon.colcon_core.package_identification:_identify(.) by extension 'cmake'
[2.815s] Level 1:colcon.colcon_core.package_identification:_identify(.) by extension 'python'
[2.815s] Level 1:colcon.colcon_core.package_identification:_identify(.) by extensions ['python_setup_py']
[2.815s] Level 1:colcon.colcon_core.package_identification:_identify(.) by extension 'python_setup_py'
[2.816s] Level 1:colcon.colcon_core.package_identification:_identify(build) by extensions ['ignore', 'ignore_ament_install']
[2.817s] Level 1:colcon.colcon_core.package_identification:_identify(build) by extension 'ignore'
[2.818s] Level 1:colcon.colcon_core.package_identification:_identify(build) ignored
[2.819s] Level 1:colcon.colcon_core.package_identification:_identify(install) by extensions ['ignore', 'ignore_ament_install']
[2.820s] Level 1:colcon.colcon_core.package_identification:_identify(install) by extension 'ignore'
[2.820s] Level 1:colcon.colcon_core.package_identification:_identify(install) ignored
[2.821s] Level 1:colcon.colcon_core.package_identification:_identify(log) by extensions ['ignore', 'ignore_ament_install']
[2.822s] Level 1:colcon.colcon_core.package_identification:_identify(log) by extension 'ignore'
[2.823s] Level 1:colcon.colcon_core.package_identification:_identify(log) ignored
[2.823s] Level 1:colcon.colcon_core.package_identification:_identify(src) by extensions ['ignore', 'ignore_ament_install']
[2.824s] Level 1:colcon.colcon_core.package_identification:_identify(src) by extension 'ignore'
[2.824s] Level 1:colcon.colcon_core.package_identification:_identify(src) by extension 'ignore_ament_install'
[2.825s] Level 1:colcon.colcon_core.package_identification:_identify(src) by extensions ['colcon_pkg']
[2.825s] Level 1:colcon.colcon_core.package_identification:_identify(src) by extension 'colcon_pkg'
[2.826s] Level 1:colcon.colcon_core.package_identification:_identify(src) by extensions ['colcon_meta']
[2.826s] Level 1:colcon.colcon_core.package_identification:_identify(src) by extension 'colcon_meta'
[2.826s] Level 1:colcon.colcon_core.package_identification:_identify(src) by extensions ['ros']
[2.827s] Level 1:colcon.colcon_core.package_identification:_identify(src) by extension 'ros'
[2.827s] Level 1:colcon.colcon_core.package_identification:_identify(src) by extensions ['cmake', 'python']
[2.828s] Level 1:colcon.colcon_core.package_identification:_identify(src) by extension 'cmake'
[2.828s] Level 1:colcon.colcon_core.package_identification:_identify(src) by extension 'python'
[2.829s] Level 1:colcon.colcon_core.package_identification:_identify(src) by extensions ['python_setup_py']
[2.829s] Level 1:colcon.colcon_core.package_identification:_identify(src) by extension 'python_setup_py'
[2.830s] Level 1:colcon.colcon_core.package_identification:_identify(src/arduino_interface) by extensions ['ignore', 'ignore_ament_install']
[2.831s] Level 1:colcon.colcon_core.package_identification:_identify(src/arduino_interface) by extension 'ignore'
[2.831s] Level 1:colcon.colcon_core.package_identification:_identify(src/arduino_interface) by extension 'ignore_ament_install'
[2.832s] Level 1:colcon.colcon_core.package_identification:_identify(src/arduino_interface) by extensions ['colcon_pkg']
[2.832s] Level 1:colcon.colcon_core.package_identification:_identify(src/arduino_interface) by extension 'colcon_pkg'
[2.832s] Level 1:colcon.colcon_core.package_identification:_identify(src/arduino_interface) by extensions ['colcon_meta']
[2.833s] Level 1:colcon.colcon_core.package_identification:_identify(src/arduino_interface) by extension 'colcon_meta'
[2.833s] Level 1:colcon.colcon_core.package_identification:_identify(src/arduino_interface) by extensions ['ros']
[2.833s] Level 1:colcon.colcon_core.package_identification:_identify(src/arduino_interface) by extension 'ros'
[2.852s] DEBUG:colcon.colcon_core.package_identification:Package 'src/arduino_interface' with type 'ros.ament_python' and name 'arduino_interface'
[2.853s] Level 1:colcon.colcon_core.package_identification:_identify(src/encoder_interface) by extensions ['ignore', 'ignore_ament_install']
[2.855s] Level 1:colcon.colcon_core.package_identification:_identify(src/encoder_interface) by extension 'ignore'
[2.855s] Level 1:colcon.colcon_core.package_identification:_identify(src/encoder_interface) by extension 'ignore_ament_install'
[2.856s] Level 1:colcon.colcon_core.package_identification:_identify(src/encoder_interface) by extensions ['colcon_pkg']
[2.856s] Level 1:colcon.colcon_core.package_identification:_identify(src/encoder_interface) by extension 'colcon_pkg'
[2.857s] Level 1:colcon.colcon_core.package_identification:_identify(src/encoder_interface) by extensions ['colcon_meta']
[2.857s] Level 1:colcon.colcon_core.package_identification:_identify(src/encoder_interface) by extension 'colcon_meta'
[2.857s] Level 1:colcon.colcon_core.package_identification:_identify(src/encoder_interface) by extensions ['ros']
[2.858s] Level 1:colcon.colcon_core.package_identification:_identify(src/encoder_interface) by extension 'ros'
[2.863s] DEBUG:colcon.colcon_core.package_identification:Package 'src/encoder_interface' with type 'ros.ament_python' and name 'encoder_interface'
[2.864s] Level 1:colcon.colcon_core.package_identification:_identify(src/gps_interface) by extensions ['ignore', 'ignore_ament_install']
[2.865s] Level 1:colcon.colcon_core.package_identification:_identify(src/gps_interface) by extension 'ignore'
[2.865s] Level 1:colcon.colcon_core.package_identification:_identify(src/gps_interface) by extension 'ignore_ament_install'
[2.866s] Level 1:colcon.colcon_core.package_identification:_identify(src/gps_interface) by extensions ['colcon_pkg']
[2.866s] Level 1:colcon.colcon_core.package_identification:_identify(src/gps_interface) by extension 'colcon_pkg'
[2.867s] Level 1:colcon.colcon_core.package_identification:_identify(src/gps_interface) by extensions ['colcon_meta']
[2.867s] Level 1:colcon.colcon_core.package_identification:_identify(src/gps_interface) by extension 'colcon_meta'
[2.867s] Level 1:colcon.colcon_core.package_identification:_identify(src/gps_interface) by extensions ['ros']
[2.868s] Level 1:colcon.colcon_core.package_identification:_identify(src/gps_interface) by extension 'ros'
[2.872s] DEBUG:colcon.colcon_core.package_identification:Package 'src/gps_interface' with type 'ros.ament_python' and name 'gps_interface'
[2.873s] Level 1:colcon.colcon_core.package_identification:_identify(src/imu_interface) by extensions ['ignore', 'ignore_ament_install']
[2.874s] Level 1:colcon.colcon_core.package_identification:_identify(src/imu_interface) by extension 'ignore'
[2.875s] Level 1:colcon.colcon_core.package_identification:_identify(src/imu_interface) by extension 'ignore_ament_install'
[2.875s] Level 1:colcon.colcon_core.package_identification:_identify(src/imu_interface) by extensions ['colcon_pkg']
[2.876s] Level 1:colcon.colcon_core.package_identification:_identify(src/imu_interface) by extension 'colcon_pkg'
[2.876s] Level 1:colcon.colcon_core.package_identification:_identify(src/imu_interface) by extensions ['colcon_meta']
[2.876s] Level 1:colcon.colcon_core.package_identification:_identify(src/imu_interface) by extension 'colcon_meta'
[2.877s] Level 1:colcon.colcon_core.package_identification:_identify(src/imu_interface) by extensions ['ros']
[2.877s] Level 1:colcon.colcon_core.package_identification:_identify(src/imu_interface) by extension 'ros'
[2.882s] DEBUG:colcon.colcon_core.package_identification:Package 'src/imu_interface' with type 'ros.ament_python' and name 'imu_interface'
[2.883s] Level 1:colcon.colcon_core.package_discovery:discover_packages(recursive) using defaults
[2.883s] Level 1:colcon.colcon_core.package_discovery:discover_packages(ignore) discover
[2.884s] Level 1:colcon.colcon_core.package_discovery:discover_packages(ignore) using defaults
[2.884s] Level 1:colcon.colcon_core.package_discovery:discover_packages(path) discover
[2.884s] Level 1:colcon.colcon_core.package_discovery:discover_packages(path) using defaults
[3.048s] Level 5:colcon.colcon_core.verb:set package 'encoder_interface' build argument 'cmake_args' from command line to 'None'
[3.048s] Level 5:colcon.colcon_core.verb:set package 'encoder_interface' build argument 'cmake_target' from command line to 'None'
[3.048s] Level 5:colcon.colcon_core.verb:set package 'encoder_interface' build argument 'cmake_target_skip_unavailable' from command line to 'False'
[3.049s] Level 5:colcon.colcon_core.verb:set package 'encoder_interface' build argument 'cmake_clean_cache' from command line to 'False'
[3.049s] Level 5:colcon.colcon_core.verb:set package 'encoder_interface' build argument 'cmake_clean_first' from command line to 'False'
[3.049s] Level 5:colcon.colcon_core.verb:set package 'encoder_interface' build argument 'cmake_force_configure' from command line to 'False'
[3.049s] Level 5:colcon.colcon_core.verb:set package 'encoder_interface' build argument 'ament_cmake_args' from command line to 'None'
[3.049s] Level 5:colcon.colcon_core.verb:set package 'encoder_interface' build argument 'catkin_cmake_args' from command line to 'None'
[3.050s] Level 5:colcon.colcon_core.verb:set package 'encoder_interface' build argument 'catkin_skip_building_tests' from command line to 'False'
[3.050s] DEBUG:colcon.colcon_core.verb:Building package 'encoder_interface' with the following arguments: {'ament_cmake_args': None, 'build_base': '/home/ubuntu/crawler_ws/build/encoder_interface', 'catkin_cmake_args': None, 'catkin_skip_building_tests': False, 'cmake_args': None, 'cmake_clean_cache': False, 'cmake_clean_first': False, 'cmake_force_configure': False, 'cmake_target': None, 'cmake_target_skip_unavailable': False, 'install_base': '/home/ubuntu/crawler_ws/install/encoder_interface', 'merge_install': False, 'path': '/home/ubuntu/crawler_ws/src/encoder_interface', 'symlink_install': True, 'test_result_base': None}
[3.073s] Level 5:colcon.colcon_core.verb:set package 'gps_interface' build argument 'cmake_args' from command line to 'None'
[3.073s] Level 5:colcon.colcon_core.verb:set package 'gps_interface' build argument 'cmake_target' from command line to 'None'
[3.074s] Level 5:colcon.colcon_core.verb:set package 'gps_interface' build argument 'cmake_target_skip_unavailable' from command line to 'False'
[3.074s] Level 5:colcon.colcon_core.verb:set package 'gps_interface' build argument 'cmake_clean_cache' from command line to 'False'
[3.074s] Level 5:colcon.colcon_core.verb:set package 'gps_interface' build argument 'cmake_clean_first' from command line to 'False'
[3.074s] Level 5:colcon.colcon_core.verb:set package 'gps_interface' build argument 'cmake_force_configure' from command line to 'False'
[3.074s] Level 5:colcon.colcon_core.verb:set package 'gps_interface' build argument 'ament_cmake_args' from command line to 'None'
[3.075s] Level 5:colcon.colcon_core.verb:set package 'gps_interface' build argument 'catkin_cmake_args' from command line to 'None'
[3.075s] Level 5:colcon.colcon_core.verb:set package 'gps_interface' build argument 'catkin_skip_building_tests' from command line to 'False'
[3.075s] DEBUG:colcon.colcon_core.verb:Building package 'gps_interface' with the following arguments: {'ament_cmake_args': None, 'build_base': '/home/ubuntu/crawler_ws/build/gps_interface', 'catkin_cmake_args': None, 'catkin_skip_building_tests': False, 'cmake_args': None, 'cmake_clean_cache': False, 'cmake_clean_first': False, 'cmake_force_configure': False, 'cmake_target': None, 'cmake_target_skip_unavailable': False, 'install_base': '/home/ubuntu/crawler_ws/install/gps_interface', 'merge_install': False, 'path': '/home/ubuntu/crawler_ws/src/gps_interface', 'symlink_install': True, 'test_result_base': None}
[3.098s] Level 5:colcon.colcon_core.verb:set package 'imu_interface' build argument 'cmake_args' from command line to 'None'
[3.098s] Level 5:colcon.colcon_core.verb:set package 'imu_interface' build argument 'cmake_target' from command line to 'None'
[3.099s] Level 5:colcon.colcon_core.verb:set package 'imu_interface' build argument 'cmake_target_skip_unavailable' from command line to 'False'
[3.099s] Level 5:colcon.colcon_core.verb:set package 'imu_interface' build argument 'cmake_clean_cache' from command line to 'False'
[3.099s] Level 5:colcon.colcon_core.verb:set package 'imu_interface' build argument 'cmake_clean_first' from command line to 'False'
[3.099s] Level 5:colcon.colcon_core.verb:set package 'imu_interface' build argument 'cmake_force_configure' from command line to 'False'
[3.100s] Level 5:colcon.colcon_core.verb:set package 'imu_interface' build argument 'ament_cmake_args' from command line to 'None'
[3.100s] Level 5:colcon.colcon_core.verb:set package 'imu_interface' build argument 'catkin_cmake_args' from command line to 'None'
[3.100s] Level 5:colcon.colcon_core.verb:set package 'imu_interface' build argument 'catkin_skip_building_tests' from command line to 'False'
[3.100s] DEBUG:colcon.colcon_core.verb:Building package 'imu_interface' with the following arguments: {'ament_cmake_args': None, 'build_base': '/home/ubuntu/crawler_ws/build/imu_interface', 'catkin_cmake_args': None, 'catkin_skip_building_tests': False, 'cmake_args': None, 'cmake_clean_cache': False, 'cmake_clean_first': False, 'cmake_force_configure': False, 'cmake_target': None, 'cmake_target_skip_unavailable': False, 'install_base': '/home/ubuntu/crawler_ws/install/imu_interface', 'merge_install': False, 'path': '/home/ubuntu/crawler_ws/src/imu_interface', 'symlink_install': True, 'test_result_base': None}
[3.123s] Level 5:colcon.colcon_core.verb:set package 'arduino_interface' build argument 'cmake_args' from command line to 'None'
[3.123s] Level 5:colcon.colcon_core.verb:set package 'arduino_interface' build argument 'cmake_target' from command line to 'None'
[3.124s] Level 5:colcon.colcon_core.verb:set package 'arduino_interface' build argument 'cmake_target_skip_unavailable' from command line to 'False'
[3.124s] Level 5:colcon.colcon_core.verb:set package 'arduino_interface' build argument 'cmake_clean_cache' from command line to 'False'
[3.124s] Level 5:colcon.colcon_core.verb:set package 'arduino_interface' build argument 'cmake_clean_first' from command line to 'False'
[3.124s] Level 5:colcon.colcon_core.verb:set package 'arduino_interface' build argument 'cmake_force_configure' from command line to 'False'
[3.125s] Level 5:colcon.colcon_core.verb:set package 'arduino_interface' build argument 'ament_cmake_args' from command line to 'None'
[3.125s] Level 5:colcon.colcon_core.verb:set package 'arduino_interface' build argument 'catkin_cmake_args' from command line to 'None'
[3.125s] Level 5:colcon.colcon_core.verb:set package 'arduino_interface' build argument 'catkin_skip_building_tests' from command line to 'False'
[3.125s] DEBUG:colcon.colcon_core.verb:Building package 'arduino_interface' with the following arguments: {'ament_cmake_args': None, 'build_base': '/home/ubuntu/crawler_ws/build/arduino_interface', 'catkin_cmake_args': None, 'catkin_skip_building_tests': False, 'cmake_args': None, 'cmake_clean_cache': False, 'cmake_clean_first': False, 'cmake_force_configure': False, 'cmake_target': None, 'cmake_target_skip_unavailable': False, 'install_base': '/home/ubuntu/crawler_ws/install/arduino_interface', 'merge_install': False, 'path': '/home/ubuntu/crawler_ws/src/arduino_interface', 'symlink_install': True, 'test_result_base': None}
[3.128s] INFO:colcon.colcon_core.executor:Executing jobs using 'parallel' executor
[3.143s] DEBUG:colcon.colcon_parallel_executor.executor.parallel:run_until_complete
[3.145s] INFO:colcon.colcon_ros.task.ament_python.build:Building ROS package in '/home/ubuntu/crawler_ws/src/encoder_interface' with build type 'ament_python'
[3.147s] Level 1:colcon.colcon_core.shell:create_environment_hook('encoder_interface', 'ament_prefix_path')
[3.178s] INFO:colcon.colcon_core.plugin_system:Skipping extension 'colcon_core.shell.bat': Not used on non-Windows systems
[3.180s] INFO:colcon.colcon_core.shell:Creating environment hook '/home/ubuntu/crawler_ws/install/encoder_interface/share/encoder_interface/hook/ament_prefix_path.ps1'
[3.185s] INFO:colcon.colcon_core.shell:Creating environment descriptor '/home/ubuntu/crawler_ws/install/encoder_interface/share/encoder_interface/hook/ament_prefix_path.dsv'
[3.189s] INFO:colcon.colcon_core.shell:Creating environment hook '/home/ubuntu/crawler_ws/install/encoder_interface/share/encoder_interface/hook/ament_prefix_path.sh'
[3.198s] INFO:colcon.colcon_core.shell:Skip shell extension 'powershell' for command environment: Not usable outside of PowerShell
[3.199s] DEBUG:colcon.colcon_core.shell:Skip shell extension 'dsv' for command environment
[3.223s] DEBUG:colcon.colcon_core.shell:Ignoring prefix path '/opt/ros/foxy'
[3.242s] INFO:colcon.colcon_ros.task.ament_python.build:Building ROS package in '/home/ubuntu/crawler_ws/src/gps_interface' with build type 'ament_python'
[3.244s] Level 1:colcon.colcon_core.shell:create_environment_hook('gps_interface', 'ament_prefix_path')
[3.250s] INFO:colcon.colcon_core.shell:Creating environment hook '/home/ubuntu/crawler_ws/install/gps_interface/share/gps_interface/hook/ament_prefix_path.ps1'
[3.255s] INFO:colcon.colcon_core.shell:Creating environment descriptor '/home/ubuntu/crawler_ws/install/gps_interface/share/gps_interface/hook/ament_prefix_path.dsv'
[3.260s] INFO:colcon.colcon_core.shell:Creating environment hook '/home/ubuntu/crawler_ws/install/gps_interface/share/gps_interface/hook/ament_prefix_path.sh'
[3.267s] INFO:colcon.colcon_core.shell:Skip shell extension 'powershell' for command environment: Not usable outside of PowerShell
[3.268s] DEBUG:colcon.colcon_core.shell:Skip shell extension 'dsv' for command environment
[3.284s] DEBUG:colcon.colcon_core.shell:Ignoring prefix path '/opt/ros/foxy'
[3.300s] INFO:colcon.colcon_ros.task.ament_python.build:Building ROS package in '/home/ubuntu/crawler_ws/src/imu_interface' with build type 'ament_python'
[3.302s] Level 1:colcon.colcon_core.shell:create_environment_hook('imu_interface', 'ament_prefix_path')
[3.310s] INFO:colcon.colcon_core.shell:Creating environment hook '/home/ubuntu/crawler_ws/install/imu_interface/share/imu_interface/hook/ament_prefix_path.ps1'
[3.314s] INFO:colcon.colcon_core.shell:Creating environment descriptor '/home/ubuntu/crawler_ws/install/imu_interface/share/imu_interface/hook/ament_prefix_path.dsv'
[3.317s] INFO:colcon.colcon_core.shell:Creating environment hook '/home/ubuntu/crawler_ws/install/imu_interface/share/imu_interface/hook/ament_prefix_path.sh'
[3.325s] INFO:colcon.colcon_core.shell:Skip shell extension 'powershell' for command environment: Not usable outside of PowerShell
[3.325s] DEBUG:colcon.colcon_core.shell:Skip shell extension 'dsv' for command environment
[3.343s] DEBUG:colcon.colcon_core.shell:Ignoring prefix path '/opt/ros/foxy'
[5.325s] INFO:colcon.colcon_core.task.python.build:Building Python package in '/home/ubuntu/crawler_ws/src/encoder_interface'
[5.330s] INFO:colcon.colcon_core.shell:Skip shell extension 'powershell' for command environment: Not usable outside of PowerShell
[5.331s] DEBUG:colcon.colcon_core.shell:Skip shell extension 'dsv' for command environment
[5.348s] DEBUG:colcon.colcon_core.shell:Ignoring prefix path '/opt/ros/foxy'
[7.321s] INFO:colcon.colcon_core.task.python.build:Building Python package in '/home/ubuntu/crawler_ws/src/gps_interface'
[7.326s] INFO:colcon.colcon_core.shell:Skip shell extension 'powershell' for command environment: Not usable outside of PowerShell
[7.326s] DEBUG:colcon.colcon_core.shell:Skip shell extension 'dsv' for command environment
[7.343s] DEBUG:colcon.colcon_core.shell:Ignoring prefix path '/opt/ros/foxy'
[9.313s] INFO:colcon.colcon_core.task.python.build:Building Python package in '/home/ubuntu/crawler_ws/src/imu_interface'
[9.318s] INFO:colcon.colcon_core.shell:Skip shell extension 'powershell' for command environment: Not usable outside of PowerShell
[9.319s] DEBUG:colcon.colcon_core.shell:Skip shell extension 'dsv' for command environment
[9.338s] DEBUG:colcon.colcon_core.shell:Ignoring prefix path '/opt/ros/foxy'
[9.376s] DEBUG:colcon.colcon_core.event_handler.log_command:Invoking command in '/home/ubuntu/crawler_ws/build/encoder_interface': PYTHONPATH=/home/ubuntu/crawler_ws/install/encoder_interface/lib/python3.8/site-packages:${PYTHONPATH} /usr/bin/python3 setup.py develop --prefix /home/ubuntu/crawler_ws/install/encoder_interface --editable --build-directory /home/ubuntu/crawler_ws/build/encoder_interface/build --no-deps install_data --install-dir /home/ubuntu/crawler_ws/install/encoder_interface
[9.431s] DEBUG:colcon.colcon_core.event_handler.log_command:Invoking command in '/home/ubuntu/crawler_ws/build/gps_interface': PYTHONPATH=/home/ubuntu/crawler_ws/install/gps_interface/lib/python3.8/site-packages:${PYTHONPATH} /usr/bin/python3 setup.py develop --prefix /home/ubuntu/crawler_ws/install/gps_interface --editable --build-directory /home/ubuntu/crawler_ws/build/gps_interface/build --no-deps install_data --install-dir /home/ubuntu/crawler_ws/install/gps_interface
[9.477s] DEBUG:colcon.colcon_core.event_handler.log_command:Invoking command in '/home/ubuntu/crawler_ws/build/imu_interface': PYTHONPATH=/home/ubuntu/crawler_ws/install/imu_interface/lib/python3.8/site-packages:${PYTHONPATH} /usr/bin/python3 setup.py develop --prefix /home/ubuntu/crawler_ws/install/imu_interface --editable --build-directory /home/ubuntu/crawler_ws/build/imu_interface/build --no-deps install_data --install-dir /home/ubuntu/crawler_ws/install/imu_interface
[14.159s] Level 1:colcon.colcon_core.shell:create_environment_hook('encoder_interface', 'pythonpath_develop')
[14.168s] INFO:colcon.colcon_core.shell:Creating environment hook '/home/ubuntu/crawler_ws/build/encoder_interface/share/encoder_interface/hook/pythonpath_develop.ps1'
[14.172s] DEBUG:colcon.colcon_core.event_handler.log_command:Invoked command in '/home/ubuntu/crawler_ws/build/encoder_interface' returned '0': PYTHONPATH=/home/ubuntu/crawler_ws/install/encoder_interface/lib/python3.8/site-packages:${PYTHONPATH} /usr/bin/python3 setup.py develop --prefix /home/ubuntu/crawler_ws/install/encoder_interface --editable --build-directory /home/ubuntu/crawler_ws/build/encoder_interface/build --no-deps install_data --install-dir /home/ubuntu/crawler_ws/install/encoder_interface
[14.177s] INFO:colcon.colcon_core.shell:Creating environment descriptor '/home/ubuntu/crawler_ws/build/encoder_interface/share/encoder_interface/hook/pythonpath_develop.dsv'
[14.183s] INFO:colcon.colcon_core.shell:Creating environment hook '/home/ubuntu/crawler_ws/build/encoder_interface/share/encoder_interface/hook/pythonpath_develop.sh'
[14.227s] Level 1:colcon.colcon_core.environment:checking '/home/ubuntu/crawler_ws/install/encoder_interface' for CMake module files
[14.232s] Level 1:colcon.colcon_core.environment:checking '/home/ubuntu/crawler_ws/install/encoder_interface' for CMake config files
[14.239s] Level 1:colcon.colcon_core.environment:checking '/home/ubuntu/crawler_ws/install/encoder_interface/lib'
[14.241s] Level 1:colcon.colcon_core.environment:checking '/home/ubuntu/crawler_ws/install/encoder_interface/bin'
[14.241s] Level 1:colcon.colcon_core.environment:checking '/home/ubuntu/crawler_ws/install/encoder_interface/lib/pkgconfig/encoder_interface.pc'
[14.242s] Level 1:colcon.colcon_core.environment:checking '/home/ubuntu/crawler_ws/install/encoder_interface/lib/python3.8/site-packages'
[14.243s] Level 1:colcon.colcon_core.shell:create_environment_hook('encoder_interface', 'pythonpath')
[14.248s] INFO:colcon.colcon_core.shell:Creating environment hook '/home/ubuntu/crawler_ws/install/encoder_interface/share/encoder_interface/hook/pythonpath.ps1'
[14.254s] INFO:colcon.colcon_core.shell:Creating environment descriptor '/home/ubuntu/crawler_ws/install/encoder_interface/share/encoder_interface/hook/pythonpath.dsv'
[14.258s] INFO:colcon.colcon_core.shell:Creating environment hook '/home/ubuntu/crawler_ws/install/encoder_interface/share/encoder_interface/hook/pythonpath.sh'
[14.262s] Level 1:colcon.colcon_core.environment:create_environment_scripts_only(encoder_interface)
[14.269s] INFO:colcon.colcon_core.shell:Creating package script '/home/ubuntu/crawler_ws/install/encoder_interface/share/encoder_interface/package.ps1'
[14.278s] INFO:colcon.colcon_core.shell:Creating package descriptor '/home/ubuntu/crawler_ws/install/encoder_interface/share/encoder_interface/package.dsv'
[14.285s] INFO:colcon.colcon_core.shell:Creating package script '/home/ubuntu/crawler_ws/install/encoder_interface/share/encoder_interface/package.sh'
[14.293s] INFO:colcon.colcon_core.shell:Creating package script '/home/ubuntu/crawler_ws/install/encoder_interface/share/encoder_interface/package.bash'
[14.300s] INFO:colcon.colcon_core.shell:Creating package script '/home/ubuntu/crawler_ws/install/encoder_interface/share/encoder_interface/package.zsh'
[14.307s] Level 1:colcon.colcon_core.environment:create_file_with_runtime_dependencies(/home/ubuntu/crawler_ws/install/encoder_interface/share/colcon-core/packages/encoder_interface)
[14.316s] Level 1:colcon.colcon_core.shell:create_environment_hook('gps_interface', 'pythonpath_develop')
[14.322s] INFO:colcon.colcon_core.shell:Creating environment hook '/home/ubuntu/crawler_ws/build/gps_interface/share/gps_interface/hook/pythonpath_develop.ps1'
[14.327s] DEBUG:colcon.colcon_core.event_handler.log_command:Invoked command in '/home/ubuntu/crawler_ws/build/gps_interface' returned '0': PYTHONPATH=/home/ubuntu/crawler_ws/install/gps_interface/lib/python3.8/site-packages:${PYTHONPATH} /usr/bin/python3 setup.py develop --prefix /home/ubuntu/crawler_ws/install/gps_interface --editable --build-directory /home/ubuntu/crawler_ws/build/gps_interface/build --no-deps install_data --install-dir /home/ubuntu/crawler_ws/install/gps_interface
[14.329s] INFO:colcon.colcon_core.shell:Creating environment descriptor '/home/ubuntu/crawler_ws/build/gps_interface/share/gps_interface/hook/pythonpath_develop.dsv'
[14.333s] INFO:colcon.colcon_core.shell:Creating environment hook '/home/ubuntu/crawler_ws/build/gps_interface/share/gps_interface/hook/pythonpath_develop.sh'
[14.343s] Level 1:colcon.colcon_core.environment:checking '/home/ubuntu/crawler_ws/install/gps_interface' for CMake module files
[14.348s] Level 1:colcon.colcon_core.environment:checking '/home/ubuntu/crawler_ws/install/gps_interface' for CMake config files
[14.354s] Level 1:colcon.colcon_core.environment:checking '/home/ubuntu/crawler_ws/install/gps_interface/lib'
[14.355s] Level 1:colcon.colcon_core.environment:checking '/home/ubuntu/crawler_ws/install/gps_interface/bin'
[14.355s] Level 1:colcon.colcon_core.environment:checking '/home/ubuntu/crawler_ws/install/gps_interface/lib/pkgconfig/gps_interface.pc'
[14.356s] Level 1:colcon.colcon_core.environment:checking '/home/ubuntu/crawler_ws/install/gps_interface/lib/python3.8/site-packages'
[14.356s] Level 1:colcon.colcon_core.shell:create_environment_hook('gps_interface', 'pythonpath')
[14.361s] INFO:colcon.colcon_core.shell:Creating environment hook '/home/ubuntu/crawler_ws/install/gps_interface/share/gps_interface/hook/pythonpath.ps1'
[14.364s] INFO:colcon.colcon_core.shell:Creating environment descriptor '/home/ubuntu/crawler_ws/install/gps_interface/share/gps_interface/hook/pythonpath.dsv'
[14.367s] INFO:colcon.colcon_core.shell:Creating environment hook '/home/ubuntu/crawler_ws/install/gps_interface/share/gps_interface/hook/pythonpath.sh'
[14.371s] Level 1:colcon.colcon_core.environment:create_environment_scripts_only(gps_interface)
[14.377s] INFO:colcon.colcon_core.shell:Creating package script '/home/ubuntu/crawler_ws/install/gps_interface/share/gps_interface/package.ps1'
[14.381s] INFO:colcon.colcon_core.shell:Creating package descriptor '/home/ubuntu/crawler_ws/install/gps_interface/share/gps_interface/package.dsv'
[14.386s] INFO:colcon.colcon_core.shell:Creating package script '/home/ubuntu/crawler_ws/install/gps_interface/share/gps_interface/package.sh'
[14.390s] INFO:colcon.colcon_core.shell:Creating package script '/home/ubuntu/crawler_ws/install/gps_interface/share/gps_interface/package.bash'
[14.394s] INFO:colcon.colcon_core.shell:Creating package script '/home/ubuntu/crawler_ws/install/gps_interface/share/gps_interface/package.zsh'
[14.397s] Level 1:colcon.colcon_core.environment:create_file_with_runtime_dependencies(/home/ubuntu/crawler_ws/install/gps_interface/share/colcon-core/packages/gps_interface)
[14.399s] Level 1:colcon.colcon_core.shell:create_environment_hook('imu_interface', 'pythonpath_develop')
[14.403s] INFO:colcon.colcon_core.shell:Creating environment hook '/home/ubuntu/crawler_ws/build/imu_interface/share/imu_interface/hook/pythonpath_develop.ps1'
[14.408s] INFO:colcon.colcon_core.shell:Creating environment descriptor '/home/ubuntu/crawler_ws/build/imu_interface/share/imu_interface/hook/pythonpath_develop.dsv'
[14.412s] DEBUG:colcon.colcon_core.event_handler.log_command:Invoked command in '/home/ubuntu/crawler_ws/build/imu_interface' returned '0': PYTHONPATH=/home/ubuntu/crawler_ws/install/imu_interface/lib/python3.8/site-packages:${PYTHONPATH} /usr/bin/python3 setup.py develop --prefix /home/ubuntu/crawler_ws/install/imu_interface --editable --build-directory /home/ubuntu/crawler_ws/build/imu_interface/build --no-deps install_data --install-dir /home/ubuntu/crawler_ws/install/imu_interface
[14.415s] INFO:colcon.colcon_core.shell:Creating environment hook '/home/ubuntu/crawler_ws/build/imu_interface/share/imu_interface/hook/pythonpath_develop.sh'
[14.425s] Level 1:colcon.colcon_core.environment:checking '/home/ubuntu/crawler_ws/install/imu_interface' for CMake module files
[14.431s] Level 1:colcon.colcon_core.environment:checking '/home/ubuntu/crawler_ws/install/imu_interface' for CMake config files
[14.436s] Level 1:colcon.colcon_core.environment:checking '/home/ubuntu/crawler_ws/install/imu_interface/lib'
[14.436s] Level 1:colcon.colcon_core.environment:checking '/home/ubuntu/crawler_ws/install/imu_interface/bin'
[14.437s] Level 1:colcon.colcon_core.environment:checking '/home/ubuntu/crawler_ws/install/imu_interface/lib/pkgconfig/imu_interface.pc'
[14.437s] Level 1:colcon.colcon_core.environment:checking '/home/ubuntu/crawler_ws/install/imu_interface/lib/python3.8/site-packages'
[14.438s] Level 1:colcon.colcon_core.shell:create_environment_hook('imu_interface', 'pythonpath')
[14.442s] INFO:colcon.colcon_core.shell:Creating environment hook '/home/ubuntu/crawler_ws/install/imu_interface/share/imu_interface/hook/pythonpath.ps1'
[14.445s] INFO:colcon.colcon_core.shell:Creating environment descriptor '/home/ubuntu/crawler_ws/install/imu_interface/share/imu_interface/hook/pythonpath.dsv'
[14.449s] INFO:colcon.colcon_core.shell:Creating environment hook '/home/ubuntu/crawler_ws/install/imu_interface/share/imu_interface/hook/pythonpath.sh'
[14.453s] Level 1:colcon.colcon_core.environment:create_environment_scripts_only(imu_interface)
[14.459s] INFO:colcon.colcon_core.shell:Creating package script '/home/ubuntu/crawler_ws/install/imu_interface/share/imu_interface/package.ps1'
[14.463s] INFO:colcon.colcon_core.shell:Creating package descriptor '/home/ubuntu/crawler_ws/install/imu_interface/share/imu_interface/package.dsv'
[14.468s] INFO:colcon.colcon_core.shell:Creating package script '/home/ubuntu/crawler_ws/install/imu_interface/share/imu_interface/package.sh'
[14.472s] INFO:colcon.colcon_core.shell:Creating package script '/home/ubuntu/crawler_ws/install/imu_interface/share/imu_interface/package.bash'
[14.476s] INFO:colcon.colcon_core.shell:Creating package script '/home/ubuntu/crawler_ws/install/imu_interface/share/imu_interface/package.zsh'
[14.479s] Level 1:colcon.colcon_core.environment:create_file_with_runtime_dependencies(/home/ubuntu/crawler_ws/install/imu_interface/share/colcon-core/packages/imu_interface)
[14.482s] INFO:colcon.colcon_ros.task.ament_python.build:Building ROS package in '/home/ubuntu/crawler_ws/src/arduino_interface' with build type 'ament_python'
[14.483s] Level 1:colcon.colcon_core.shell:create_environment_hook('arduino_interface', 'ament_prefix_path')
[14.488s] INFO:colcon.colcon_core.shell:Creating environment hook '/home/ubuntu/crawler_ws/install/arduino_interface/share/arduino_interface/hook/ament_prefix_path.ps1'
[14.493s] INFO:colcon.colcon_core.shell:Creating environment descriptor '/home/ubuntu/crawler_ws/install/arduino_interface/share/arduino_interface/hook/ament_prefix_path.dsv'
[14.497s] INFO:colcon.colcon_core.shell:Creating environment hook '/home/ubuntu/crawler_ws/install/arduino_interface/share/arduino_interface/hook/ament_prefix_path.sh'
[14.505s] INFO:colcon.colcon_core.shell:Skip shell extension 'powershell' for command environment: Not usable outside of PowerShell
[14.506s] DEBUG:colcon.colcon_core.shell:Skip shell extension 'dsv' for command environment
[14.524s] DEBUG:colcon.colcon_core.shell:Ignoring prefix path '/opt/ros/foxy'
[16.529s] INFO:colcon.colcon_core.task.python.build:Building Python package in '/home/ubuntu/crawler_ws/src/arduino_interface'
[16.535s] INFO:colcon.colcon_core.shell:Skip shell extension 'powershell' for command environment: Not usable outside of PowerShell
[16.536s] DEBUG:colcon.colcon_core.shell:Skip shell extension 'dsv' for command environment
[16.555s] DEBUG:colcon.colcon_core.shell:Ignoring prefix path '/opt/ros/foxy'
[16.629s] DEBUG:colcon.colcon_core.event_handler.log_command:Invoking command in '/home/ubuntu/crawler_ws/build/arduino_interface': PYTHONPATH=/home/ubuntu/crawler_ws/install/arduino_interface/lib/python3.8/site-packages:${PYTHONPATH} /usr/bin/python3 setup.py develop --prefix /home/ubuntu/crawler_ws/install/arduino_interface --editable --build-directory /home/ubuntu/crawler_ws/build/arduino_interface/build --no-deps install_data --install-dir /home/ubuntu/crawler_ws/install/arduino_interface
[20.344s] Level 1:colcon.colcon_core.shell:create_environment_hook('arduino_interface', 'pythonpath_develop')
[20.349s] INFO:colcon.colcon_core.shell:Creating environment hook '/home/ubuntu/crawler_ws/build/arduino_interface/share/arduino_interface/hook/pythonpath_develop.ps1'
[20.353s] DEBUG:colcon.colcon_core.event_handler.log_command:Invoked command in '/home/ubuntu/crawler_ws/build/arduino_interface' returned '0': PYTHONPATH=/home/ubuntu/crawler_ws/install/arduino_interface/lib/python3.8/site-packages:${PYTHONPATH} /usr/bin/python3 setup.py develop --prefix /home/ubuntu/crawler_ws/install/arduino_interface --editable --build-directory /home/ubuntu/crawler_ws/build/arduino_interface/build --no-deps install_data --install-dir /home/ubuntu/crawler_ws/install/arduino_interface
[20.356s] INFO:colcon.colcon_core.shell:Creating environment descriptor '/home/ubuntu/crawler_ws/build/arduino_interface/share/arduino_interface/hook/pythonpath_develop.dsv'
[20.360s] INFO:colcon.colcon_core.shell:Creating environment hook '/home/ubuntu/crawler_ws/build/arduino_interface/share/arduino_interface/hook/pythonpath_develop.sh'
[20.370s] Level 1:colcon.colcon_core.environment:checking '/home/ubuntu/crawler_ws/install/arduino_interface' for CMake module files
[20.375s] Level 1:colcon.colcon_core.environment:checking '/home/ubuntu/crawler_ws/install/arduino_interface' for CMake config files
[20.380s] Level 1:colcon.colcon_core.environment:checking '/home/ubuntu/crawler_ws/install/arduino_interface/lib'
[20.381s] Level 1:colcon.colcon_core.environment:checking '/home/ubuntu/crawler_ws/install/arduino_interface/bin'
[20.382s] Level 1:colcon.colcon_core.environment:checking '/home/ubuntu/crawler_ws/install/arduino_interface/lib/pkgconfig/arduino_interface.pc'
[20.383s] Level 1:colcon.colcon_core.environment:checking '/home/ubuntu/crawler_ws/install/arduino_interface/lib/python3.8/site-packages'
[20.383s] Level 1:colcon.colcon_core.shell:create_environment_hook('arduino_interface', 'pythonpath')
[20.387s] INFO:colcon.colcon_core.shell:Creating environment hook '/home/ubuntu/crawler_ws/install/arduino_interface/share/arduino_interface/hook/pythonpath.ps1'
[20.391s] INFO:colcon.colcon_core.shell:Creating environment descriptor '/home/ubuntu/crawler_ws/install/arduino_interface/share/arduino_interface/hook/pythonpath.dsv'
[20.394s] INFO:colcon.colcon_core.shell:Creating environment hook '/home/ubuntu/crawler_ws/install/arduino_interface/share/arduino_interface/hook/pythonpath.sh'
[20.397s] Level 1:colcon.colcon_core.environment:create_environment_scripts_only(arduino_interface)
[20.403s] INFO:colcon.colcon_core.shell:Creating package script '/home/ubuntu/crawler_ws/install/arduino_interface/share/arduino_interface/package.ps1'
[20.408s] INFO:colcon.colcon_core.shell:Creating package descriptor '/home/ubuntu/crawler_ws/install/arduino_interface/share/arduino_interface/package.dsv'
[20.412s] INFO:colcon.colcon_core.shell:Creating package script '/home/ubuntu/crawler_ws/install/arduino_interface/share/arduino_interface/package.sh'
[20.417s] INFO:colcon.colcon_core.shell:Creating package script '/home/ubuntu/crawler_ws/install/arduino_interface/share/arduino_interface/package.bash'
[20.421s] INFO:colcon.colcon_core.shell:Creating package script '/home/ubuntu/crawler_ws/install/arduino_interface/share/arduino_interface/package.zsh'
[20.424s] Level 1:colcon.colcon_core.environment:create_file_with_runtime_dependencies(/home/ubuntu/crawler_ws/install/arduino_interface/share/colcon-core/packages/arduino_interface)
[20.427s] DEBUG:colcon.colcon_parallel_executor.executor.parallel:closing loop
[20.429s] DEBUG:colcon.colcon_parallel_executor.executor.parallel:loop closed
[20.429s] DEBUG:colcon.colcon_parallel_executor.executor.parallel:run_until_complete finished with '0'
[20.431s] DEBUG:colcon.colcon_core.event_reactor:joining thread
[20.478s] INFO:colcon.colcon_core.plugin_system:Skipping extension 'colcon_notification.desktop_notification.notify_send': Could not find 'notify-send'
[20.479s] INFO:colcon.colcon_core.plugin_system:Skipping extension 'colcon_notification.desktop_notification.terminal_notifier': Not used on non-Darwin systems
[20.480s] INFO:colcon.colcon_core.plugin_system:Skipping extension 'colcon_notification.desktop_notification.win32': Not used on non-Windows systems
[20.480s] INFO:colcon.colcon_notification.desktop_notification:Sending desktop notification using 'notify2'
[20.485s] DEBUG:colcon.colcon_notification.desktop_notification.notify2:Failed to initialize notify2: org.freedesktop.DBus.Error.ServiceUnknown: The name org.freedesktop.Notifications was not provided by any .service files
[20.486s] DEBUG:colcon.colcon_core.event_reactor:joined thread
[20.490s] INFO:colcon.colcon_core.shell:Creating prefix script '/home/ubuntu/crawler_ws/install/local_setup.ps1'
[20.498s] INFO:colcon.colcon_core.shell:Creating prefix util module '/home/ubuntu/crawler_ws/install/_local_setup_util_ps1.py'
[20.510s] INFO:colcon.colcon_core.shell:Creating prefix chain script '/home/ubuntu/crawler_ws/install/setup.ps1'
[20.530s] INFO:colcon.colcon_core.shell:Creating prefix script '/home/ubuntu/crawler_ws/install/local_setup.sh'
[20.535s] INFO:colcon.colcon_core.shell:Creating prefix util module '/home/ubuntu/crawler_ws/install/_local_setup_util_sh.py'
[20.539s] INFO:colcon.colcon_core.shell:Creating prefix chain script '/home/ubuntu/crawler_ws/install/setup.sh'
[20.558s] INFO:colcon.colcon_core.shell:Creating prefix script '/home/ubuntu/crawler_ws/install/local_setup.bash'
[20.563s] INFO:colcon.colcon_core.shell:Creating prefix chain script '/home/ubuntu/crawler_ws/install/setup.bash'
[20.582s] INFO:colcon.colcon_core.shell:Creating prefix script '/home/ubuntu/crawler_ws/install/local_setup.zsh'
[20.587s] INFO:colcon.colcon_core.shell:Creating prefix chain script '/home/ubuntu/crawler_ws/install/setup.zsh'
