[2.635s] DEBUG:colcon:Command line arguments: ['/usr/bin/colcon', 'build']
[2.636s] DEBUG:colcon:Parsed command line arguments: Namespace(ament_cmake_args=None, base_paths=['.'], build_base='build', catkin_cmake_args=None, catkin_skip_building_tests=False, cmake_args=None, cmake_clean_cache=False, cmake_clean_first=False, cmake_force_configure=False, cmake_target=None, cmake_target_skip_unavailable=False, continue_on_error=False, event_handlers=None, executor='parallel', ignore_user_meta=False, install_base='install', log_base=None, log_level=None, main=<bound method BuildVerb.main of <colcon_core.verb.build.BuildVerb object at 0xffff96375520>>, merge_install=False, metas=['./colcon.meta'], packages_above=None, packages_above_and_dependencies=None, packages_above_depth=None, packages_end=None, packages_ignore=None, packages_ignore_regex=None, packages_select=None, packages_select_build_failed=False, packages_select_by_dep=None, packages_select_regex=None, packages_select_test_failures=False, packages_skip=None, packages_skip_build_finished=False, packages_skip_by_dep=None, packages_skip_regex=None, packages_skip_test_passed=False, packages_skip_up_to=None, packages_start=None, packages_up_to=None, packages_up_to_regex=None, parallel_workers=4, paths=None, symlink_install=False, test_result_base=None, verb_extension=<colcon_core.verb.build.BuildVerb object at 0xffff96375520>, verb_name='build', verb_parser=<colcon_defaults.argument_parser.defaults.DefaultArgumentsDecorator object at 0xffff96375a60>)
[2.683s] Level 1:colcon.colcon_core.package_discovery:discover_packages(colcon_meta) check parameters
[2.684s] Level 1:colcon.colcon_core.package_discovery:discover_packages(recursive) check parameters
[2.684s] Level 1:colcon.colcon_core.package_discovery:discover_packages(ignore) check parameters
[2.685s] Level 1:colcon.colcon_core.package_discovery:discover_packages(path) check parameters
[2.685s] Level 1:colcon.colcon_core.package_discovery:discover_packages(colcon_meta) discover
[2.685s] Level 1:colcon.colcon_core.package_discovery:discover_packages(recursive) discover
[2.686s] INFO:colcon.colcon_core.package_discovery:Crawling recursively for packages in '/home/ubuntu/crawler_ws'
[2.687s] Level 1:colcon.colcon_core.package_identification:_identify(.) by extensions ['ignore', 'ignore_ament_install']
[2.687s] Level 1:colcon.colcon_core.package_identification:_identify(.) by extension 'ignore'
[2.688s] Level 1:colcon.colcon_core.package_identification:_identify(.) by extension 'ignore_ament_install'
[2.688s] Level 1:colcon.colcon_core.package_identification:_identify(.) by extensions ['colcon_pkg']
[2.689s] Level 1:colcon.colcon_core.package_identification:_identify(.) by extension 'colcon_pkg'
[2.689s] Level 1:colcon.colcon_core.package_identification:_identify(.) by extensions ['colcon_meta']
[2.689s] Level 1:colcon.colcon_core.package_identification:_identify(.) by extension 'colcon_meta'
[2.690s] Level 1:colcon.colcon_core.package_identification:_identify(.) by extensions ['ros']
[2.690s] Level 1:colcon.colcon_core.package_identification:_identify(.) by extension 'ros'
[2.790s] Level 1:colcon.colcon_core.package_identification:_identify(.) by extensions ['cmake', 'python']
[2.790s] Level 1:colcon.colcon_core.package_identification:_identify(.) by extension 'cmake'
[2.791s] Level 1:colcon.colcon_core.package_identification:_identify(.) by extension 'python'
[2.791s] Level 1:colcon.colcon_core.package_identification:_identify(.) by extensions ['python_setup_py']
[2.791s] Level 1:colcon.colcon_core.package_identification:_identify(.) by extension 'python_setup_py'
[2.792s] Level 1:colcon.colcon_core.package_identification:_identify(build) by extensions ['ignore', 'ignore_ament_install']
[2.793s] Level 1:colcon.colcon_core.package_identification:_identify(build) by extension 'ignore'
[2.793s] Level 1:colcon.colcon_core.package_identification:_identify(build) ignored
[2.795s] Level 1:colcon.colcon_core.package_identification:_identify(install) by extensions ['ignore', 'ignore_ament_install']
[2.796s] Level 1:colcon.colcon_core.package_identification:_identify(install) by extension 'ignore'
[2.796s] Level 1:colcon.colcon_core.package_identification:_identify(install) ignored
[2.797s] Level 1:colcon.colcon_core.package_identification:_identify(log) by extensions ['ignore', 'ignore_ament_install']
[2.798s] Level 1:colcon.colcon_core.package_identification:_identify(log) by extension 'ignore'
[2.798s] Level 1:colcon.colcon_core.package_identification:_identify(log) ignored
[2.799s] Level 1:colcon.colcon_core.package_identification:_identify(src) by extensions ['ignore', 'ignore_ament_install']
[2.800s] Level 1:colcon.colcon_core.package_identification:_identify(src) by extension 'ignore'
[2.801s] Level 1:colcon.colcon_core.package_identification:_identify(src) by extension 'ignore_ament_install'
[2.801s] Level 1:colcon.colcon_core.package_identification:_identify(src) by extensions ['colcon_pkg']
[2.801s] Level 1:colcon.colcon_core.package_identification:_identify(src) by extension 'colcon_pkg'
[2.802s] Level 1:colcon.colcon_core.package_identification:_identify(src) by extensions ['colcon_meta']
[2.802s] Level 1:colcon.colcon_core.package_identification:_identify(src) by extension 'colcon_meta'
[2.803s] Level 1:colcon.colcon_core.package_identification:_identify(src) by extensions ['ros']
[2.803s] Level 1:colcon.colcon_core.package_identification:_identify(src) by extension 'ros'
[2.804s] Level 1:colcon.colcon_core.package_identification:_identify(src) by extensions ['cmake', 'python']
[2.804s] Level 1:colcon.colcon_core.package_identification:_identify(src) by extension 'cmake'
[2.804s] Level 1:colcon.colcon_core.package_identification:_identify(src) by extension 'python'
[2.805s] Level 1:colcon.colcon_core.package_identification:_identify(src) by extensions ['python_setup_py']
[2.805s] Level 1:colcon.colcon_core.package_identification:_identify(src) by extension 'python_setup_py'
[2.806s] Level 1:colcon.colcon_core.package_identification:_identify(src/arduino_interface) by extensions ['ignore', 'ignore_ament_install']
[2.807s] Level 1:colcon.colcon_core.package_identification:_identify(src/arduino_interface) by extension 'ignore'
[2.807s] Level 1:colcon.colcon_core.package_identification:_identify(src/arduino_interface) by extension 'ignore_ament_install'
[2.808s] Level 1:colcon.colcon_core.package_identification:_identify(src/arduino_interface) by extensions ['colcon_pkg']
[2.808s] Level 1:colcon.colcon_core.package_identification:_identify(src/arduino_interface) by extension 'colcon_pkg'
[2.809s] Level 1:colcon.colcon_core.package_identification:_identify(src/arduino_interface) by extensions ['colcon_meta']
[2.809s] Level 1:colcon.colcon_core.package_identification:_identify(src/arduino_interface) by extension 'colcon_meta'
[2.809s] Level 1:colcon.colcon_core.package_identification:_identify(src/arduino_interface) by extensions ['ros']
[2.810s] Level 1:colcon.colcon_core.package_identification:_identify(src/arduino_interface) by extension 'ros'
[2.827s] DEBUG:colcon.colcon_core.package_identification:Package 'src/arduino_interface' with type 'ros.ament_python' and name 'arduino_interface'
[2.828s] Level 1:colcon.colcon_core.package_identification:_identify(src/encoder_interface) by extensions ['ignore', 'ignore_ament_install']
[2.829s] Level 1:colcon.colcon_core.package_identification:_identify(src/encoder_interface) by extension 'ignore'
[2.829s] Level 1:colcon.colcon_core.package_identification:_identify(src/encoder_interface) by extension 'ignore_ament_install'
[2.830s] Level 1:colcon.colcon_core.package_identification:_identify(src/encoder_interface) by extensions ['colcon_pkg']
[2.830s] Level 1:colcon.colcon_core.package_identification:_identify(src/encoder_interface) by extension 'colcon_pkg'
[2.831s] Level 1:colcon.colcon_core.package_identification:_identify(src/encoder_interface) by extensions ['colcon_meta']
[2.831s] Level 1:colcon.colcon_core.package_identification:_identify(src/encoder_interface) by extension 'colcon_meta'
[2.831s] Level 1:colcon.colcon_core.package_identification:_identify(src/encoder_interface) by extensions ['ros']
[2.832s] Level 1:colcon.colcon_core.package_identification:_identify(src/encoder_interface) by extension 'ros'
[2.837s] DEBUG:colcon.colcon_core.package_identification:Package 'src/encoder_interface' with type 'ros.ament_python' and name 'encoder_interface'
[2.838s] Level 1:colcon.colcon_core.package_identification:_identify(src/gps_interface) by extensions ['ignore', 'ignore_ament_install']
[2.839s] Level 1:colcon.colcon_core.package_identification:_identify(src/gps_interface) by extension 'ignore'
[2.840s] Level 1:colcon.colcon_core.package_identification:_identify(src/gps_interface) by extension 'ignore_ament_install'
[2.840s] Level 1:colcon.colcon_core.package_identification:_identify(src/gps_interface) by extensions ['colcon_pkg']
[2.840s] Level 1:colcon.colcon_core.package_identification:_identify(src/gps_interface) by extension 'colcon_pkg'
[2.841s] Level 1:colcon.colcon_core.package_identification:_identify(src/gps_interface) by extensions ['colcon_meta']
[2.841s] Level 1:colcon.colcon_core.package_identification:_identify(src/gps_interface) by extension 'colcon_meta'
[2.842s] Level 1:colcon.colcon_core.package_identification:_identify(src/gps_interface) by extensions ['ros']
[2.842s] Level 1:colcon.colcon_core.package_identification:_identify(src/gps_interface) by extension 'ros'
[2.847s] DEBUG:colcon.colcon_core.package_identification:Package 'src/gps_interface' with type 'ros.ament_python' and name 'gps_interface'
[2.848s] Level 1:colcon.colcon_core.package_identification:_identify(src/imu_interface) by extensions ['ignore', 'ignore_ament_install']
[2.849s] Level 1:colcon.colcon_core.package_identification:_identify(src/imu_interface) by extension 'ignore'
[2.850s] Level 1:colcon.colcon_core.package_identification:_identify(src/imu_interface) by extension 'ignore_ament_install'
[2.850s] Level 1:colcon.colcon_core.package_identification:_identify(src/imu_interface) by extensions ['colcon_pkg']
[2.851s] Level 1:colcon.colcon_core.package_identification:_identify(src/imu_interface) by extension 'colcon_pkg'
[2.851s] Level 1:colcon.colcon_core.package_identification:_identify(src/imu_interface) by extensions ['colcon_meta']
[2.851s] Level 1:colcon.colcon_core.package_identification:_identify(src/imu_interface) by extension 'colcon_meta'
[2.852s] Level 1:colcon.colcon_core.package_identification:_identify(src/imu_interface) by extensions ['ros']
[2.852s] Level 1:colcon.colcon_core.package_identification:_identify(src/imu_interface) by extension 'ros'
[2.857s] DEBUG:colcon.colcon_core.package_identification:Package 'src/imu_interface' with type 'ros.ament_python' and name 'imu_interface'
[2.858s] Level 1:colcon.colcon_core.package_discovery:discover_packages(recursive) using defaults
[2.858s] Level 1:colcon.colcon_core.package_discovery:discover_packages(ignore) discover
[2.859s] Level 1:colcon.colcon_core.package_discovery:discover_packages(ignore) using defaults
[2.859s] Level 1:colcon.colcon_core.package_discovery:discover_packages(path) discover
[2.859s] Level 1:colcon.colcon_core.package_discovery:discover_packages(path) using defaults
[3.021s] Level 5:colcon.colcon_core.verb:set package 'arduino_interface' build argument 'cmake_args' from command line to 'None'
[3.022s] Level 5:colcon.colcon_core.verb:set package 'arduino_interface' build argument 'cmake_target' from command line to 'None'
[3.022s] Level 5:colcon.colcon_core.verb:set package 'arduino_interface' build argument 'cmake_target_skip_unavailable' from command line to 'False'
[3.022s] Level 5:colcon.colcon_core.verb:set package 'arduino_interface' build argument 'cmake_clean_cache' from command line to 'False'
[3.023s] Level 5:colcon.colcon_core.verb:set package 'arduino_interface' build argument 'cmake_clean_first' from command line to 'False'
[3.023s] Level 5:colcon.colcon_core.verb:set package 'arduino_interface' build argument 'cmake_force_configure' from command line to 'False'
[3.023s] Level 5:colcon.colcon_core.verb:set package 'arduino_interface' build argument 'ament_cmake_args' from command line to 'None'
[3.023s] Level 5:colcon.colcon_core.verb:set package 'arduino_interface' build argument 'catkin_cmake_args' from command line to 'None'
[3.024s] Level 5:colcon.colcon_core.verb:set package 'arduino_interface' build argument 'catkin_skip_building_tests' from command line to 'False'
[3.024s] DEBUG:colcon.colcon_core.verb:Building package 'arduino_interface' with the following arguments: {'ament_cmake_args': None, 'build_base': '/home/ubuntu/crawler_ws/build/arduino_interface', 'catkin_cmake_args': None, 'catkin_skip_building_tests': False, 'cmake_args': None, 'cmake_clean_cache': False, 'cmake_clean_first': False, 'cmake_force_configure': False, 'cmake_target': None, 'cmake_target_skip_unavailable': False, 'install_base': '/home/ubuntu/crawler_ws/install/arduino_interface', 'merge_install': False, 'path': '/home/ubuntu/crawler_ws/src/arduino_interface', 'symlink_install': False, 'test_result_base': None}
[3.047s] Level 5:colcon.colcon_core.verb:set package 'encoder_interface' build argument 'cmake_args' from command line to 'None'
[3.048s] Level 5:colcon.colcon_core.verb:set package 'encoder_interface' build argument 'cmake_target' from command line to 'None'
[3.048s] Level 5:colcon.colcon_core.verb:set package 'encoder_interface' build argument 'cmake_target_skip_unavailable' from command line to 'False'
[3.048s] Level 5:colcon.colcon_core.verb:set package 'encoder_interface' build argument 'cmake_clean_cache' from command line to 'False'
[3.049s] Level 5:colcon.colcon_core.verb:set package 'encoder_interface' build argument 'cmake_clean_first' from command line to 'False'
[3.049s] Level 5:colcon.colcon_core.verb:set package 'encoder_interface' build argument 'cmake_force_configure' from command line to 'False'
[3.049s] Level 5:colcon.colcon_core.verb:set package 'encoder_interface' build argument 'ament_cmake_args' from command line to 'None'
[3.049s] Level 5:colcon.colcon_core.verb:set package 'encoder_interface' build argument 'catkin_cmake_args' from command line to 'None'
[3.050s] Level 5:colcon.colcon_core.verb:set package 'encoder_interface' build argument 'catkin_skip_building_tests' from command line to 'False'
[3.050s] DEBUG:colcon.colcon_core.verb:Building package 'encoder_interface' with the following arguments: {'ament_cmake_args': None, 'build_base': '/home/ubuntu/crawler_ws/build/encoder_interface', 'catkin_cmake_args': None, 'catkin_skip_building_tests': False, 'cmake_args': None, 'cmake_clean_cache': False, 'cmake_clean_first': False, 'cmake_force_configure': False, 'cmake_target': None, 'cmake_target_skip_unavailable': False, 'install_base': '/home/ubuntu/crawler_ws/install/encoder_interface', 'merge_install': False, 'path': '/home/ubuntu/crawler_ws/src/encoder_interface', 'symlink_install': False, 'test_result_base': None}
[3.072s] Level 5:colcon.colcon_core.verb:set package 'gps_interface' build argument 'cmake_args' from command line to 'None'
[3.073s] Level 5:colcon.colcon_core.verb:set package 'gps_interface' build argument 'cmake_target' from command line to 'None'
[3.073s] Level 5:colcon.colcon_core.verb:set package 'gps_interface' build argument 'cmake_target_skip_unavailable' from command line to 'False'
[3.073s] Level 5:colcon.colcon_core.verb:set package 'gps_interface' build argument 'cmake_clean_cache' from command line to 'False'
[3.074s] Level 5:colcon.colcon_core.verb:set package 'gps_interface' build argument 'cmake_clean_first' from command line to 'False'
[3.074s] Level 5:colcon.colcon_core.verb:set package 'gps_interface' build argument 'cmake_force_configure' from command line to 'False'
[3.074s] Level 5:colcon.colcon_core.verb:set package 'gps_interface' build argument 'ament_cmake_args' from command line to 'None'
[3.074s] Level 5:colcon.colcon_core.verb:set package 'gps_interface' build argument 'catkin_cmake_args' from command line to 'None'
[3.075s] Level 5:colcon.colcon_core.verb:set package 'gps_interface' build argument 'catkin_skip_building_tests' from command line to 'False'
[3.075s] DEBUG:colcon.colcon_core.verb:Building package 'gps_interface' with the following arguments: {'ament_cmake_args': None, 'build_base': '/home/ubuntu/crawler_ws/build/gps_interface', 'catkin_cmake_args': None, 'catkin_skip_building_tests': False, 'cmake_args': None, 'cmake_clean_cache': False, 'cmake_clean_first': False, 'cmake_force_configure': False, 'cmake_target': None, 'cmake_target_skip_unavailable': False, 'install_base': '/home/ubuntu/crawler_ws/install/gps_interface', 'merge_install': False, 'path': '/home/ubuntu/crawler_ws/src/gps_interface', 'symlink_install': False, 'test_result_base': None}
[3.098s] Level 5:colcon.colcon_core.verb:set package 'imu_interface' build argument 'cmake_args' from command line to 'None'
[3.098s] Level 5:colcon.colcon_core.verb:set package 'imu_interface' build argument 'cmake_target' from command line to 'None'
[3.099s] Level 5:colcon.colcon_core.verb:set package 'imu_interface' build argument 'cmake_target_skip_unavailable' from command line to 'False'
[3.099s] Level 5:colcon.colcon_core.verb:set package 'imu_interface' build argument 'cmake_clean_cache' from command line to 'False'
[3.099s] Level 5:colcon.colcon_core.verb:set package 'imu_interface' build argument 'cmake_clean_first' from command line to 'False'
[3.099s] Level 5:colcon.colcon_core.verb:set package 'imu_interface' build argument 'cmake_force_configure' from command line to 'False'
[3.099s] Level 5:colcon.colcon_core.verb:set package 'imu_interface' build argument 'ament_cmake_args' from command line to 'None'
[3.100s] Level 5:colcon.colcon_core.verb:set package 'imu_interface' build argument 'catkin_cmake_args' from command line to 'None'
[3.100s] Level 5:colcon.colcon_core.verb:set package 'imu_interface' build argument 'catkin_skip_building_tests' from command line to 'False'
[3.100s] DEBUG:colcon.colcon_core.verb:Building package 'imu_interface' with the following arguments: {'ament_cmake_args': None, 'build_base': '/home/ubuntu/crawler_ws/build/imu_interface', 'catkin_cmake_args': None, 'catkin_skip_building_tests': False, 'cmake_args': None, 'cmake_clean_cache': False, 'cmake_clean_first': False, 'cmake_force_configure': False, 'cmake_target': None, 'cmake_target_skip_unavailable': False, 'install_base': '/home/ubuntu/crawler_ws/install/imu_interface', 'merge_install': False, 'path': '/home/ubuntu/crawler_ws/src/imu_interface', 'symlink_install': False, 'test_result_base': None}
[3.103s] INFO:colcon.colcon_core.executor:Executing jobs using 'parallel' executor
[3.118s] DEBUG:colcon.colcon_parallel_executor.executor.parallel:run_until_complete
[3.120s] INFO:colcon.colcon_ros.task.ament_python.build:Building ROS package in '/home/ubuntu/crawler_ws/src/arduino_interface' with build type 'ament_python'
[3.122s] Level 1:colcon.colcon_core.shell:create_environment_hook('arduino_interface', 'ament_prefix_path')
[3.153s] INFO:colcon.colcon_core.plugin_system:Skipping extension 'colcon_core.shell.bat': Not used on non-Windows systems
[3.155s] INFO:colcon.colcon_core.shell:Creating environment hook '/home/ubuntu/crawler_ws/install/arduino_interface/share/arduino_interface/hook/ament_prefix_path.ps1'
[3.160s] INFO:colcon.colcon_core.shell:Creating environment descriptor '/home/ubuntu/crawler_ws/install/arduino_interface/share/arduino_interface/hook/ament_prefix_path.dsv'
[3.164s] INFO:colcon.colcon_core.shell:Creating environment hook '/home/ubuntu/crawler_ws/install/arduino_interface/share/arduino_interface/hook/ament_prefix_path.sh'
[3.173s] INFO:colcon.colcon_core.shell:Skip shell extension 'powershell' for command environment: Not usable outside of PowerShell
[3.174s] DEBUG:colcon.colcon_core.shell:Skip shell extension 'dsv' for command environment
[3.198s] DEBUG:colcon.colcon_core.shell:Ignoring prefix path '/opt/ros/foxy'
[3.216s] INFO:colcon.colcon_ros.task.ament_python.build:Building ROS package in '/home/ubuntu/crawler_ws/src/encoder_interface' with build type 'ament_python'
[3.218s] Level 1:colcon.colcon_core.shell:create_environment_hook('encoder_interface', 'ament_prefix_path')
[3.225s] INFO:colcon.colcon_core.shell:Creating environment hook '/home/ubuntu/crawler_ws/install/encoder_interface/share/encoder_interface/hook/ament_prefix_path.ps1'
[3.230s] INFO:colcon.colcon_core.shell:Creating environment descriptor '/home/ubuntu/crawler_ws/install/encoder_interface/share/encoder_interface/hook/ament_prefix_path.dsv'
[3.233s] INFO:colcon.colcon_core.shell:Creating environment hook '/home/ubuntu/crawler_ws/install/encoder_interface/share/encoder_interface/hook/ament_prefix_path.sh'
[3.241s] INFO:colcon.colcon_core.shell:Skip shell extension 'powershell' for command environment: Not usable outside of PowerShell
[3.241s] DEBUG:colcon.colcon_core.shell:Skip shell extension 'dsv' for command environment
[3.258s] DEBUG:colcon.colcon_core.shell:Ignoring prefix path '/opt/ros/foxy'
[3.273s] INFO:colcon.colcon_ros.task.ament_python.build:Building ROS package in '/home/ubuntu/crawler_ws/src/gps_interface' with build type 'ament_python'
[3.275s] Level 1:colcon.colcon_core.shell:create_environment_hook('gps_interface', 'ament_prefix_path')
[3.282s] INFO:colcon.colcon_core.shell:Creating environment hook '/home/ubuntu/crawler_ws/install/gps_interface/share/gps_interface/hook/ament_prefix_path.ps1'
[3.286s] INFO:colcon.colcon_core.shell:Creating environment descriptor '/home/ubuntu/crawler_ws/install/gps_interface/share/gps_interface/hook/ament_prefix_path.dsv'
[3.290s] INFO:colcon.colcon_core.shell:Creating environment hook '/home/ubuntu/crawler_ws/install/gps_interface/share/gps_interface/hook/ament_prefix_path.sh'
[3.297s] INFO:colcon.colcon_core.shell:Skip shell extension 'powershell' for command environment: Not usable outside of PowerShell
[3.297s] DEBUG:colcon.colcon_core.shell:Skip shell extension 'dsv' for command environment
[3.315s] DEBUG:colcon.colcon_core.shell:Ignoring prefix path '/opt/ros/foxy'
[3.332s] INFO:colcon.colcon_ros.task.ament_python.build:Building ROS package in '/home/ubuntu/crawler_ws/src/imu_interface' with build type 'ament_python'
[3.333s] Level 1:colcon.colcon_core.shell:create_environment_hook('imu_interface', 'ament_prefix_path')
[3.340s] INFO:colcon.colcon_core.shell:Creating environment hook '/home/ubuntu/crawler_ws/install/imu_interface/share/imu_interface/hook/ament_prefix_path.ps1'
[3.345s] INFO:colcon.colcon_core.shell:Creating environment descriptor '/home/ubuntu/crawler_ws/install/imu_interface/share/imu_interface/hook/ament_prefix_path.dsv'
[3.348s] INFO:colcon.colcon_core.shell:Creating environment hook '/home/ubuntu/crawler_ws/install/imu_interface/share/imu_interface/hook/ament_prefix_path.sh'
[3.356s] INFO:colcon.colcon_core.shell:Skip shell extension 'powershell' for command environment: Not usable outside of PowerShell
[3.357s] DEBUG:colcon.colcon_core.shell:Skip shell extension 'dsv' for command environment
[3.373s] DEBUG:colcon.colcon_core.shell:Ignoring prefix path '/opt/ros/foxy'
[5.364s] INFO:colcon.colcon_core.task.python.build:Building Python package in '/home/ubuntu/crawler_ws/src/arduino_interface'
[5.369s] INFO:colcon.colcon_core.shell:Skip shell extension 'powershell' for command environment: Not usable outside of PowerShell
[5.370s] DEBUG:colcon.colcon_core.shell:Skip shell extension 'dsv' for command environment
[5.387s] DEBUG:colcon.colcon_core.shell:Ignoring prefix path '/opt/ros/foxy'
[7.353s] INFO:colcon.colcon_core.task.python.build:Building Python package in '/home/ubuntu/crawler_ws/src/encoder_interface'
[7.358s] INFO:colcon.colcon_core.shell:Skip shell extension 'powershell' for command environment: Not usable outside of PowerShell
[7.359s] DEBUG:colcon.colcon_core.shell:Skip shell extension 'dsv' for command environment
[7.377s] DEBUG:colcon.colcon_core.shell:Ignoring prefix path '/opt/ros/foxy'
[9.349s] INFO:colcon.colcon_core.task.python.build:Building Python package in '/home/ubuntu/crawler_ws/src/gps_interface'
[9.354s] INFO:colcon.colcon_core.shell:Skip shell extension 'powershell' for command environment: Not usable outside of PowerShell
[9.355s] DEBUG:colcon.colcon_core.shell:Skip shell extension 'dsv' for command environment
[9.372s] DEBUG:colcon.colcon_core.shell:Ignoring prefix path '/opt/ros/foxy'
[11.343s] INFO:colcon.colcon_core.task.python.build:Building Python package in '/home/ubuntu/crawler_ws/src/imu_interface'
[11.348s] INFO:colcon.colcon_core.shell:Skip shell extension 'powershell' for command environment: Not usable outside of PowerShell
[11.349s] DEBUG:colcon.colcon_core.shell:Skip shell extension 'dsv' for command environment
[11.366s] DEBUG:colcon.colcon_core.shell:Ignoring prefix path '/opt/ros/foxy'
[11.405s] DEBUG:colcon.colcon_core.event_handler.log_command:Invoking command in '/home/ubuntu/crawler_ws/build/arduino_interface': PYTHONPATH=/home/ubuntu/crawler_ws/install/arduino_interface/lib/python3.8/site-packages:${PYTHONPATH} /usr/bin/python3 setup.py develop --prefix /home/ubuntu/crawler_ws/install/arduino_interface --uninstall --editable --build-directory /home/ubuntu/crawler_ws/build/arduino_interface/build
[11.458s] DEBUG:colcon.colcon_core.event_handler.log_command:Invoking command in '/home/ubuntu/crawler_ws/build/encoder_interface': PYTHONPATH=/home/ubuntu/crawler_ws/install/encoder_interface/lib/python3.8/site-packages:${PYTHONPATH} /usr/bin/python3 setup.py develop --prefix /home/ubuntu/crawler_ws/install/encoder_interface --uninstall --editable --build-directory /home/ubuntu/crawler_ws/build/encoder_interface/build
[11.488s] DEBUG:colcon.colcon_core.event_handler.log_command:Invoking command in '/home/ubuntu/crawler_ws/build/gps_interface': PYTHONPATH=/home/ubuntu/crawler_ws/install/gps_interface/lib/python3.8/site-packages:${PYTHONPATH} /usr/bin/python3 setup.py develop --prefix /home/ubuntu/crawler_ws/install/gps_interface --uninstall --editable --build-directory /home/ubuntu/crawler_ws/build/gps_interface/build
[11.533s] DEBUG:colcon.colcon_core.event_handler.log_command:Invoking command in '/home/ubuntu/crawler_ws/build/imu_interface': PYTHONPATH=/home/ubuntu/crawler_ws/install/imu_interface/lib/python3.8/site-packages:${PYTHONPATH} /usr/bin/python3 setup.py develop --prefix /home/ubuntu/crawler_ws/install/imu_interface --uninstall --editable --build-directory /home/ubuntu/crawler_ws/build/imu_interface/build
[16.390s] DEBUG:colcon.colcon_core.event_handler.log_command:Invoked command in '/home/ubuntu/crawler_ws/build/arduino_interface' returned '0': PYTHONPATH=/home/ubuntu/crawler_ws/install/arduino_interface/lib/python3.8/site-packages:${PYTHONPATH} /usr/bin/python3 setup.py develop --prefix /home/ubuntu/crawler_ws/install/arduino_interface --uninstall --editable --build-directory /home/ubuntu/crawler_ws/build/arduino_interface/build
[16.395s] DEBUG:colcon.colcon_core.event_handler.log_command:Invoking command in '/home/ubuntu/crawler_ws/src/arduino_interface': PYTHONPATH=/home/ubuntu/crawler_ws/install/arduino_interface/lib/python3.8/site-packages:${PYTHONPATH} /usr/bin/python3 setup.py egg_info --egg-base ../../build/arduino_interface build --build-base /home/ubuntu/crawler_ws/build/arduino_interface/build install --prefix /home/ubuntu/crawler_ws/install/arduino_interface --record /home/ubuntu/crawler_ws/build/arduino_interface/install.log --single-version-externally-managed
[16.437s] DEBUG:colcon.colcon_core.event_handler.log_command:Invoked command in '/home/ubuntu/crawler_ws/build/encoder_interface' returned '0': PYTHONPATH=/home/ubuntu/crawler_ws/install/encoder_interface/lib/python3.8/site-packages:${PYTHONPATH} /usr/bin/python3 setup.py develop --prefix /home/ubuntu/crawler_ws/install/encoder_interface --uninstall --editable --build-directory /home/ubuntu/crawler_ws/build/encoder_interface/build
[16.442s] DEBUG:colcon.colcon_core.event_handler.log_command:Invoking command in '/home/ubuntu/crawler_ws/src/encoder_interface': PYTHONPATH=/home/ubuntu/crawler_ws/install/encoder_interface/lib/python3.8/site-packages:${PYTHONPATH} /usr/bin/python3 setup.py egg_info --egg-base ../../build/encoder_interface build --build-base /home/ubuntu/crawler_ws/build/encoder_interface/build install --prefix /home/ubuntu/crawler_ws/install/encoder_interface --record /home/ubuntu/crawler_ws/build/encoder_interface/install.log --single-version-externally-managed
[16.527s] DEBUG:colcon.colcon_core.event_handler.log_command:Invoked command in '/home/ubuntu/crawler_ws/build/gps_interface' returned '0': PYTHONPATH=/home/ubuntu/crawler_ws/install/gps_interface/lib/python3.8/site-packages:${PYTHONPATH} /usr/bin/python3 setup.py develop --prefix /home/ubuntu/crawler_ws/install/gps_interface --uninstall --editable --build-directory /home/ubuntu/crawler_ws/build/gps_interface/build
[16.551s] DEBUG:colcon.colcon_core.event_handler.log_command:Invoking command in '/home/ubuntu/crawler_ws/src/gps_interface': PYTHONPATH=/home/ubuntu/crawler_ws/install/gps_interface/lib/python3.8/site-packages:${PYTHONPATH} /usr/bin/python3 setup.py egg_info --egg-base ../../build/gps_interface build --build-base /home/ubuntu/crawler_ws/build/gps_interface/build install --prefix /home/ubuntu/crawler_ws/install/gps_interface --record /home/ubuntu/crawler_ws/build/gps_interface/install.log --single-version-externally-managed
[16.749s] DEBUG:colcon.colcon_core.event_handler.log_command:Invoked command in '/home/ubuntu/crawler_ws/build/imu_interface' returned '0': PYTHONPATH=/home/ubuntu/crawler_ws/install/imu_interface/lib/python3.8/site-packages:${PYTHONPATH} /usr/bin/python3 setup.py develop --prefix /home/ubuntu/crawler_ws/install/imu_interface --uninstall --editable --build-directory /home/ubuntu/crawler_ws/build/imu_interface/build
[16.768s] DEBUG:colcon.colcon_core.event_handler.log_command:Invoking command in '/home/ubuntu/crawler_ws/src/imu_interface': PYTHONPATH=/home/ubuntu/crawler_ws/install/imu_interface/lib/python3.8/site-packages:${PYTHONPATH} /usr/bin/python3 setup.py egg_info --egg-base ../../build/imu_interface build --build-base /home/ubuntu/crawler_ws/build/imu_interface/build install --prefix /home/ubuntu/crawler_ws/install/imu_interface --record /home/ubuntu/crawler_ws/build/imu_interface/install.log --single-version-externally-managed
[20.241s] DEBUG:colcon.colcon_core.event_handler.log_command:Invoked command in '/home/ubuntu/crawler_ws/src/arduino_interface' returned '0': PYTHONPATH=/home/ubuntu/crawler_ws/install/arduino_interface/lib/python3.8/site-packages:${PYTHONPATH} /usr/bin/python3 setup.py egg_info --egg-base ../../build/arduino_interface build --build-base /home/ubuntu/crawler_ws/build/arduino_interface/build install --prefix /home/ubuntu/crawler_ws/install/arduino_interface --record /home/ubuntu/crawler_ws/build/arduino_interface/install.log --single-version-externally-managed
[20.308s] Level 1:colcon.colcon_core.environment:checking '/home/ubuntu/crawler_ws/install/arduino_interface' for CMake module files
[20.323s] Level 1:colcon.colcon_core.environment:checking '/home/ubuntu/crawler_ws/install/arduino_interface' for CMake config files
[20.331s] Level 1:colcon.colcon_core.environment:checking '/home/ubuntu/crawler_ws/install/arduino_interface/lib'
[20.334s] Level 1:colcon.colcon_core.environment:checking '/home/ubuntu/crawler_ws/install/arduino_interface/bin'
[20.335s] Level 1:colcon.colcon_core.environment:checking '/home/ubuntu/crawler_ws/install/arduino_interface/lib/pkgconfig/arduino_interface.pc'
[20.336s] Level 1:colcon.colcon_core.environment:checking '/home/ubuntu/crawler_ws/install/arduino_interface/lib/python3.8/site-packages'
[20.337s] Level 1:colcon.colcon_core.shell:create_environment_hook('arduino_interface', 'pythonpath')
[20.344s] INFO:colcon.colcon_core.shell:Creating environment hook '/home/ubuntu/crawler_ws/install/arduino_interface/share/arduino_interface/hook/pythonpath.ps1'
[20.350s] INFO:colcon.colcon_core.shell:Creating environment descriptor '/home/ubuntu/crawler_ws/install/arduino_interface/share/arduino_interface/hook/pythonpath.dsv'
[20.355s] INFO:colcon.colcon_core.shell:Creating environment hook '/home/ubuntu/crawler_ws/install/arduino_interface/share/arduino_interface/hook/pythonpath.sh'
[20.362s] Level 1:colcon.colcon_core.environment:create_environment_scripts_only(arduino_interface)
[20.372s] INFO:colcon.colcon_core.shell:Creating package script '/home/ubuntu/crawler_ws/install/arduino_interface/share/arduino_interface/package.ps1'
[20.385s] INFO:colcon.colcon_core.shell:Creating package descriptor '/home/ubuntu/crawler_ws/install/arduino_interface/share/arduino_interface/package.dsv'
[20.394s] INFO:colcon.colcon_core.shell:Creating package script '/home/ubuntu/crawler_ws/install/arduino_interface/share/arduino_interface/package.sh'
[20.405s] INFO:colcon.colcon_core.shell:Creating package script '/home/ubuntu/crawler_ws/install/arduino_interface/share/arduino_interface/package.bash'
[20.412s] INFO:colcon.colcon_core.shell:Creating package script '/home/ubuntu/crawler_ws/install/arduino_interface/share/arduino_interface/package.zsh'
[20.419s] Level 1:colcon.colcon_core.environment:create_file_with_runtime_dependencies(/home/ubuntu/crawler_ws/install/arduino_interface/share/colcon-core/packages/arduino_interface)
[20.437s] Level 1:colcon.colcon_core.environment:checking '/home/ubuntu/crawler_ws/install/encoder_interface' for CMake module files
[20.443s] DEBUG:colcon.colcon_core.event_handler.log_command:Invoked command in '/home/ubuntu/crawler_ws/src/encoder_interface' returned '0': PYTHONPATH=/home/ubuntu/crawler_ws/install/encoder_interface/lib/python3.8/site-packages:${PYTHONPATH} /usr/bin/python3 setup.py egg_info --egg-base ../../build/encoder_interface build --build-base /home/ubuntu/crawler_ws/build/encoder_interface/build install --prefix /home/ubuntu/crawler_ws/install/encoder_interface --record /home/ubuntu/crawler_ws/build/encoder_interface/install.log --single-version-externally-managed
[20.445s] Level 1:colcon.colcon_core.environment:checking '/home/ubuntu/crawler_ws/install/encoder_interface' for CMake config files
[20.452s] Level 1:colcon.colcon_core.environment:checking '/home/ubuntu/crawler_ws/install/encoder_interface/lib'
[20.453s] Level 1:colcon.colcon_core.environment:checking '/home/ubuntu/crawler_ws/install/encoder_interface/bin'
[20.454s] Level 1:colcon.colcon_core.environment:checking '/home/ubuntu/crawler_ws/install/encoder_interface/lib/pkgconfig/encoder_interface.pc'
[20.455s] Level 1:colcon.colcon_core.environment:checking '/home/ubuntu/crawler_ws/install/encoder_interface/lib/python3.8/site-packages'
[20.456s] Level 1:colcon.colcon_core.shell:create_environment_hook('encoder_interface', 'pythonpath')
[20.461s] INFO:colcon.colcon_core.shell:Creating environment hook '/home/ubuntu/crawler_ws/install/encoder_interface/share/encoder_interface/hook/pythonpath.ps1'
[20.465s] INFO:colcon.colcon_core.shell:Creating environment descriptor '/home/ubuntu/crawler_ws/install/encoder_interface/share/encoder_interface/hook/pythonpath.dsv'
[20.469s] INFO:colcon.colcon_core.shell:Creating environment hook '/home/ubuntu/crawler_ws/install/encoder_interface/share/encoder_interface/hook/pythonpath.sh'
[20.473s] Level 1:colcon.colcon_core.environment:create_environment_scripts_only(encoder_interface)
[20.479s] INFO:colcon.colcon_core.shell:Creating package script '/home/ubuntu/crawler_ws/install/encoder_interface/share/encoder_interface/package.ps1'
[20.484s] INFO:colcon.colcon_core.shell:Creating package descriptor '/home/ubuntu/crawler_ws/install/encoder_interface/share/encoder_interface/package.dsv'
[20.489s] INFO:colcon.colcon_core.shell:Creating package script '/home/ubuntu/crawler_ws/install/encoder_interface/share/encoder_interface/package.sh'
[20.493s] INFO:colcon.colcon_core.shell:Creating package script '/home/ubuntu/crawler_ws/install/encoder_interface/share/encoder_interface/package.bash'
[20.497s] INFO:colcon.colcon_core.shell:Creating package script '/home/ubuntu/crawler_ws/install/encoder_interface/share/encoder_interface/package.zsh'
[20.501s] Level 1:colcon.colcon_core.environment:create_file_with_runtime_dependencies(/home/ubuntu/crawler_ws/install/encoder_interface/share/colcon-core/packages/encoder_interface)
[20.514s] Level 1:colcon.colcon_core.environment:checking '/home/ubuntu/crawler_ws/install/gps_interface' for CMake module files
[20.523s] DEBUG:colcon.colcon_core.event_handler.log_command:Invoked command in '/home/ubuntu/crawler_ws/src/gps_interface' returned '0': PYTHONPATH=/home/ubuntu/crawler_ws/install/gps_interface/lib/python3.8/site-packages:${PYTHONPATH} /usr/bin/python3 setup.py egg_info --egg-base ../../build/gps_interface build --build-base /home/ubuntu/crawler_ws/build/gps_interface/build install --prefix /home/ubuntu/crawler_ws/install/gps_interface --record /home/ubuntu/crawler_ws/build/gps_interface/install.log --single-version-externally-managed
[20.525s] Level 1:colcon.colcon_core.environment:checking '/home/ubuntu/crawler_ws/install/gps_interface' for CMake config files
[20.531s] Level 1:colcon.colcon_core.environment:checking '/home/ubuntu/crawler_ws/install/gps_interface/lib'
[20.532s] Level 1:colcon.colcon_core.environment:checking '/home/ubuntu/crawler_ws/install/gps_interface/bin'
[20.533s] Level 1:colcon.colcon_core.environment:checking '/home/ubuntu/crawler_ws/install/gps_interface/lib/pkgconfig/gps_interface.pc'
[20.533s] Level 1:colcon.colcon_core.environment:checking '/home/ubuntu/crawler_ws/install/gps_interface/lib/python3.8/site-packages'
[20.534s] Level 1:colcon.colcon_core.shell:create_environment_hook('gps_interface', 'pythonpath')
[20.539s] INFO:colcon.colcon_core.shell:Creating environment hook '/home/ubuntu/crawler_ws/install/gps_interface/share/gps_interface/hook/pythonpath.ps1'
[20.543s] INFO:colcon.colcon_core.shell:Creating environment descriptor '/home/ubuntu/crawler_ws/install/gps_interface/share/gps_interface/hook/pythonpath.dsv'
[20.546s] INFO:colcon.colcon_core.shell:Creating environment hook '/home/ubuntu/crawler_ws/install/gps_interface/share/gps_interface/hook/pythonpath.sh'
[20.550s] Level 1:colcon.colcon_core.environment:create_environment_scripts_only(gps_interface)
[20.556s] INFO:colcon.colcon_core.shell:Creating package script '/home/ubuntu/crawler_ws/install/gps_interface/share/gps_interface/package.ps1'
[20.564s] INFO:colcon.colcon_core.shell:Creating package descriptor '/home/ubuntu/crawler_ws/install/gps_interface/share/gps_interface/package.dsv'
[20.569s] INFO:colcon.colcon_core.shell:Creating package script '/home/ubuntu/crawler_ws/install/gps_interface/share/gps_interface/package.sh'
[20.574s] INFO:colcon.colcon_core.shell:Creating package script '/home/ubuntu/crawler_ws/install/gps_interface/share/gps_interface/package.bash'
[20.578s] INFO:colcon.colcon_core.shell:Creating package script '/home/ubuntu/crawler_ws/install/gps_interface/share/gps_interface/package.zsh'
[20.582s] Level 1:colcon.colcon_core.environment:create_file_with_runtime_dependencies(/home/ubuntu/crawler_ws/install/gps_interface/share/colcon-core/packages/gps_interface)
[20.761s] Level 1:colcon.colcon_core.environment:checking '/home/ubuntu/crawler_ws/install/imu_interface' for CMake module files
[20.765s] DEBUG:colcon.colcon_core.event_handler.log_command:Invoked command in '/home/ubuntu/crawler_ws/src/imu_interface' returned '0': PYTHONPATH=/home/ubuntu/crawler_ws/install/imu_interface/lib/python3.8/site-packages:${PYTHONPATH} /usr/bin/python3 setup.py egg_info --egg-base ../../build/imu_interface build --build-base /home/ubuntu/crawler_ws/build/imu_interface/build install --prefix /home/ubuntu/crawler_ws/install/imu_interface --record /home/ubuntu/crawler_ws/build/imu_interface/install.log --single-version-externally-managed
[20.768s] Level 1:colcon.colcon_core.environment:checking '/home/ubuntu/crawler_ws/install/imu_interface' for CMake config files
[20.775s] Level 1:colcon.colcon_core.environment:checking '/home/ubuntu/crawler_ws/install/imu_interface/lib'
[20.776s] Level 1:colcon.colcon_core.environment:checking '/home/ubuntu/crawler_ws/install/imu_interface/bin'
[20.776s] Level 1:colcon.colcon_core.environment:checking '/home/ubuntu/crawler_ws/install/imu_interface/lib/pkgconfig/imu_interface.pc'
[20.777s] Level 1:colcon.colcon_core.environment:checking '/home/ubuntu/crawler_ws/install/imu_interface/lib/python3.8/site-packages'
[20.777s] Level 1:colcon.colcon_core.shell:create_environment_hook('imu_interface', 'pythonpath')
[20.782s] INFO:colcon.colcon_core.shell:Creating environment hook '/home/ubuntu/crawler_ws/install/imu_interface/share/imu_interface/hook/pythonpath.ps1'
[20.785s] INFO:colcon.colcon_core.shell:Creating environment descriptor '/home/ubuntu/crawler_ws/install/imu_interface/share/imu_interface/hook/pythonpath.dsv'
[20.789s] INFO:colcon.colcon_core.shell:Creating environment hook '/home/ubuntu/crawler_ws/install/imu_interface/share/imu_interface/hook/pythonpath.sh'
[20.792s] Level 1:colcon.colcon_core.environment:create_environment_scripts_only(imu_interface)
[20.797s] INFO:colcon.colcon_core.shell:Creating package script '/home/ubuntu/crawler_ws/install/imu_interface/share/imu_interface/package.ps1'
[20.802s] INFO:colcon.colcon_core.shell:Creating package descriptor '/home/ubuntu/crawler_ws/install/imu_interface/share/imu_interface/package.dsv'
[20.807s] INFO:colcon.colcon_core.shell:Creating package script '/home/ubuntu/crawler_ws/install/imu_interface/share/imu_interface/package.sh'
[20.811s] INFO:colcon.colcon_core.shell:Creating package script '/home/ubuntu/crawler_ws/install/imu_interface/share/imu_interface/package.bash'
[20.814s] INFO:colcon.colcon_core.shell:Creating package script '/home/ubuntu/crawler_ws/install/imu_interface/share/imu_interface/package.zsh'
[20.817s] Level 1:colcon.colcon_core.environment:create_file_with_runtime_dependencies(/home/ubuntu/crawler_ws/install/imu_interface/share/colcon-core/packages/imu_interface)
[20.820s] DEBUG:colcon.colcon_parallel_executor.executor.parallel:closing loop
[20.822s] DEBUG:colcon.colcon_parallel_executor.executor.parallel:loop closed
[20.823s] DEBUG:colcon.colcon_parallel_executor.executor.parallel:run_until_complete finished with '0'
[20.824s] DEBUG:colcon.colcon_core.event_reactor:joining thread
[20.872s] INFO:colcon.colcon_core.plugin_system:Skipping extension 'colcon_notification.desktop_notification.notify_send': Could not find 'notify-send'
[20.872s] INFO:colcon.colcon_core.plugin_system:Skipping extension 'colcon_notification.desktop_notification.terminal_notifier': Not used on non-Darwin systems
[20.873s] INFO:colcon.colcon_core.plugin_system:Skipping extension 'colcon_notification.desktop_notification.win32': Not used on non-Windows systems
[20.873s] INFO:colcon.colcon_notification.desktop_notification:Sending desktop notification using 'notify2'
[20.878s] DEBUG:colcon.colcon_notification.desktop_notification.notify2:Failed to initialize notify2: org.freedesktop.DBus.Error.ServiceUnknown: The name org.freedesktop.Notifications was not provided by any .service files
[20.879s] DEBUG:colcon.colcon_core.event_reactor:joined thread
[20.884s] INFO:colcon.colcon_core.shell:Creating prefix script '/home/ubuntu/crawler_ws/install/local_setup.ps1'
[20.892s] INFO:colcon.colcon_core.shell:Creating prefix util module '/home/ubuntu/crawler_ws/install/_local_setup_util_ps1.py'
[20.903s] INFO:colcon.colcon_core.shell:Creating prefix chain script '/home/ubuntu/crawler_ws/install/setup.ps1'
[20.923s] INFO:colcon.colcon_core.shell:Creating prefix script '/home/ubuntu/crawler_ws/install/local_setup.sh'
[20.928s] INFO:colcon.colcon_core.shell:Creating prefix util module '/home/ubuntu/crawler_ws/install/_local_setup_util_sh.py'
[20.932s] INFO:colcon.colcon_core.shell:Creating prefix chain script '/home/ubuntu/crawler_ws/install/setup.sh'
[20.952s] INFO:colcon.colcon_core.shell:Creating prefix script '/home/ubuntu/crawler_ws/install/local_setup.bash'
[20.957s] INFO:colcon.colcon_core.shell:Creating prefix chain script '/home/ubuntu/crawler_ws/install/setup.bash'
[20.977s] INFO:colcon.colcon_core.shell:Creating prefix script '/home/ubuntu/crawler_ws/install/local_setup.zsh'
[20.981s] INFO:colcon.colcon_core.shell:Creating prefix chain script '/home/ubuntu/crawler_ws/install/setup.zsh'
