running develop
running egg_info
creating arduino_interface.egg-info
writing arduino_interface.egg-info/PKG-INFO
writing dependency_links to arduino_interface.egg-info/dependency_links.txt
writing entry points to arduino_interface.egg-info/entry_points.txt
writing requirements to arduino_interface.egg-info/requires.txt
writing top-level names to arduino_interface.egg-info/top_level.txt
writing manifest file 'arduino_interface.egg-info/SOURCES.txt'
reading manifest file 'arduino_interface.egg-info/SOURCES.txt'
writing manifest file 'arduino_interface.egg-info/SOURCES.txt'
running build_ext
Creating /home/ubuntu/crawler_ws/install/arduino_interface/lib/python3.8/site-packages/site.py
Creating /home/ubuntu/crawler_ws/install/arduino_interface/lib/python3.8/site-packages/arduino-interface.egg-link (link to .)
Installing arduino_pub script to /home/ubuntu/crawler_ws/install/arduino_interface/lib/arduino_interface

Installed /home/ubuntu/crawler_ws/build/arduino_interface
running install_data
creating /home/ubuntu/crawler_ws/install/arduino_interface/share/ament_index
creating /home/ubuntu/crawler_ws/install/arduino_interface/share/ament_index/resource_index
creating /home/ubuntu/crawler_ws/install/arduino_interface/share/ament_index/resource_index/packages
copying resource/arduino_interface -> /home/ubuntu/crawler_ws/install/arduino_interface/share/ament_index/resource_index/packages
copying package.xml -> /home/ubuntu/crawler_ws/install/arduino_interface/share/arduino_interface
