[2.661s] DEBUG:colcon:Command line arguments: ['/usr/bin/colcon', 'build', '--symlink-install']
[2.662s] DEBUG:colcon:Parsed command line arguments: Namespace(ament_cmake_args=None, base_paths=['.'], build_base='build', catkin_cmake_args=None, catkin_skip_building_tests=False, cmake_args=None, cmake_clean_cache=False, cmake_clean_first=False, cmake_force_configure=False, cmake_target=None, cmake_target_skip_unavailable=False, continue_on_error=False, event_handlers=None, executor='parallel', ignore_user_meta=False, install_base='install', log_base=None, log_level=None, main=<bound method BuildVerb.main of <colcon_core.verb.build.BuildVerb object at 0xffffae4945e0>>, merge_install=False, metas=['./colcon.meta'], packages_above=None, packages_above_and_dependencies=None, packages_above_depth=None, packages_end=None, packages_ignore=None, packages_ignore_regex=None, packages_select=None, packages_select_build_failed=False, packages_select_by_dep=None, packages_select_regex=None, packages_select_test_failures=False, packages_skip=None, packages_skip_build_finished=False, packages_skip_by_dep=None, packages_skip_regex=None, packages_skip_test_passed=False, packages_skip_up_to=None, packages_start=None, packages_up_to=None, packages_up_to_regex=None, parallel_workers=4, paths=None, symlink_install=True, test_result_base=None, verb_extension=<colcon_core.verb.build.BuildVerb object at 0xffffae4945e0>, verb_name='build', verb_parser=<colcon_defaults.argument_parser.defaults.DefaultArgumentsDecorator object at 0xffffae494b20>)
[2.709s] Level 1:colcon.colcon_core.package_discovery:discover_packages(colcon_meta) check parameters
[2.710s] Level 1:colcon.colcon_core.package_discovery:discover_packages(recursive) check parameters
[2.711s] Level 1:colcon.colcon_core.package_discovery:discover_packages(ignore) check parameters
[2.711s] Level 1:colcon.colcon_core.package_discovery:discover_packages(path) check parameters
[2.711s] Level 1:colcon.colcon_core.package_discovery:discover_packages(colcon_meta) discover
[2.712s] Level 1:colcon.colcon_core.package_discovery:discover_packages(recursive) discover
[2.712s] INFO:colcon.colcon_core.package_discovery:Crawling recursively for packages in '/home/ubuntu/crawler_ws'
[2.713s] Level 1:colcon.colcon_core.package_identification:_identify(.) by extensions ['ignore', 'ignore_ament_install']
[2.714s] Level 1:colcon.colcon_core.package_identification:_identify(.) by extension 'ignore'
[2.714s] Level 1:colcon.colcon_core.package_identification:_identify(.) by extension 'ignore_ament_install'
[2.715s] Level 1:colcon.colcon_core.package_identification:_identify(.) by extensions ['colcon_pkg']
[2.715s] Level 1:colcon.colcon_core.package_identification:_identify(.) by extension 'colcon_pkg'
[2.715s] Level 1:colcon.colcon_core.package_identification:_identify(.) by extensions ['colcon_meta']
[2.715s] Level 1:colcon.colcon_core.package_identification:_identify(.) by extension 'colcon_meta'
[2.716s] Level 1:colcon.colcon_core.package_identification:_identify(.) by extensions ['ros']
[2.716s] Level 1:colcon.colcon_core.package_identification:_identify(.) by extension 'ros'
[2.816s] Level 1:colcon.colcon_core.package_identification:_identify(.) by extensions ['cmake', 'python']
[2.816s] Level 1:colcon.colcon_core.package_identification:_identify(.) by extension 'cmake'
[2.816s] Level 1:colcon.colcon_core.package_identification:_identify(.) by extension 'python'
[2.817s] Level 1:colcon.colcon_core.package_identification:_identify(.) by extensions ['python_setup_py']
[2.817s] Level 1:colcon.colcon_core.package_identification:_identify(.) by extension 'python_setup_py'
[2.818s] Level 1:colcon.colcon_core.package_identification:_identify(build) by extensions ['ignore', 'ignore_ament_install']
[2.819s] Level 1:colcon.colcon_core.package_identification:_identify(build) by extension 'ignore'
[2.819s] Level 1:colcon.colcon_core.package_identification:_identify(build) ignored
[2.821s] Level 1:colcon.colcon_core.package_identification:_identify(install) by extensions ['ignore', 'ignore_ament_install']
[2.821s] Level 1:colcon.colcon_core.package_identification:_identify(install) by extension 'ignore'
[2.822s] Level 1:colcon.colcon_core.package_identification:_identify(install) ignored
[2.823s] Level 1:colcon.colcon_core.package_identification:_identify(log) by extensions ['ignore', 'ignore_ament_install']
[2.824s] Level 1:colcon.colcon_core.package_identification:_identify(log) by extension 'ignore'
[2.824s] Level 1:colcon.colcon_core.package_identification:_identify(log) ignored
[2.825s] Level 1:colcon.colcon_core.package_identification:_identify(src) by extensions ['ignore', 'ignore_ament_install']
[2.826s] Level 1:colcon.colcon_core.package_identification:_identify(src) by extension 'ignore'
[2.827s] Level 1:colcon.colcon_core.package_identification:_identify(src) by extension 'ignore_ament_install'
[2.827s] Level 1:colcon.colcon_core.package_identification:_identify(src) by extensions ['colcon_pkg']
[2.827s] Level 1:colcon.colcon_core.package_identification:_identify(src) by extension 'colcon_pkg'
[2.828s] Level 1:colcon.colcon_core.package_identification:_identify(src) by extensions ['colcon_meta']
[2.828s] Level 1:colcon.colcon_core.package_identification:_identify(src) by extension 'colcon_meta'
[2.828s] Level 1:colcon.colcon_core.package_identification:_identify(src) by extensions ['ros']
[2.829s] Level 1:colcon.colcon_core.package_identification:_identify(src) by extension 'ros'
[2.829s] Level 1:colcon.colcon_core.package_identification:_identify(src) by extensions ['cmake', 'python']
[2.830s] Level 1:colcon.colcon_core.package_identification:_identify(src) by extension 'cmake'
[2.830s] Level 1:colcon.colcon_core.package_identification:_identify(src) by extension 'python'
[2.830s] Level 1:colcon.colcon_core.package_identification:_identify(src) by extensions ['python_setup_py']
[2.831s] Level 1:colcon.colcon_core.package_identification:_identify(src) by extension 'python_setup_py'
[2.832s] Level 1:colcon.colcon_core.package_identification:_identify(src/arduino_interface) by extensions ['ignore', 'ignore_ament_install']
[2.832s] Level 1:colcon.colcon_core.package_identification:_identify(src/arduino_interface) by extension 'ignore'
[2.833s] Level 1:colcon.colcon_core.package_identification:_identify(src/arduino_interface) by extension 'ignore_ament_install'
[2.833s] Level 1:colcon.colcon_core.package_identification:_identify(src/arduino_interface) by extensions ['colcon_pkg']
[2.834s] Level 1:colcon.colcon_core.package_identification:_identify(src/arduino_interface) by extension 'colcon_pkg'
[2.834s] Level 1:colcon.colcon_core.package_identification:_identify(src/arduino_interface) by extensions ['colcon_meta']
[2.834s] Level 1:colcon.colcon_core.package_identification:_identify(src/arduino_interface) by extension 'colcon_meta'
[2.835s] Level 1:colcon.colcon_core.package_identification:_identify(src/arduino_interface) by extensions ['ros']
[2.835s] Level 1:colcon.colcon_core.package_identification:_identify(src/arduino_interface) by extension 'ros'
[2.853s] DEBUG:colcon.colcon_core.package_identification:Package 'src/arduino_interface' with type 'ros.ament_python' and name 'arduino_interface'
[2.855s] Level 1:colcon.colcon_core.package_identification:_identify(src/encoder_interface) by extensions ['ignore', 'ignore_ament_install']
[2.856s] Level 1:colcon.colcon_core.package_identification:_identify(src/encoder_interface) by extension 'ignore'
[2.857s] Level 1:colcon.colcon_core.package_identification:_identify(src/encoder_interface) by extension 'ignore_ament_install'
[2.858s] Level 1:colcon.colcon_core.package_identification:_identify(src/encoder_interface) by extensions ['colcon_pkg']
[2.858s] Level 1:colcon.colcon_core.package_identification:_identify(src/encoder_interface) by extension 'colcon_pkg'
[2.858s] Level 1:colcon.colcon_core.package_identification:_identify(src/encoder_interface) by extensions ['colcon_meta']
[2.859s] Level 1:colcon.colcon_core.package_identification:_identify(src/encoder_interface) by extension 'colcon_meta'
[2.859s] Level 1:colcon.colcon_core.package_identification:_identify(src/encoder_interface) by extensions ['ros']
[2.859s] Level 1:colcon.colcon_core.package_identification:_identify(src/encoder_interface) by extension 'ros'
[2.865s] DEBUG:colcon.colcon_core.package_identification:Package 'src/encoder_interface' with type 'ros.ament_python' and name 'encoder_interface'
[2.866s] Level 1:colcon.colcon_core.package_identification:_identify(src/gps_interface) by extensions ['ignore', 'ignore_ament_install']
[2.867s] Level 1:colcon.colcon_core.package_identification:_identify(src/gps_interface) by extension 'ignore'
[2.867s] Level 1:colcon.colcon_core.package_identification:_identify(src/gps_interface) by extension 'ignore_ament_install'
[2.868s] Level 1:colcon.colcon_core.package_identification:_identify(src/gps_interface) by extensions ['colcon_pkg']
[2.868s] Level 1:colcon.colcon_core.package_identification:_identify(src/gps_interface) by extension 'colcon_pkg'
[2.868s] Level 1:colcon.colcon_core.package_identification:_identify(src/gps_interface) by extensions ['colcon_meta']
[2.869s] Level 1:colcon.colcon_core.package_identification:_identify(src/gps_interface) by extension 'colcon_meta'
[2.869s] Level 1:colcon.colcon_core.package_identification:_identify(src/gps_interface) by extensions ['ros']
[2.869s] Level 1:colcon.colcon_core.package_identification:_identify(src/gps_interface) by extension 'ros'
[2.874s] DEBUG:colcon.colcon_core.package_identification:Package 'src/gps_interface' with type 'ros.ament_python' and name 'gps_interface'
[2.875s] Level 1:colcon.colcon_core.package_identification:_identify(src/imu_interface) by extensions ['ignore', 'ignore_ament_install']
[2.876s] Level 1:colcon.colcon_core.package_identification:_identify(src/imu_interface) by extension 'ignore'
[2.876s] Level 1:colcon.colcon_core.package_identification:_identify(src/imu_interface) by extension 'ignore_ament_install'
[2.877s] Level 1:colcon.colcon_core.package_identification:_identify(src/imu_interface) by extensions ['colcon_pkg']
[2.877s] Level 1:colcon.colcon_core.package_identification:_identify(src/imu_interface) by extension 'colcon_pkg'
[2.877s] Level 1:colcon.colcon_core.package_identification:_identify(src/imu_interface) by extensions ['colcon_meta']
[2.878s] Level 1:colcon.colcon_core.package_identification:_identify(src/imu_interface) by extension 'colcon_meta'
[2.878s] Level 1:colcon.colcon_core.package_identification:_identify(src/imu_interface) by extensions ['ros']
[2.878s] Level 1:colcon.colcon_core.package_identification:_identify(src/imu_interface) by extension 'ros'
[2.884s] DEBUG:colcon.colcon_core.package_identification:Package 'src/imu_interface' with type 'ros.ament_python' and name 'imu_interface'
[2.884s] Level 1:colcon.colcon_core.package_discovery:discover_packages(recursive) using defaults
[2.885s] Level 1:colcon.colcon_core.package_discovery:discover_packages(ignore) discover
[2.885s] Level 1:colcon.colcon_core.package_discovery:discover_packages(ignore) using defaults
[2.885s] Level 1:colcon.colcon_core.package_discovery:discover_packages(path) discover
[2.885s] Level 1:colcon.colcon_core.package_discovery:discover_packages(path) using defaults
[3.048s] Level 5:colcon.colcon_core.verb:set package 'encoder_interface' build argument 'cmake_args' from command line to 'None'
[3.049s] Level 5:colcon.colcon_core.verb:set package 'encoder_interface' build argument 'cmake_target' from command line to 'None'
[3.049s] Level 5:colcon.colcon_core.verb:set package 'encoder_interface' build argument 'cmake_target_skip_unavailable' from command line to 'False'
[3.049s] Level 5:colcon.colcon_core.verb:set package 'encoder_interface' build argument 'cmake_clean_cache' from command line to 'False'
[3.049s] Level 5:colcon.colcon_core.verb:set package 'encoder_interface' build argument 'cmake_clean_first' from command line to 'False'
[3.050s] Level 5:colcon.colcon_core.verb:set package 'encoder_interface' build argument 'cmake_force_configure' from command line to 'False'
[3.050s] Level 5:colcon.colcon_core.verb:set package 'encoder_interface' build argument 'ament_cmake_args' from command line to 'None'
[3.050s] Level 5:colcon.colcon_core.verb:set package 'encoder_interface' build argument 'catkin_cmake_args' from command line to 'None'
[3.050s] Level 5:colcon.colcon_core.verb:set package 'encoder_interface' build argument 'catkin_skip_building_tests' from command line to 'False'
[3.051s] DEBUG:colcon.colcon_core.verb:Building package 'encoder_interface' with the following arguments: {'ament_cmake_args': None, 'build_base': '/home/ubuntu/crawler_ws/build/encoder_interface', 'catkin_cmake_args': None, 'catkin_skip_building_tests': False, 'cmake_args': None, 'cmake_clean_cache': False, 'cmake_clean_first': False, 'cmake_force_configure': False, 'cmake_target': None, 'cmake_target_skip_unavailable': False, 'install_base': '/home/ubuntu/crawler_ws/install/encoder_interface', 'merge_install': False, 'path': '/home/ubuntu/crawler_ws/src/encoder_interface', 'symlink_install': True, 'test_result_base': None}
[3.073s] Level 5:colcon.colcon_core.verb:set package 'gps_interface' build argument 'cmake_args' from command line to 'None'
[3.074s] Level 5:colcon.colcon_core.verb:set package 'gps_interface' build argument 'cmake_target' from command line to 'None'
[3.074s] Level 5:colcon.colcon_core.verb:set package 'gps_interface' build argument 'cmake_target_skip_unavailable' from command line to 'False'
[3.074s] Level 5:colcon.colcon_core.verb:set package 'gps_interface' build argument 'cmake_clean_cache' from command line to 'False'
[3.075s] Level 5:colcon.colcon_core.verb:set package 'gps_interface' build argument 'cmake_clean_first' from command line to 'False'
[3.075s] Level 5:colcon.colcon_core.verb:set package 'gps_interface' build argument 'cmake_force_configure' from command line to 'False'
[3.075s] Level 5:colcon.colcon_core.verb:set package 'gps_interface' build argument 'ament_cmake_args' from command line to 'None'
[3.075s] Level 5:colcon.colcon_core.verb:set package 'gps_interface' build argument 'catkin_cmake_args' from command line to 'None'
[3.076s] Level 5:colcon.colcon_core.verb:set package 'gps_interface' build argument 'catkin_skip_building_tests' from command line to 'False'
[3.076s] DEBUG:colcon.colcon_core.verb:Building package 'gps_interface' with the following arguments: {'ament_cmake_args': None, 'build_base': '/home/ubuntu/crawler_ws/build/gps_interface', 'catkin_cmake_args': None, 'catkin_skip_building_tests': False, 'cmake_args': None, 'cmake_clean_cache': False, 'cmake_clean_first': False, 'cmake_force_configure': False, 'cmake_target': None, 'cmake_target_skip_unavailable': False, 'install_base': '/home/ubuntu/crawler_ws/install/gps_interface', 'merge_install': False, 'path': '/home/ubuntu/crawler_ws/src/gps_interface', 'symlink_install': True, 'test_result_base': None}
[3.098s] Level 5:colcon.colcon_core.verb:set package 'imu_interface' build argument 'cmake_args' from command line to 'None'
[3.099s] Level 5:colcon.colcon_core.verb:set package 'imu_interface' build argument 'cmake_target' from command line to 'None'
[3.099s] Level 5:colcon.colcon_core.verb:set package 'imu_interface' build argument 'cmake_target_skip_unavailable' from command line to 'False'
[3.099s] Level 5:colcon.colcon_core.verb:set package 'imu_interface' build argument 'cmake_clean_cache' from command line to 'False'
[3.100s] Level 5:colcon.colcon_core.verb:set package 'imu_interface' build argument 'cmake_clean_first' from command line to 'False'
[3.100s] Level 5:colcon.colcon_core.verb:set package 'imu_interface' build argument 'cmake_force_configure' from command line to 'False'
[3.100s] Level 5:colcon.colcon_core.verb:set package 'imu_interface' build argument 'ament_cmake_args' from command line to 'None'
[3.100s] Level 5:colcon.colcon_core.verb:set package 'imu_interface' build argument 'catkin_cmake_args' from command line to 'None'
[3.101s] Level 5:colcon.colcon_core.verb:set package 'imu_interface' build argument 'catkin_skip_building_tests' from command line to 'False'
[3.101s] DEBUG:colcon.colcon_core.verb:Building package 'imu_interface' with the following arguments: {'ament_cmake_args': None, 'build_base': '/home/ubuntu/crawler_ws/build/imu_interface', 'catkin_cmake_args': None, 'catkin_skip_building_tests': False, 'cmake_args': None, 'cmake_clean_cache': False, 'cmake_clean_first': False, 'cmake_force_configure': False, 'cmake_target': None, 'cmake_target_skip_unavailable': False, 'install_base': '/home/ubuntu/crawler_ws/install/imu_interface', 'merge_install': False, 'path': '/home/ubuntu/crawler_ws/src/imu_interface', 'symlink_install': True, 'test_result_base': None}
[3.123s] Level 5:colcon.colcon_core.verb:set package 'arduino_interface' build argument 'cmake_args' from command line to 'None'
[3.124s] Level 5:colcon.colcon_core.verb:set package 'arduino_interface' build argument 'cmake_target' from command line to 'None'
[3.124s] Level 5:colcon.colcon_core.verb:set package 'arduino_interface' build argument 'cmake_target_skip_unavailable' from command line to 'False'
[3.125s] Level 5:colcon.colcon_core.verb:set package 'arduino_interface' build argument 'cmake_clean_cache' from command line to 'False'
[3.125s] Level 5:colcon.colcon_core.verb:set package 'arduino_interface' build argument 'cmake_clean_first' from command line to 'False'
[3.125s] Level 5:colcon.colcon_core.verb:set package 'arduino_interface' build argument 'cmake_force_configure' from command line to 'False'
[3.125s] Level 5:colcon.colcon_core.verb:set package 'arduino_interface' build argument 'ament_cmake_args' from command line to 'None'
[3.126s] Level 5:colcon.colcon_core.verb:set package 'arduino_interface' build argument 'catkin_cmake_args' from command line to 'None'
[3.126s] Level 5:colcon.colcon_core.verb:set package 'arduino_interface' build argument 'catkin_skip_building_tests' from command line to 'False'
[3.126s] DEBUG:colcon.colcon_core.verb:Building package 'arduino_interface' with the following arguments: {'ament_cmake_args': None, 'build_base': '/home/ubuntu/crawler_ws/build/arduino_interface', 'catkin_cmake_args': None, 'catkin_skip_building_tests': False, 'cmake_args': None, 'cmake_clean_cache': False, 'cmake_clean_first': False, 'cmake_force_configure': False, 'cmake_target': None, 'cmake_target_skip_unavailable': False, 'install_base': '/home/ubuntu/crawler_ws/install/arduino_interface', 'merge_install': False, 'path': '/home/ubuntu/crawler_ws/src/arduino_interface', 'symlink_install': True, 'test_result_base': None}
[3.129s] INFO:colcon.colcon_core.executor:Executing jobs using 'parallel' executor
[3.143s] DEBUG:colcon.colcon_parallel_executor.executor.parallel:run_until_complete
[3.146s] INFO:colcon.colcon_ros.task.ament_python.build:Building ROS package in '/home/ubuntu/crawler_ws/src/encoder_interface' with build type 'ament_python'
[3.147s] Level 1:colcon.colcon_core.shell:create_environment_hook('encoder_interface', 'ament_prefix_path')
[3.180s] INFO:colcon.colcon_core.plugin_system:Skipping extension 'colcon_core.shell.bat': Not used on non-Windows systems
[3.181s] INFO:colcon.colcon_core.shell:Creating environment hook '/home/ubuntu/crawler_ws/install/encoder_interface/share/encoder_interface/hook/ament_prefix_path.ps1'
[3.186s] INFO:colcon.colcon_core.shell:Creating environment descriptor '/home/ubuntu/crawler_ws/install/encoder_interface/share/encoder_interface/hook/ament_prefix_path.dsv'
[3.191s] INFO:colcon.colcon_core.shell:Creating environment hook '/home/ubuntu/crawler_ws/install/encoder_interface/share/encoder_interface/hook/ament_prefix_path.sh'
[3.200s] INFO:colcon.colcon_core.shell:Skip shell extension 'powershell' for command environment: Not usable outside of PowerShell
[3.201s] DEBUG:colcon.colcon_core.shell:Skip shell extension 'dsv' for command environment
[3.225s] DEBUG:colcon.colcon_core.shell:Ignoring prefix path '/opt/ros/foxy'
[3.244s] INFO:colcon.colcon_ros.task.ament_python.build:Building ROS package in '/home/ubuntu/crawler_ws/src/gps_interface' with build type 'ament_python'
[3.246s] Level 1:colcon.colcon_core.shell:create_environment_hook('gps_interface', 'ament_prefix_path')
[3.254s] INFO:colcon.colcon_core.shell:Creating environment hook '/home/ubuntu/crawler_ws/install/gps_interface/share/gps_interface/hook/ament_prefix_path.ps1'
[3.258s] INFO:colcon.colcon_core.shell:Creating environment descriptor '/home/ubuntu/crawler_ws/install/gps_interface/share/gps_interface/hook/ament_prefix_path.dsv'
[3.263s] INFO:colcon.colcon_core.shell:Creating environment hook '/home/ubuntu/crawler_ws/install/gps_interface/share/gps_interface/hook/ament_prefix_path.sh'
[3.271s] INFO:colcon.colcon_core.shell:Skip shell extension 'powershell' for command environment: Not usable outside of PowerShell
[3.271s] DEBUG:colcon.colcon_core.shell:Skip shell extension 'dsv' for command environment
[3.288s] DEBUG:colcon.colcon_core.shell:Ignoring prefix path '/opt/ros/foxy'
[3.304s] INFO:colcon.colcon_ros.task.ament_python.build:Building ROS package in '/home/ubuntu/crawler_ws/src/imu_interface' with build type 'ament_python'
[3.306s] Level 1:colcon.colcon_core.shell:create_environment_hook('imu_interface', 'ament_prefix_path')
[3.314s] INFO:colcon.colcon_core.shell:Creating environment hook '/home/ubuntu/crawler_ws/install/imu_interface/share/imu_interface/hook/ament_prefix_path.ps1'
[3.318s] INFO:colcon.colcon_core.shell:Creating environment descriptor '/home/ubuntu/crawler_ws/install/imu_interface/share/imu_interface/hook/ament_prefix_path.dsv'
[3.322s] INFO:colcon.colcon_core.shell:Creating environment hook '/home/ubuntu/crawler_ws/install/imu_interface/share/imu_interface/hook/ament_prefix_path.sh'
[3.330s] INFO:colcon.colcon_core.shell:Skip shell extension 'powershell' for command environment: Not usable outside of PowerShell
[3.330s] DEBUG:colcon.colcon_core.shell:Skip shell extension 'dsv' for command environment
[3.348s] DEBUG:colcon.colcon_core.shell:Ignoring prefix path '/opt/ros/foxy'
[5.350s] INFO:colcon.colcon_core.task.python.build:Building Python package in '/home/ubuntu/crawler_ws/src/encoder_interface'
[5.355s] INFO:colcon.colcon_core.shell:Skip shell extension 'powershell' for command environment: Not usable outside of PowerShell
[5.355s] DEBUG:colcon.colcon_core.shell:Skip shell extension 'dsv' for command environment
[5.373s] DEBUG:colcon.colcon_core.shell:Ignoring prefix path '/opt/ros/foxy'
[7.343s] INFO:colcon.colcon_core.task.python.build:Building Python package in '/home/ubuntu/crawler_ws/src/gps_interface'
[7.349s] INFO:colcon.colcon_core.shell:Skip shell extension 'powershell' for command environment: Not usable outside of PowerShell
[7.350s] DEBUG:colcon.colcon_core.shell:Skip shell extension 'dsv' for command environment
[7.369s] DEBUG:colcon.colcon_core.shell:Ignoring prefix path '/opt/ros/foxy'
[9.336s] INFO:colcon.colcon_core.task.python.build:Building Python package in '/home/ubuntu/crawler_ws/src/imu_interface'
[9.342s] INFO:colcon.colcon_core.shell:Skip shell extension 'powershell' for command environment: Not usable outside of PowerShell
[9.342s] DEBUG:colcon.colcon_core.shell:Skip shell extension 'dsv' for command environment
[9.361s] DEBUG:colcon.colcon_core.shell:Ignoring prefix path '/opt/ros/foxy'
[9.401s] DEBUG:colcon.colcon_core.event_handler.log_command:Invoking command in '/home/ubuntu/crawler_ws/build/encoder_interface': PYTHONPATH=/home/ubuntu/crawler_ws/install/encoder_interface/lib/python3.8/site-packages:${PYTHONPATH} /usr/bin/python3 setup.py develop --prefix /home/ubuntu/crawler_ws/install/encoder_interface --editable --build-directory /home/ubuntu/crawler_ws/build/encoder_interface/build --no-deps install_data --install-dir /home/ubuntu/crawler_ws/install/encoder_interface
[9.457s] DEBUG:colcon.colcon_core.event_handler.log_command:Invoking command in '/home/ubuntu/crawler_ws/build/gps_interface': PYTHONPATH=/home/ubuntu/crawler_ws/install/gps_interface/lib/python3.8/site-packages:${PYTHONPATH} /usr/bin/python3 setup.py develop --prefix /home/ubuntu/crawler_ws/install/gps_interface --editable --build-directory /home/ubuntu/crawler_ws/build/gps_interface/build --no-deps install_data --install-dir /home/ubuntu/crawler_ws/install/gps_interface
[9.503s] DEBUG:colcon.colcon_core.event_handler.log_command:Invoking command in '/home/ubuntu/crawler_ws/build/imu_interface': PYTHONPATH=/home/ubuntu/crawler_ws/install/imu_interface/lib/python3.8/site-packages:${PYTHONPATH} /usr/bin/python3 setup.py develop --prefix /home/ubuntu/crawler_ws/install/imu_interface --editable --build-directory /home/ubuntu/crawler_ws/build/imu_interface/build --no-deps install_data --install-dir /home/ubuntu/crawler_ws/install/imu_interface
[14.208s] Level 1:colcon.colcon_core.shell:create_environment_hook('encoder_interface', 'pythonpath_develop')
[14.217s] INFO:colcon.colcon_core.shell:Creating environment hook '/home/ubuntu/crawler_ws/build/encoder_interface/share/encoder_interface/hook/pythonpath_develop.ps1'
[14.219s] DEBUG:colcon.colcon_core.event_handler.log_command:Invoked command in '/home/ubuntu/crawler_ws/build/encoder_interface' returned '0': PYTHONPATH=/home/ubuntu/crawler_ws/install/encoder_interface/lib/python3.8/site-packages:${PYTHONPATH} /usr/bin/python3 setup.py develop --prefix /home/ubuntu/crawler_ws/install/encoder_interface --editable --build-directory /home/ubuntu/crawler_ws/build/encoder_interface/build --no-deps install_data --install-dir /home/ubuntu/crawler_ws/install/encoder_interface
[14.224s] INFO:colcon.colcon_core.shell:Creating environment descriptor '/home/ubuntu/crawler_ws/build/encoder_interface/share/encoder_interface/hook/pythonpath_develop.dsv'
[14.228s] INFO:colcon.colcon_core.shell:Creating environment hook '/home/ubuntu/crawler_ws/build/encoder_interface/share/encoder_interface/hook/pythonpath_develop.sh'
[14.267s] Level 1:colcon.colcon_core.environment:checking '/home/ubuntu/crawler_ws/install/encoder_interface' for CMake module files
[14.272s] Level 1:colcon.colcon_core.environment:checking '/home/ubuntu/crawler_ws/install/encoder_interface' for CMake config files
[14.279s] Level 1:colcon.colcon_core.environment:checking '/home/ubuntu/crawler_ws/install/encoder_interface/lib'
[14.281s] Level 1:colcon.colcon_core.environment:checking '/home/ubuntu/crawler_ws/install/encoder_interface/bin'
[14.282s] Level 1:colcon.colcon_core.environment:checking '/home/ubuntu/crawler_ws/install/encoder_interface/lib/pkgconfig/encoder_interface.pc'
[14.283s] Level 1:colcon.colcon_core.environment:checking '/home/ubuntu/crawler_ws/install/encoder_interface/lib/python3.8/site-packages'
[14.284s] Level 1:colcon.colcon_core.shell:create_environment_hook('encoder_interface', 'pythonpath')
[14.289s] INFO:colcon.colcon_core.shell:Creating environment hook '/home/ubuntu/crawler_ws/install/encoder_interface/share/encoder_interface/hook/pythonpath.ps1'
[14.293s] INFO:colcon.colcon_core.shell:Creating environment descriptor '/home/ubuntu/crawler_ws/install/encoder_interface/share/encoder_interface/hook/pythonpath.dsv'
[14.298s] INFO:colcon.colcon_core.shell:Creating environment hook '/home/ubuntu/crawler_ws/install/encoder_interface/share/encoder_interface/hook/pythonpath.sh'
[14.302s] Level 1:colcon.colcon_core.environment:create_environment_scripts_only(encoder_interface)
[14.309s] INFO:colcon.colcon_core.shell:Creating package script '/home/ubuntu/crawler_ws/install/encoder_interface/share/encoder_interface/package.ps1'
[14.317s] INFO:colcon.colcon_core.shell:Creating package descriptor '/home/ubuntu/crawler_ws/install/encoder_interface/share/encoder_interface/package.dsv'
[14.324s] INFO:colcon.colcon_core.shell:Creating package script '/home/ubuntu/crawler_ws/install/encoder_interface/share/encoder_interface/package.sh'
[14.331s] INFO:colcon.colcon_core.shell:Creating package script '/home/ubuntu/crawler_ws/install/encoder_interface/share/encoder_interface/package.bash'
[14.339s] INFO:colcon.colcon_core.shell:Creating package script '/home/ubuntu/crawler_ws/install/encoder_interface/share/encoder_interface/package.zsh'
[14.346s] Level 1:colcon.colcon_core.environment:create_file_with_runtime_dependencies(/home/ubuntu/crawler_ws/install/encoder_interface/share/colcon-core/packages/encoder_interface)
[14.356s] Level 1:colcon.colcon_core.shell:create_environment_hook('gps_interface', 'pythonpath_develop')
[14.361s] INFO:colcon.colcon_core.shell:Creating environment hook '/home/ubuntu/crawler_ws/build/gps_interface/share/gps_interface/hook/pythonpath_develop.ps1'
[14.364s] DEBUG:colcon.colcon_core.event_handler.log_command:Invoked command in '/home/ubuntu/crawler_ws/build/gps_interface' returned '0': PYTHONPATH=/home/ubuntu/crawler_ws/install/gps_interface/lib/python3.8/site-packages:${PYTHONPATH} /usr/bin/python3 setup.py develop --prefix /home/ubuntu/crawler_ws/install/gps_interface --editable --build-directory /home/ubuntu/crawler_ws/build/gps_interface/build --no-deps install_data --install-dir /home/ubuntu/crawler_ws/install/gps_interface
[14.368s] INFO:colcon.colcon_core.shell:Creating environment descriptor '/home/ubuntu/crawler_ws/build/gps_interface/share/gps_interface/hook/pythonpath_develop.dsv'
[14.371s] INFO:colcon.colcon_core.shell:Creating environment hook '/home/ubuntu/crawler_ws/build/gps_interface/share/gps_interface/hook/pythonpath_develop.sh'
[14.381s] Level 1:colcon.colcon_core.environment:checking '/home/ubuntu/crawler_ws/install/gps_interface' for CMake module files
[14.386s] Level 1:colcon.colcon_core.environment:checking '/home/ubuntu/crawler_ws/install/gps_interface' for CMake config files
[14.391s] Level 1:colcon.colcon_core.environment:checking '/home/ubuntu/crawler_ws/install/gps_interface/lib'
[14.392s] Level 1:colcon.colcon_core.environment:checking '/home/ubuntu/crawler_ws/install/gps_interface/bin'
[14.392s] Level 1:colcon.colcon_core.environment:checking '/home/ubuntu/crawler_ws/install/gps_interface/lib/pkgconfig/gps_interface.pc'
[14.393s] Level 1:colcon.colcon_core.environment:checking '/home/ubuntu/crawler_ws/install/gps_interface/lib/python3.8/site-packages'
[14.393s] Level 1:colcon.colcon_core.shell:create_environment_hook('gps_interface', 'pythonpath')
[14.398s] INFO:colcon.colcon_core.shell:Creating environment hook '/home/ubuntu/crawler_ws/install/gps_interface/share/gps_interface/hook/pythonpath.ps1'
[14.401s] INFO:colcon.colcon_core.shell:Creating environment descriptor '/home/ubuntu/crawler_ws/install/gps_interface/share/gps_interface/hook/pythonpath.dsv'
[14.404s] INFO:colcon.colcon_core.shell:Creating environment hook '/home/ubuntu/crawler_ws/install/gps_interface/share/gps_interface/hook/pythonpath.sh'
[14.407s] Level 1:colcon.colcon_core.environment:create_environment_scripts_only(gps_interface)
[14.413s] INFO:colcon.colcon_core.shell:Creating package script '/home/ubuntu/crawler_ws/install/gps_interface/share/gps_interface/package.ps1'
[14.418s] INFO:colcon.colcon_core.shell:Creating package descriptor '/home/ubuntu/crawler_ws/install/gps_interface/share/gps_interface/package.dsv'
[14.423s] INFO:colcon.colcon_core.shell:Creating package script '/home/ubuntu/crawler_ws/install/gps_interface/share/gps_interface/package.sh'
[14.427s] INFO:colcon.colcon_core.shell:Creating package script '/home/ubuntu/crawler_ws/install/gps_interface/share/gps_interface/package.bash'
[14.431s] INFO:colcon.colcon_core.shell:Creating package script '/home/ubuntu/crawler_ws/install/gps_interface/share/gps_interface/package.zsh'
[14.434s] Level 1:colcon.colcon_core.environment:create_file_with_runtime_dependencies(/home/ubuntu/crawler_ws/install/gps_interface/share/colcon-core/packages/gps_interface)
[14.436s] Level 1:colcon.colcon_core.shell:create_environment_hook('imu_interface', 'pythonpath_develop')
[14.441s] INFO:colcon.colcon_core.shell:Creating environment hook '/home/ubuntu/crawler_ws/build/imu_interface/share/imu_interface/hook/pythonpath_develop.ps1'
[14.446s] INFO:colcon.colcon_core.shell:Creating environment descriptor '/home/ubuntu/crawler_ws/build/imu_interface/share/imu_interface/hook/pythonpath_develop.dsv'
[14.451s] DEBUG:colcon.colcon_core.event_handler.log_command:Invoked command in '/home/ubuntu/crawler_ws/build/imu_interface' returned '0': PYTHONPATH=/home/ubuntu/crawler_ws/install/imu_interface/lib/python3.8/site-packages:${PYTHONPATH} /usr/bin/python3 setup.py develop --prefix /home/ubuntu/crawler_ws/install/imu_interface --editable --build-directory /home/ubuntu/crawler_ws/build/imu_interface/build --no-deps install_data --install-dir /home/ubuntu/crawler_ws/install/imu_interface
[14.453s] INFO:colcon.colcon_core.shell:Creating environment hook '/home/ubuntu/crawler_ws/build/imu_interface/share/imu_interface/hook/pythonpath_develop.sh'
[14.464s] Level 1:colcon.colcon_core.environment:checking '/home/ubuntu/crawler_ws/install/imu_interface' for CMake module files
[14.469s] Level 1:colcon.colcon_core.environment:checking '/home/ubuntu/crawler_ws/install/imu_interface' for CMake config files
[14.473s] Level 1:colcon.colcon_core.environment:checking '/home/ubuntu/crawler_ws/install/imu_interface/lib'
[14.474s] Level 1:colcon.colcon_core.environment:checking '/home/ubuntu/crawler_ws/install/imu_interface/bin'
[14.475s] Level 1:colcon.colcon_core.environment:checking '/home/ubuntu/crawler_ws/install/imu_interface/lib/pkgconfig/imu_interface.pc'
[14.475s] Level 1:colcon.colcon_core.environment:checking '/home/ubuntu/crawler_ws/install/imu_interface/lib/python3.8/site-packages'
[14.476s] Level 1:colcon.colcon_core.shell:create_environment_hook('imu_interface', 'pythonpath')
[14.480s] INFO:colcon.colcon_core.shell:Creating environment hook '/home/ubuntu/crawler_ws/install/imu_interface/share/imu_interface/hook/pythonpath.ps1'
[14.483s] INFO:colcon.colcon_core.shell:Creating environment descriptor '/home/ubuntu/crawler_ws/install/imu_interface/share/imu_interface/hook/pythonpath.dsv'
[14.487s] INFO:colcon.colcon_core.shell:Creating environment hook '/home/ubuntu/crawler_ws/install/imu_interface/share/imu_interface/hook/pythonpath.sh'
[14.490s] Level 1:colcon.colcon_core.environment:create_environment_scripts_only(imu_interface)
[14.496s] INFO:colcon.colcon_core.shell:Creating package script '/home/ubuntu/crawler_ws/install/imu_interface/share/imu_interface/package.ps1'
[14.501s] INFO:colcon.colcon_core.shell:Creating package descriptor '/home/ubuntu/crawler_ws/install/imu_interface/share/imu_interface/package.dsv'
[14.505s] INFO:colcon.colcon_core.shell:Creating package script '/home/ubuntu/crawler_ws/install/imu_interface/share/imu_interface/package.sh'
[14.509s] INFO:colcon.colcon_core.shell:Creating package script '/home/ubuntu/crawler_ws/install/imu_interface/share/imu_interface/package.bash'
[14.513s] INFO:colcon.colcon_core.shell:Creating package script '/home/ubuntu/crawler_ws/install/imu_interface/share/imu_interface/package.zsh'
[14.516s] Level 1:colcon.colcon_core.environment:create_file_with_runtime_dependencies(/home/ubuntu/crawler_ws/install/imu_interface/share/colcon-core/packages/imu_interface)
[14.519s] INFO:colcon.colcon_ros.task.ament_python.build:Building ROS package in '/home/ubuntu/crawler_ws/src/arduino_interface' with build type 'ament_python'
[14.520s] Level 1:colcon.colcon_core.shell:create_environment_hook('arduino_interface', 'ament_prefix_path')
[14.525s] INFO:colcon.colcon_core.shell:Creating environment hook '/home/ubuntu/crawler_ws/install/arduino_interface/share/arduino_interface/hook/ament_prefix_path.ps1'
[14.531s] INFO:colcon.colcon_core.shell:Creating environment descriptor '/home/ubuntu/crawler_ws/install/arduino_interface/share/arduino_interface/hook/ament_prefix_path.dsv'
[14.535s] INFO:colcon.colcon_core.shell:Creating environment hook '/home/ubuntu/crawler_ws/install/arduino_interface/share/arduino_interface/hook/ament_prefix_path.sh'
[14.543s] INFO:colcon.colcon_core.shell:Skip shell extension 'powershell' for command environment: Not usable outside of PowerShell
[14.543s] DEBUG:colcon.colcon_core.shell:Skip shell extension 'dsv' for command environment
[14.562s] DEBUG:colcon.colcon_core.shell:Ignoring prefix path '/opt/ros/foxy'
[16.570s] INFO:colcon.colcon_core.task.python.build:Building Python package in '/home/ubuntu/crawler_ws/src/arduino_interface'
[16.576s] INFO:colcon.colcon_core.shell:Skip shell extension 'powershell' for command environment: Not usable outside of PowerShell
[16.576s] DEBUG:colcon.colcon_core.shell:Skip shell extension 'dsv' for command environment
[16.596s] DEBUG:colcon.colcon_core.shell:Ignoring prefix path '/opt/ros/foxy'
[16.671s] DEBUG:colcon.colcon_core.event_handler.log_command:Invoking command in '/home/ubuntu/crawler_ws/build/arduino_interface': PYTHONPATH=/home/ubuntu/crawler_ws/install/arduino_interface/lib/python3.8/site-packages:${PYTHONPATH} /usr/bin/python3 setup.py develop --prefix /home/ubuntu/crawler_ws/install/arduino_interface --editable --build-directory /home/ubuntu/crawler_ws/build/arduino_interface/build --no-deps install_data --install-dir /home/ubuntu/crawler_ws/install/arduino_interface
[20.392s] Level 1:colcon.colcon_core.shell:create_environment_hook('arduino_interface', 'pythonpath_develop')
[20.397s] INFO:colcon.colcon_core.shell:Creating environment hook '/home/ubuntu/crawler_ws/build/arduino_interface/share/arduino_interface/hook/pythonpath_develop.ps1'
[20.401s] DEBUG:colcon.colcon_core.event_handler.log_command:Invoked command in '/home/ubuntu/crawler_ws/build/arduino_interface' returned '0': PYTHONPATH=/home/ubuntu/crawler_ws/install/arduino_interface/lib/python3.8/site-packages:${PYTHONPATH} /usr/bin/python3 setup.py develop --prefix /home/ubuntu/crawler_ws/install/arduino_interface --editable --build-directory /home/ubuntu/crawler_ws/build/arduino_interface/build --no-deps install_data --install-dir /home/ubuntu/crawler_ws/install/arduino_interface
[20.404s] INFO:colcon.colcon_core.shell:Creating environment descriptor '/home/ubuntu/crawler_ws/build/arduino_interface/share/arduino_interface/hook/pythonpath_develop.dsv'
[20.408s] INFO:colcon.colcon_core.shell:Creating environment hook '/home/ubuntu/crawler_ws/build/arduino_interface/share/arduino_interface/hook/pythonpath_develop.sh'
[20.418s] Level 1:colcon.colcon_core.environment:checking '/home/ubuntu/crawler_ws/install/arduino_interface' for CMake module files
[20.424s] Level 1:colcon.colcon_core.environment:checking '/home/ubuntu/crawler_ws/install/arduino_interface' for CMake config files
[20.430s] Level 1:colcon.colcon_core.environment:checking '/home/ubuntu/crawler_ws/install/arduino_interface/lib'
[20.431s] Level 1:colcon.colcon_core.environment:checking '/home/ubuntu/crawler_ws/install/arduino_interface/bin'
[20.432s] Level 1:colcon.colcon_core.environment:checking '/home/ubuntu/crawler_ws/install/arduino_interface/lib/pkgconfig/arduino_interface.pc'
[20.432s] Level 1:colcon.colcon_core.environment:checking '/home/ubuntu/crawler_ws/install/arduino_interface/lib/python3.8/site-packages'
[20.433s] Level 1:colcon.colcon_core.shell:create_environment_hook('arduino_interface', 'pythonpath')
[20.437s] INFO:colcon.colcon_core.shell:Creating environment hook '/home/ubuntu/crawler_ws/install/arduino_interface/share/arduino_interface/hook/pythonpath.ps1'
[20.441s] INFO:colcon.colcon_core.shell:Creating environment descriptor '/home/ubuntu/crawler_ws/install/arduino_interface/share/arduino_interface/hook/pythonpath.dsv'
[20.444s] INFO:colcon.colcon_core.shell:Creating environment hook '/home/ubuntu/crawler_ws/install/arduino_interface/share/arduino_interface/hook/pythonpath.sh'
[20.447s] Level 1:colcon.colcon_core.environment:create_environment_scripts_only(arduino_interface)
[20.453s] INFO:colcon.colcon_core.shell:Creating package script '/home/ubuntu/crawler_ws/install/arduino_interface/share/arduino_interface/package.ps1'
[20.458s] INFO:colcon.colcon_core.shell:Creating package descriptor '/home/ubuntu/crawler_ws/install/arduino_interface/share/arduino_interface/package.dsv'
[20.462s] INFO:colcon.colcon_core.shell:Creating package script '/home/ubuntu/crawler_ws/install/arduino_interface/share/arduino_interface/package.sh'
[20.466s] INFO:colcon.colcon_core.shell:Creating package script '/home/ubuntu/crawler_ws/install/arduino_interface/share/arduino_interface/package.bash'
[20.470s] INFO:colcon.colcon_core.shell:Creating package script '/home/ubuntu/crawler_ws/install/arduino_interface/share/arduino_interface/package.zsh'
[20.473s] Level 1:colcon.colcon_core.environment:create_file_with_runtime_dependencies(/home/ubuntu/crawler_ws/install/arduino_interface/share/colcon-core/packages/arduino_interface)
[20.476s] DEBUG:colcon.colcon_parallel_executor.executor.parallel:closing loop
[20.478s] DEBUG:colcon.colcon_parallel_executor.executor.parallel:loop closed
[20.479s] DEBUG:colcon.colcon_parallel_executor.executor.parallel:run_until_complete finished with '0'
[20.480s] DEBUG:colcon.colcon_core.event_reactor:joining thread
[20.528s] INFO:colcon.colcon_core.plugin_system:Skipping extension 'colcon_notification.desktop_notification.notify_send': Could not find 'notify-send'
[20.529s] INFO:colcon.colcon_core.plugin_system:Skipping extension 'colcon_notification.desktop_notification.terminal_notifier': Not used on non-Darwin systems
[20.530s] INFO:colcon.colcon_core.plugin_system:Skipping extension 'colcon_notification.desktop_notification.win32': Not used on non-Windows systems
[20.530s] INFO:colcon.colcon_notification.desktop_notification:Sending desktop notification using 'notify2'
[20.535s] DEBUG:colcon.colcon_notification.desktop_notification.notify2:Failed to initialize notify2: org.freedesktop.DBus.Error.ServiceUnknown: The name org.freedesktop.Notifications was not provided by any .service files
[20.536s] DEBUG:colcon.colcon_core.event_reactor:joined thread
[20.540s] INFO:colcon.colcon_core.shell:Creating prefix script '/home/ubuntu/crawler_ws/install/local_setup.ps1'
[20.548s] INFO:colcon.colcon_core.shell:Creating prefix util module '/home/ubuntu/crawler_ws/install/_local_setup_util_ps1.py'
[20.559s] INFO:colcon.colcon_core.shell:Creating prefix chain script '/home/ubuntu/crawler_ws/install/setup.ps1'
[20.579s] INFO:colcon.colcon_core.shell:Creating prefix script '/home/ubuntu/crawler_ws/install/local_setup.sh'
[20.584s] INFO:colcon.colcon_core.shell:Creating prefix util module '/home/ubuntu/crawler_ws/install/_local_setup_util_sh.py'
[20.588s] INFO:colcon.colcon_core.shell:Creating prefix chain script '/home/ubuntu/crawler_ws/install/setup.sh'
[20.608s] INFO:colcon.colcon_core.shell:Creating prefix script '/home/ubuntu/crawler_ws/install/local_setup.bash'
[20.612s] INFO:colcon.colcon_core.shell:Creating prefix chain script '/home/ubuntu/crawler_ws/install/setup.bash'
[20.632s] INFO:colcon.colcon_core.shell:Creating prefix script '/home/ubuntu/crawler_ws/install/local_setup.zsh'
[20.636s] INFO:colcon.colcon_core.shell:Creating prefix chain script '/home/ubuntu/crawler_ws/install/setup.zsh'
