running develop
Removing /home/ubuntu/crawler_ws/install/arduino_interface/lib/python3.8/site-packages/arduino-interface.egg-link (link to .)
running egg_info
writing ../../build/arduino_interface/arduino_interface.egg-info/PKG-INFO
writing dependency_links to ../../build/arduino_interface/arduino_interface.egg-info/dependency_links.txt
writing entry points to ../../build/arduino_interface/arduino_interface.egg-info/entry_points.txt
writing requirements to ../../build/arduino_interface/arduino_interface.egg-info/requires.txt
writing top-level names to ../../build/arduino_interface/arduino_interface.egg-info/top_level.txt
reading manifest file '../../build/arduino_interface/arduino_interface.egg-info/SOURCES.txt'
writing manifest file '../../build/arduino_interface/arduino_interface.egg-info/SOURCES.txt'
running build
running build_py
creating /home/ubuntu/crawler_ws/build/arduino_interface/build
creating /home/ubuntu/crawler_ws/build/arduino_interface/build/lib
creating /home/ubuntu/crawler_ws/build/arduino_interface/build/lib/arduino_interface
copying arduino_interface/arduino_pub.py -> /home/ubuntu/crawler_ws/build/arduino_interface/build/lib/arduino_interface
copying arduino_interface/__init__.py -> /home/ubuntu/crawler_ws/build/arduino_interface/build/lib/arduino_interface
running install
running install_lib
creating /home/ubuntu/crawler_ws/install/arduino_interface/lib/python3.8/site-packages/arduino_interface
copying /home/ubuntu/crawler_ws/build/arduino_interface/build/lib/arduino_interface/arduino_pub.py -> /home/ubuntu/crawler_ws/install/arduino_interface/lib/python3.8/site-packages/arduino_interface
copying /home/ubuntu/crawler_ws/build/arduino_interface/build/lib/arduino_interface/__init__.py -> /home/ubuntu/crawler_ws/install/arduino_interface/lib/python3.8/site-packages/arduino_interface
byte-compiling /home/ubuntu/crawler_ws/install/arduino_interface/lib/python3.8/site-packages/arduino_interface/arduino_pub.py to arduino_pub.cpython-38.pyc
byte-compiling /home/ubuntu/crawler_ws/install/arduino_interface/lib/python3.8/site-packages/arduino_interface/__init__.py to __init__.cpython-38.pyc
running install_data
running install_egg_info
Copying ../../build/arduino_interface/arduino_interface.egg-info to /home/ubuntu/crawler_ws/install/arduino_interface/lib/python3.8/site-packages/arduino_interface-0.0.0-py3.8.egg-info
running install_scripts
Installing arduino_pub script to /home/ubuntu/crawler_ws/install/arduino_interface/lib/arduino_interface
writing list of installed files to '/home/ubuntu/crawler_ws/build/arduino_interface/install.log'
