[2.518s] DEBUG:colcon:Command line arguments: ['/usr/bin/colcon', 'build', '--symlink-install']
[2.519s] DEBUG:colcon:Parsed command line arguments: Namespace(ament_cmake_args=None, base_paths=['.'], build_base='build', catkin_cmake_args=None, catkin_skip_building_tests=False, cmake_args=None, cmake_clean_cache=False, cmake_clean_first=False, cmake_force_configure=False, cmake_target=None, cmake_target_skip_unavailable=False, continue_on_error=False, event_handlers=None, executor='parallel', ignore_user_meta=False, install_base='install', log_base=None, log_level=None, main=<bound method BuildVerb.main of <colcon_core.verb.build.BuildVerb object at 0xffffacc0cfd0>>, merge_install=False, metas=['./colcon.meta'], packages_above=None, packages_above_and_dependencies=None, packages_above_depth=None, packages_end=None, packages_ignore=None, packages_ignore_regex=None, packages_select=None, packages_select_build_failed=False, packages_select_by_dep=None, packages_select_regex=None, packages_select_test_failures=False, packages_skip=None, packages_skip_build_finished=False, packages_skip_by_dep=None, packages_skip_regex=None, packages_skip_test_passed=False, packages_skip_up_to=None, packages_start=None, packages_up_to=None, packages_up_to_regex=None, parallel_workers=4, paths=None, symlink_install=True, test_result_base=None, verb_extension=<colcon_core.verb.build.BuildVerb object at 0xffffacc0cfd0>, verb_name='build', verb_parser=<colcon_defaults.argument_parser.defaults.DefaultArgumentsDecorator object at 0xffffacc13490>)
[2.575s] Level 1:colcon.colcon_core.package_discovery:discover_packages(colcon_meta) check parameters
[2.576s] Level 1:colcon.colcon_core.package_discovery:discover_packages(recursive) check parameters
[2.576s] Level 1:colcon.colcon_core.package_discovery:discover_packages(ignore) check parameters
[2.576s] Level 1:colcon.colcon_core.package_discovery:discover_packages(path) check parameters
[2.576s] Level 1:colcon.colcon_core.package_discovery:discover_packages(colcon_meta) discover
[2.577s] Level 1:colcon.colcon_core.package_discovery:discover_packages(recursive) discover
[2.577s] INFO:colcon.colcon_core.package_discovery:Crawling recursively for packages in '/home/ubuntu/crawler_ws'
[2.578s] Level 1:colcon.colcon_core.package_identification:_identify(.) by extensions ['ignore', 'ignore_ament_install']
[2.579s] Level 1:colcon.colcon_core.package_identification:_identify(.) by extension 'ignore'
[2.579s] Level 1:colcon.colcon_core.package_identification:_identify(.) by extension 'ignore_ament_install'
[2.580s] Level 1:colcon.colcon_core.package_identification:_identify(.) by extensions ['colcon_pkg']
[2.580s] Level 1:colcon.colcon_core.package_identification:_identify(.) by extension 'colcon_pkg'
[2.581s] Level 1:colcon.colcon_core.package_identification:_identify(.) by extensions ['colcon_meta']
[2.581s] Level 1:colcon.colcon_core.package_identification:_identify(.) by extension 'colcon_meta'
[2.581s] Level 1:colcon.colcon_core.package_identification:_identify(.) by extensions ['ros']
[2.581s] Level 1:colcon.colcon_core.package_identification:_identify(.) by extension 'ros'
[2.672s] Level 1:colcon.colcon_core.package_identification:_identify(.) by extensions ['cmake', 'python']
[2.672s] Level 1:colcon.colcon_core.package_identification:_identify(.) by extension 'cmake'
[2.673s] Level 1:colcon.colcon_core.package_identification:_identify(.) by extension 'python'
[2.673s] Level 1:colcon.colcon_core.package_identification:_identify(.) by extensions ['python_setup_py']
[2.673s] Level 1:colcon.colcon_core.package_identification:_identify(.) by extension 'python_setup_py'
[2.674s] Level 1:colcon.colcon_core.package_identification:_identify(build) by extensions ['ignore', 'ignore_ament_install']
[2.675s] Level 1:colcon.colcon_core.package_identification:_identify(build) by extension 'ignore'
[2.676s] Level 1:colcon.colcon_core.package_identification:_identify(build) ignored
[2.677s] Level 1:colcon.colcon_core.package_identification:_identify(install) by extensions ['ignore', 'ignore_ament_install']
[2.678s] Level 1:colcon.colcon_core.package_identification:_identify(install) by extension 'ignore'
[2.678s] Level 1:colcon.colcon_core.package_identification:_identify(install) ignored
[2.679s] Level 1:colcon.colcon_core.package_identification:_identify(log) by extensions ['ignore', 'ignore_ament_install']
[2.680s] Level 1:colcon.colcon_core.package_identification:_identify(log) by extension 'ignore'
[2.680s] Level 1:colcon.colcon_core.package_identification:_identify(log) ignored
[2.681s] Level 1:colcon.colcon_core.package_identification:_identify(src) by extensions ['ignore', 'ignore_ament_install']
[2.682s] Level 1:colcon.colcon_core.package_identification:_identify(src) by extension 'ignore'
[2.682s] Level 1:colcon.colcon_core.package_identification:_identify(src) by extension 'ignore_ament_install'
[2.683s] Level 1:colcon.colcon_core.package_identification:_identify(src) by extensions ['colcon_pkg']
[2.683s] Level 1:colcon.colcon_core.package_identification:_identify(src) by extension 'colcon_pkg'
[2.683s] Level 1:colcon.colcon_core.package_identification:_identify(src) by extensions ['colcon_meta']
[2.684s] Level 1:colcon.colcon_core.package_identification:_identify(src) by extension 'colcon_meta'
[2.684s] Level 1:colcon.colcon_core.package_identification:_identify(src) by extensions ['ros']
[2.684s] Level 1:colcon.colcon_core.package_identification:_identify(src) by extension 'ros'
[2.685s] Level 1:colcon.colcon_core.package_identification:_identify(src) by extensions ['cmake', 'python']
[2.686s] Level 1:colcon.colcon_core.package_identification:_identify(src) by extension 'cmake'
[2.686s] Level 1:colcon.colcon_core.package_identification:_identify(src) by extension 'python'
[2.686s] Level 1:colcon.colcon_core.package_identification:_identify(src) by extensions ['python_setup_py']
[2.687s] Level 1:colcon.colcon_core.package_identification:_identify(src) by extension 'python_setup_py'
[2.688s] Level 1:colcon.colcon_core.package_identification:_identify(src/arduino_interface) by extensions ['ignore', 'ignore_ament_install']
[2.688s] Level 1:colcon.colcon_core.package_identification:_identify(src/arduino_interface) by extension 'ignore'
[2.689s] Level 1:colcon.colcon_core.package_identification:_identify(src/arduino_interface) by extension 'ignore_ament_install'
[2.689s] Level 1:colcon.colcon_core.package_identification:_identify(src/arduino_interface) by extensions ['colcon_pkg']
[2.690s] Level 1:colcon.colcon_core.package_identification:_identify(src/arduino_interface) by extension 'colcon_pkg'
[2.690s] Level 1:colcon.colcon_core.package_identification:_identify(src/arduino_interface) by extensions ['colcon_meta']
[2.690s] Level 1:colcon.colcon_core.package_identification:_identify(src/arduino_interface) by extension 'colcon_meta'
[2.691s] Level 1:colcon.colcon_core.package_identification:_identify(src/arduino_interface) by extensions ['ros']
[2.691s] Level 1:colcon.colcon_core.package_identification:_identify(src/arduino_interface) by extension 'ros'
[2.708s] DEBUG:colcon.colcon_core.package_identification:Package 'src/arduino_interface' with type 'ros.ament_python' and name 'arduino_interface'
[2.710s] Level 1:colcon.colcon_core.package_identification:_identify(src/encoder_interface) by extensions ['ignore', 'ignore_ament_install']
[2.710s] Level 1:colcon.colcon_core.package_identification:_identify(src/encoder_interface) by extension 'ignore'
[2.711s] Level 1:colcon.colcon_core.package_identification:_identify(src/encoder_interface) by extension 'ignore_ament_install'
[2.712s] Level 1:colcon.colcon_core.package_identification:_identify(src/encoder_interface) by extensions ['colcon_pkg']
[2.712s] Level 1:colcon.colcon_core.package_identification:_identify(src/encoder_interface) by extension 'colcon_pkg'
[2.712s] Level 1:colcon.colcon_core.package_identification:_identify(src/encoder_interface) by extensions ['colcon_meta']
[2.713s] Level 1:colcon.colcon_core.package_identification:_identify(src/encoder_interface) by extension 'colcon_meta'
[2.713s] Level 1:colcon.colcon_core.package_identification:_identify(src/encoder_interface) by extensions ['ros']
[2.713s] Level 1:colcon.colcon_core.package_identification:_identify(src/encoder_interface) by extension 'ros'
[2.728s] DEBUG:colcon.colcon_core.package_identification:Package 'src/encoder_interface' with type 'ros.ament_python' and name 'encoder_interface'
[2.730s] Level 1:colcon.colcon_core.package_identification:_identify(src/gps_interface) by extensions ['ignore', 'ignore_ament_install']
[2.730s] Level 1:colcon.colcon_core.package_identification:_identify(src/gps_interface) by extension 'ignore'
[2.731s] Level 1:colcon.colcon_core.package_identification:_identify(src/gps_interface) by extension 'ignore_ament_install'
[2.731s] Level 1:colcon.colcon_core.package_identification:_identify(src/gps_interface) by extensions ['colcon_pkg']
[2.732s] Level 1:colcon.colcon_core.package_identification:_identify(src/gps_interface) by extension 'colcon_pkg'
[2.732s] Level 1:colcon.colcon_core.package_identification:_identify(src/gps_interface) by extensions ['colcon_meta']
[2.732s] Level 1:colcon.colcon_core.package_identification:_identify(src/gps_interface) by extension 'colcon_meta'
[2.733s] Level 1:colcon.colcon_core.package_identification:_identify(src/gps_interface) by extensions ['ros']
[2.733s] Level 1:colcon.colcon_core.package_identification:_identify(src/gps_interface) by extension 'ros'
[2.738s] DEBUG:colcon.colcon_core.package_identification:Package 'src/gps_interface' with type 'ros.ament_python' and name 'gps_interface'
[2.739s] Level 1:colcon.colcon_core.package_identification:_identify(src/imu_interface) by extensions ['ignore', 'ignore_ament_install']
[2.740s] Level 1:colcon.colcon_core.package_identification:_identify(src/imu_interface) by extension 'ignore'
[2.740s] Level 1:colcon.colcon_core.package_identification:_identify(src/imu_interface) by extension 'ignore_ament_install'
[2.741s] Level 1:colcon.colcon_core.package_identification:_identify(src/imu_interface) by extensions ['colcon_pkg']
[2.741s] Level 1:colcon.colcon_core.package_identification:_identify(src/imu_interface) by extension 'colcon_pkg'
[2.742s] Level 1:colcon.colcon_core.package_identification:_identify(src/imu_interface) by extensions ['colcon_meta']
[2.742s] Level 1:colcon.colcon_core.package_identification:_identify(src/imu_interface) by extension 'colcon_meta'
[2.742s] Level 1:colcon.colcon_core.package_identification:_identify(src/imu_interface) by extensions ['ros']
[2.742s] Level 1:colcon.colcon_core.package_identification:_identify(src/imu_interface) by extension 'ros'
[2.748s] DEBUG:colcon.colcon_core.package_identification:Package 'src/imu_interface' with type 'ros.ament_python' and name 'imu_interface'
[2.748s] Level 1:colcon.colcon_core.package_discovery:discover_packages(recursive) using defaults
[2.749s] Level 1:colcon.colcon_core.package_discovery:discover_packages(ignore) discover
[2.749s] Level 1:colcon.colcon_core.package_discovery:discover_packages(ignore) using defaults
[2.749s] Level 1:colcon.colcon_core.package_discovery:discover_packages(path) discover
[2.750s] Level 1:colcon.colcon_core.package_discovery:discover_packages(path) using defaults
[2.903s] Level 5:colcon.colcon_core.verb:set package 'arduino_interface' build argument 'cmake_args' from command line to 'None'
[2.903s] Level 5:colcon.colcon_core.verb:set package 'arduino_interface' build argument 'cmake_target' from command line to 'None'
[2.904s] Level 5:colcon.colcon_core.verb:set package 'arduino_interface' build argument 'cmake_target_skip_unavailable' from command line to 'False'
[2.904s] Level 5:colcon.colcon_core.verb:set package 'arduino_interface' build argument 'cmake_clean_cache' from command line to 'False'
[2.904s] Level 5:colcon.colcon_core.verb:set package 'arduino_interface' build argument 'cmake_clean_first' from command line to 'False'
[2.904s] Level 5:colcon.colcon_core.verb:set package 'arduino_interface' build argument 'cmake_force_configure' from command line to 'False'
[2.905s] Level 5:colcon.colcon_core.verb:set package 'arduino_interface' build argument 'ament_cmake_args' from command line to 'None'
[2.905s] Level 5:colcon.colcon_core.verb:set package 'arduino_interface' build argument 'catkin_cmake_args' from command line to 'None'
[2.905s] Level 5:colcon.colcon_core.verb:set package 'arduino_interface' build argument 'catkin_skip_building_tests' from command line to 'False'
[2.905s] DEBUG:colcon.colcon_core.verb:Building package 'arduino_interface' with the following arguments: {'ament_cmake_args': None, 'build_base': '/home/ubuntu/crawler_ws/build/arduino_interface', 'catkin_cmake_args': None, 'catkin_skip_building_tests': False, 'cmake_args': None, 'cmake_clean_cache': False, 'cmake_clean_first': False, 'cmake_force_configure': False, 'cmake_target': None, 'cmake_target_skip_unavailable': False, 'install_base': '/home/ubuntu/crawler_ws/install/arduino_interface', 'merge_install': False, 'path': '/home/ubuntu/crawler_ws/src/arduino_interface', 'symlink_install': True, 'test_result_base': None}
[2.927s] Level 5:colcon.colcon_core.verb:set package 'encoder_interface' build argument 'cmake_args' from command line to 'None'
[2.928s] Level 5:colcon.colcon_core.verb:set package 'encoder_interface' build argument 'cmake_target' from command line to 'None'
[2.928s] Level 5:colcon.colcon_core.verb:set package 'encoder_interface' build argument 'cmake_target_skip_unavailable' from command line to 'False'
[2.928s] Level 5:colcon.colcon_core.verb:set package 'encoder_interface' build argument 'cmake_clean_cache' from command line to 'False'
[2.928s] Level 5:colcon.colcon_core.verb:set package 'encoder_interface' build argument 'cmake_clean_first' from command line to 'False'
[2.929s] Level 5:colcon.colcon_core.verb:set package 'encoder_interface' build argument 'cmake_force_configure' from command line to 'False'
[2.929s] Level 5:colcon.colcon_core.verb:set package 'encoder_interface' build argument 'ament_cmake_args' from command line to 'None'
[2.929s] Level 5:colcon.colcon_core.verb:set package 'encoder_interface' build argument 'catkin_cmake_args' from command line to 'None'
[2.929s] Level 5:colcon.colcon_core.verb:set package 'encoder_interface' build argument 'catkin_skip_building_tests' from command line to 'False'
[2.930s] DEBUG:colcon.colcon_core.verb:Building package 'encoder_interface' with the following arguments: {'ament_cmake_args': None, 'build_base': '/home/ubuntu/crawler_ws/build/encoder_interface', 'catkin_cmake_args': None, 'catkin_skip_building_tests': False, 'cmake_args': None, 'cmake_clean_cache': False, 'cmake_clean_first': False, 'cmake_force_configure': False, 'cmake_target': None, 'cmake_target_skip_unavailable': False, 'install_base': '/home/ubuntu/crawler_ws/install/encoder_interface', 'merge_install': False, 'path': '/home/ubuntu/crawler_ws/src/encoder_interface', 'symlink_install': True, 'test_result_base': None}
[2.951s] Level 5:colcon.colcon_core.verb:set package 'gps_interface' build argument 'cmake_args' from command line to 'None'
[2.952s] Level 5:colcon.colcon_core.verb:set package 'gps_interface' build argument 'cmake_target' from command line to 'None'
[2.952s] Level 5:colcon.colcon_core.verb:set package 'gps_interface' build argument 'cmake_target_skip_unavailable' from command line to 'False'
[2.952s] Level 5:colcon.colcon_core.verb:set package 'gps_interface' build argument 'cmake_clean_cache' from command line to 'False'
[2.953s] Level 5:colcon.colcon_core.verb:set package 'gps_interface' build argument 'cmake_clean_first' from command line to 'False'
[2.953s] Level 5:colcon.colcon_core.verb:set package 'gps_interface' build argument 'cmake_force_configure' from command line to 'False'
[2.953s] Level 5:colcon.colcon_core.verb:set package 'gps_interface' build argument 'ament_cmake_args' from command line to 'None'
[2.953s] Level 5:colcon.colcon_core.verb:set package 'gps_interface' build argument 'catkin_cmake_args' from command line to 'None'
[2.953s] Level 5:colcon.colcon_core.verb:set package 'gps_interface' build argument 'catkin_skip_building_tests' from command line to 'False'
[2.954s] DEBUG:colcon.colcon_core.verb:Building package 'gps_interface' with the following arguments: {'ament_cmake_args': None, 'build_base': '/home/ubuntu/crawler_ws/build/gps_interface', 'catkin_cmake_args': None, 'catkin_skip_building_tests': False, 'cmake_args': None, 'cmake_clean_cache': False, 'cmake_clean_first': False, 'cmake_force_configure': False, 'cmake_target': None, 'cmake_target_skip_unavailable': False, 'install_base': '/home/ubuntu/crawler_ws/install/gps_interface', 'merge_install': False, 'path': '/home/ubuntu/crawler_ws/src/gps_interface', 'symlink_install': True, 'test_result_base': None}
[2.975s] Level 5:colcon.colcon_core.verb:set package 'imu_interface' build argument 'cmake_args' from command line to 'None'
[2.976s] Level 5:colcon.colcon_core.verb:set package 'imu_interface' build argument 'cmake_target' from command line to 'None'
[2.976s] Level 5:colcon.colcon_core.verb:set package 'imu_interface' build argument 'cmake_target_skip_unavailable' from command line to 'False'
[2.976s] Level 5:colcon.colcon_core.verb:set package 'imu_interface' build argument 'cmake_clean_cache' from command line to 'False'
[2.977s] Level 5:colcon.colcon_core.verb:set package 'imu_interface' build argument 'cmake_clean_first' from command line to 'False'
[2.977s] Level 5:colcon.colcon_core.verb:set package 'imu_interface' build argument 'cmake_force_configure' from command line to 'False'
[2.977s] Level 5:colcon.colcon_core.verb:set package 'imu_interface' build argument 'ament_cmake_args' from command line to 'None'
[2.977s] Level 5:colcon.colcon_core.verb:set package 'imu_interface' build argument 'catkin_cmake_args' from command line to 'None'
[2.977s] Level 5:colcon.colcon_core.verb:set package 'imu_interface' build argument 'catkin_skip_building_tests' from command line to 'False'
[2.978s] DEBUG:colcon.colcon_core.verb:Building package 'imu_interface' with the following arguments: {'ament_cmake_args': None, 'build_base': '/home/ubuntu/crawler_ws/build/imu_interface', 'catkin_cmake_args': None, 'catkin_skip_building_tests': False, 'cmake_args': None, 'cmake_clean_cache': False, 'cmake_clean_first': False, 'cmake_force_configure': False, 'cmake_target': None, 'cmake_target_skip_unavailable': False, 'install_base': '/home/ubuntu/crawler_ws/install/imu_interface', 'merge_install': False, 'path': '/home/ubuntu/crawler_ws/src/imu_interface', 'symlink_install': True, 'test_result_base': None}
[2.980s] INFO:colcon.colcon_core.executor:Executing jobs using 'parallel' executor
[2.995s] DEBUG:colcon.colcon_parallel_executor.executor.parallel:run_until_complete
[2.997s] INFO:colcon.colcon_ros.task.ament_python.build:Building ROS package in '/home/ubuntu/crawler_ws/src/arduino_interface' with build type 'ament_python'
[2.999s] Level 1:colcon.colcon_core.shell:create_environment_hook('arduino_interface', 'ament_prefix_path')
[3.028s] INFO:colcon.colcon_core.plugin_system:Skipping extension 'colcon_core.shell.bat': Not used on non-Windows systems
[3.030s] INFO:colcon.colcon_core.shell:Creating environment hook '/home/ubuntu/crawler_ws/install/arduino_interface/share/arduino_interface/hook/ament_prefix_path.ps1'
[3.035s] INFO:colcon.colcon_core.shell:Creating environment descriptor '/home/ubuntu/crawler_ws/install/arduino_interface/share/arduino_interface/hook/ament_prefix_path.dsv'
[3.039s] INFO:colcon.colcon_core.shell:Creating environment hook '/home/ubuntu/crawler_ws/install/arduino_interface/share/arduino_interface/hook/ament_prefix_path.sh'
[3.047s] INFO:colcon.colcon_core.shell:Skip shell extension 'powershell' for command environment: Not usable outside of PowerShell
[3.048s] DEBUG:colcon.colcon_core.shell:Skip shell extension 'dsv' for command environment
[3.066s] DEBUG:colcon.colcon_core.shell:Ignoring prefix path '/opt/ros/foxy'
[3.084s] INFO:colcon.colcon_ros.task.ament_python.build:Building ROS package in '/home/ubuntu/crawler_ws/src/encoder_interface' with build type 'ament_python'
[3.086s] Level 1:colcon.colcon_core.shell:create_environment_hook('encoder_interface', 'ament_prefix_path')
[3.093s] INFO:colcon.colcon_core.shell:Creating environment hook '/home/ubuntu/crawler_ws/install/encoder_interface/share/encoder_interface/hook/ament_prefix_path.ps1'
[3.099s] INFO:colcon.colcon_core.shell:Creating environment descriptor '/home/ubuntu/crawler_ws/install/encoder_interface/share/encoder_interface/hook/ament_prefix_path.dsv'
[3.101s] INFO:colcon.colcon_core.shell:Creating environment hook '/home/ubuntu/crawler_ws/install/encoder_interface/share/encoder_interface/hook/ament_prefix_path.sh'
[3.109s] INFO:colcon.colcon_core.shell:Skip shell extension 'powershell' for command environment: Not usable outside of PowerShell
[3.109s] DEBUG:colcon.colcon_core.shell:Skip shell extension 'dsv' for command environment
[3.122s] DEBUG:colcon.colcon_core.shell:Ignoring prefix path '/opt/ros/foxy'
[3.137s] INFO:colcon.colcon_ros.task.ament_python.build:Building ROS package in '/home/ubuntu/crawler_ws/src/gps_interface' with build type 'ament_python'
[3.139s] Level 1:colcon.colcon_core.shell:create_environment_hook('gps_interface', 'ament_prefix_path')
[3.146s] INFO:colcon.colcon_core.shell:Creating environment hook '/home/ubuntu/crawler_ws/install/gps_interface/share/gps_interface/hook/ament_prefix_path.ps1'
[3.151s] INFO:colcon.colcon_core.shell:Creating environment descriptor '/home/ubuntu/crawler_ws/install/gps_interface/share/gps_interface/hook/ament_prefix_path.dsv'
[3.154s] INFO:colcon.colcon_core.shell:Creating environment hook '/home/ubuntu/crawler_ws/install/gps_interface/share/gps_interface/hook/ament_prefix_path.sh'
[3.162s] INFO:colcon.colcon_core.shell:Skip shell extension 'powershell' for command environment: Not usable outside of PowerShell
[3.162s] DEBUG:colcon.colcon_core.shell:Skip shell extension 'dsv' for command environment
[3.174s] DEBUG:colcon.colcon_core.shell:Ignoring prefix path '/opt/ros/foxy'
[3.189s] INFO:colcon.colcon_ros.task.ament_python.build:Building ROS package in '/home/ubuntu/crawler_ws/src/imu_interface' with build type 'ament_python'
[3.191s] Level 1:colcon.colcon_core.shell:create_environment_hook('imu_interface', 'ament_prefix_path')
[3.198s] INFO:colcon.colcon_core.shell:Creating environment hook '/home/ubuntu/crawler_ws/install/imu_interface/share/imu_interface/hook/ament_prefix_path.ps1'
[3.204s] INFO:colcon.colcon_core.shell:Creating environment descriptor '/home/ubuntu/crawler_ws/install/imu_interface/share/imu_interface/hook/ament_prefix_path.dsv'
[3.207s] INFO:colcon.colcon_core.shell:Creating environment hook '/home/ubuntu/crawler_ws/install/imu_interface/share/imu_interface/hook/ament_prefix_path.sh'
[3.214s] INFO:colcon.colcon_core.shell:Skip shell extension 'powershell' for command environment: Not usable outside of PowerShell
[3.214s] DEBUG:colcon.colcon_core.shell:Skip shell extension 'dsv' for command environment
[3.226s] DEBUG:colcon.colcon_core.shell:Ignoring prefix path '/opt/ros/foxy'
[5.067s] INFO:colcon.colcon_core.task.python.build:Building Python package in '/home/ubuntu/crawler_ws/src/arduino_interface'
[5.072s] INFO:colcon.colcon_core.shell:Skip shell extension 'powershell' for command environment: Not usable outside of PowerShell
[5.072s] DEBUG:colcon.colcon_core.shell:Skip shell extension 'dsv' for command environment
[5.084s] DEBUG:colcon.colcon_core.shell:Ignoring prefix path '/opt/ros/foxy'
[6.918s] INFO:colcon.colcon_core.task.python.build:Building Python package in '/home/ubuntu/crawler_ws/src/encoder_interface'
[6.923s] INFO:colcon.colcon_core.shell:Skip shell extension 'powershell' for command environment: Not usable outside of PowerShell
[6.923s] DEBUG:colcon.colcon_core.shell:Skip shell extension 'dsv' for command environment
[6.937s] DEBUG:colcon.colcon_core.shell:Ignoring prefix path '/opt/ros/foxy'
[8.758s] INFO:colcon.colcon_core.task.python.build:Building Python package in '/home/ubuntu/crawler_ws/src/gps_interface'
[8.764s] INFO:colcon.colcon_core.shell:Skip shell extension 'powershell' for command environment: Not usable outside of PowerShell
[8.764s] DEBUG:colcon.colcon_core.shell:Skip shell extension 'dsv' for command environment
[8.779s] DEBUG:colcon.colcon_core.shell:Ignoring prefix path '/opt/ros/foxy'
[10.606s] INFO:colcon.colcon_core.task.python.build:Building Python package in '/home/ubuntu/crawler_ws/src/imu_interface'
[10.611s] INFO:colcon.colcon_core.shell:Skip shell extension 'powershell' for command environment: Not usable outside of PowerShell
[10.612s] DEBUG:colcon.colcon_core.shell:Skip shell extension 'dsv' for command environment
[10.625s] DEBUG:colcon.colcon_core.shell:Ignoring prefix path '/opt/ros/foxy'
[10.670s] DEBUG:colcon.colcon_core.event_handler.log_command:Invoking command in '/home/ubuntu/crawler_ws/build/arduino_interface': PYTHONPATH=/home/ubuntu/crawler_ws/install/arduino_interface/lib/python3.8/site-packages:${PYTHONPATH} /usr/bin/python3 setup.py develop --prefix /home/ubuntu/crawler_ws/install/arduino_interface --editable --build-directory /home/ubuntu/crawler_ws/build/arduino_interface/build --no-deps install_data --install-dir /home/ubuntu/crawler_ws/install/arduino_interface
[10.722s] DEBUG:colcon.colcon_core.event_handler.log_command:Invoking command in '/home/ubuntu/crawler_ws/build/encoder_interface': PYTHONPATH=/home/ubuntu/crawler_ws/install/encoder_interface/lib/python3.8/site-packages:${PYTHONPATH} /usr/bin/python3 setup.py develop --prefix /home/ubuntu/crawler_ws/install/encoder_interface --editable --build-directory /home/ubuntu/crawler_ws/build/encoder_interface/build --no-deps install_data --install-dir /home/ubuntu/crawler_ws/install/encoder_interface
[10.755s] DEBUG:colcon.colcon_core.event_handler.log_command:Invoking command in '/home/ubuntu/crawler_ws/build/gps_interface': PYTHONPATH=/home/ubuntu/crawler_ws/install/gps_interface/lib/python3.8/site-packages:${PYTHONPATH} /usr/bin/python3 setup.py develop --prefix /home/ubuntu/crawler_ws/install/gps_interface --editable --build-directory /home/ubuntu/crawler_ws/build/gps_interface/build --no-deps install_data --install-dir /home/ubuntu/crawler_ws/install/gps_interface
[10.824s] DEBUG:colcon.colcon_core.event_handler.log_command:Invoking command in '/home/ubuntu/crawler_ws/build/imu_interface': PYTHONPATH=/home/ubuntu/crawler_ws/install/imu_interface/lib/python3.8/site-packages:${PYTHONPATH} /usr/bin/python3 setup.py develop --prefix /home/ubuntu/crawler_ws/install/imu_interface --editable --build-directory /home/ubuntu/crawler_ws/build/imu_interface/build --no-deps install_data --install-dir /home/ubuntu/crawler_ws/install/imu_interface
[15.887s] Level 1:colcon.colcon_core.shell:create_environment_hook('arduino_interface', 'pythonpath_develop')
[15.897s] INFO:colcon.colcon_core.shell:Creating environment hook '/home/ubuntu/crawler_ws/build/arduino_interface/share/arduino_interface/hook/pythonpath_develop.ps1'
[15.890s] DEBUG:colcon.colcon_core.event_handler.log_command:Invoked command in '/home/ubuntu/crawler_ws/build/arduino_interface' returned '0': PYTHONPATH=/home/ubuntu/crawler_ws/install/arduino_interface/lib/python3.8/site-packages:${PYTHONPATH} /usr/bin/python3 setup.py develop --prefix /home/ubuntu/crawler_ws/install/arduino_interface --editable --build-directory /home/ubuntu/crawler_ws/build/arduino_interface/build --no-deps install_data --install-dir /home/ubuntu/crawler_ws/install/arduino_interface
[15.906s] INFO:colcon.colcon_core.shell:Creating environment descriptor '/home/ubuntu/crawler_ws/build/arduino_interface/share/arduino_interface/hook/pythonpath_develop.dsv'
[15.910s] INFO:colcon.colcon_core.shell:Creating environment hook '/home/ubuntu/crawler_ws/build/arduino_interface/share/arduino_interface/hook/pythonpath_develop.sh'
[15.949s] Level 1:colcon.colcon_core.environment:checking '/home/ubuntu/crawler_ws/install/arduino_interface' for CMake module files
[15.955s] Level 1:colcon.colcon_core.environment:checking '/home/ubuntu/crawler_ws/install/arduino_interface' for CMake config files
[15.962s] Level 1:colcon.colcon_core.environment:checking '/home/ubuntu/crawler_ws/install/arduino_interface/lib'
[15.965s] Level 1:colcon.colcon_core.environment:checking '/home/ubuntu/crawler_ws/install/arduino_interface/bin'
[15.966s] Level 1:colcon.colcon_core.environment:checking '/home/ubuntu/crawler_ws/install/arduino_interface/lib/pkgconfig/arduino_interface.pc'
[15.967s] Level 1:colcon.colcon_core.environment:checking '/home/ubuntu/crawler_ws/install/arduino_interface/lib/python3.8/site-packages'
[15.968s] Level 1:colcon.colcon_core.shell:create_environment_hook('arduino_interface', 'pythonpath')
[15.973s] INFO:colcon.colcon_core.shell:Creating environment hook '/home/ubuntu/crawler_ws/install/arduino_interface/share/arduino_interface/hook/pythonpath.ps1'
[15.978s] INFO:colcon.colcon_core.shell:Creating environment descriptor '/home/ubuntu/crawler_ws/install/arduino_interface/share/arduino_interface/hook/pythonpath.dsv'
[15.982s] INFO:colcon.colcon_core.shell:Creating environment hook '/home/ubuntu/crawler_ws/install/arduino_interface/share/arduino_interface/hook/pythonpath.sh'
[15.985s] Level 1:colcon.colcon_core.environment:create_environment_scripts_only(arduino_interface)
[15.992s] INFO:colcon.colcon_core.shell:Creating package script '/home/ubuntu/crawler_ws/install/arduino_interface/share/arduino_interface/package.ps1'
[16.004s] INFO:colcon.colcon_core.shell:Creating package descriptor '/home/ubuntu/crawler_ws/install/arduino_interface/share/arduino_interface/package.dsv'
[16.010s] INFO:colcon.colcon_core.shell:Creating package script '/home/ubuntu/crawler_ws/install/arduino_interface/share/arduino_interface/package.sh'
[16.020s] INFO:colcon.colcon_core.shell:Creating package script '/home/ubuntu/crawler_ws/install/arduino_interface/share/arduino_interface/package.bash'
[16.027s] INFO:colcon.colcon_core.shell:Creating package script '/home/ubuntu/crawler_ws/install/arduino_interface/share/arduino_interface/package.zsh'
[16.035s] Level 1:colcon.colcon_core.environment:create_file_with_runtime_dependencies(/home/ubuntu/crawler_ws/install/arduino_interface/share/colcon-core/packages/arduino_interface)
[16.048s] Level 1:colcon.colcon_core.shell:create_environment_hook('encoder_interface', 'pythonpath_develop')
[16.054s] INFO:colcon.colcon_core.shell:Creating environment hook '/home/ubuntu/crawler_ws/build/encoder_interface/share/encoder_interface/hook/pythonpath_develop.ps1'
[16.064s] INFO:colcon.colcon_core.shell:Creating environment descriptor '/home/ubuntu/crawler_ws/build/encoder_interface/share/encoder_interface/hook/pythonpath_develop.dsv'
[16.071s] INFO:colcon.colcon_core.shell:Creating environment hook '/home/ubuntu/crawler_ws/build/encoder_interface/share/encoder_interface/hook/pythonpath_develop.sh'
[16.075s] DEBUG:colcon.colcon_core.event_handler.log_command:Invoked command in '/home/ubuntu/crawler_ws/build/encoder_interface' returned '0': PYTHONPATH=/home/ubuntu/crawler_ws/install/encoder_interface/lib/python3.8/site-packages:${PYTHONPATH} /usr/bin/python3 setup.py develop --prefix /home/ubuntu/crawler_ws/install/encoder_interface --editable --build-directory /home/ubuntu/crawler_ws/build/encoder_interface/build --no-deps install_data --install-dir /home/ubuntu/crawler_ws/install/encoder_interface
[16.085s] Level 1:colcon.colcon_core.environment:checking '/home/ubuntu/crawler_ws/install/encoder_interface' for CMake module files
[16.090s] Level 1:colcon.colcon_core.environment:checking '/home/ubuntu/crawler_ws/install/encoder_interface' for CMake config files
[16.095s] Level 1:colcon.colcon_core.environment:checking '/home/ubuntu/crawler_ws/install/encoder_interface/lib'
[16.096s] Level 1:colcon.colcon_core.environment:checking '/home/ubuntu/crawler_ws/install/encoder_interface/bin'
[16.097s] Level 1:colcon.colcon_core.environment:checking '/home/ubuntu/crawler_ws/install/encoder_interface/lib/pkgconfig/encoder_interface.pc'
[16.098s] Level 1:colcon.colcon_core.environment:checking '/home/ubuntu/crawler_ws/install/encoder_interface/lib/python3.8/site-packages'
[16.099s] Level 1:colcon.colcon_core.shell:create_environment_hook('encoder_interface', 'pythonpath')
[16.104s] INFO:colcon.colcon_core.shell:Creating environment hook '/home/ubuntu/crawler_ws/install/encoder_interface/share/encoder_interface/hook/pythonpath.ps1'
[16.109s] INFO:colcon.colcon_core.shell:Creating environment descriptor '/home/ubuntu/crawler_ws/install/encoder_interface/share/encoder_interface/hook/pythonpath.dsv'
[16.112s] INFO:colcon.colcon_core.shell:Creating environment hook '/home/ubuntu/crawler_ws/install/encoder_interface/share/encoder_interface/hook/pythonpath.sh'
[16.116s] Level 1:colcon.colcon_core.environment:create_environment_scripts_only(encoder_interface)
[16.123s] INFO:colcon.colcon_core.shell:Creating package script '/home/ubuntu/crawler_ws/install/encoder_interface/share/encoder_interface/package.ps1'
[16.128s] INFO:colcon.colcon_core.shell:Creating package descriptor '/home/ubuntu/crawler_ws/install/encoder_interface/share/encoder_interface/package.dsv'
[16.133s] INFO:colcon.colcon_core.shell:Creating package script '/home/ubuntu/crawler_ws/install/encoder_interface/share/encoder_interface/package.sh'
[16.137s] INFO:colcon.colcon_core.shell:Creating package script '/home/ubuntu/crawler_ws/install/encoder_interface/share/encoder_interface/package.bash'
[16.141s] INFO:colcon.colcon_core.shell:Creating package script '/home/ubuntu/crawler_ws/install/encoder_interface/share/encoder_interface/package.zsh'
[16.144s] Level 1:colcon.colcon_core.environment:create_file_with_runtime_dependencies(/home/ubuntu/crawler_ws/install/encoder_interface/share/colcon-core/packages/encoder_interface)
[16.147s] Level 1:colcon.colcon_core.shell:create_environment_hook('gps_interface', 'pythonpath_develop')
[16.153s] INFO:colcon.colcon_core.shell:Creating environment hook '/home/ubuntu/crawler_ws/build/gps_interface/share/gps_interface/hook/pythonpath_develop.ps1'
[16.162s] DEBUG:colcon.colcon_core.event_handler.log_command:Invoked command in '/home/ubuntu/crawler_ws/build/gps_interface' returned '0': PYTHONPATH=/home/ubuntu/crawler_ws/install/gps_interface/lib/python3.8/site-packages:${PYTHONPATH} /usr/bin/python3 setup.py develop --prefix /home/ubuntu/crawler_ws/install/gps_interface --editable --build-directory /home/ubuntu/crawler_ws/build/gps_interface/build --no-deps install_data --install-dir /home/ubuntu/crawler_ws/install/gps_interface
[16.163s] INFO:colcon.colcon_core.shell:Creating environment descriptor '/home/ubuntu/crawler_ws/build/gps_interface/share/gps_interface/hook/pythonpath_develop.dsv'
[16.167s] INFO:colcon.colcon_core.shell:Creating environment hook '/home/ubuntu/crawler_ws/build/gps_interface/share/gps_interface/hook/pythonpath_develop.sh'
[16.178s] Level 1:colcon.colcon_core.environment:checking '/home/ubuntu/crawler_ws/install/gps_interface' for CMake module files
[16.182s] Level 1:colcon.colcon_core.environment:checking '/home/ubuntu/crawler_ws/install/gps_interface' for CMake config files
[16.187s] Level 1:colcon.colcon_core.environment:checking '/home/ubuntu/crawler_ws/install/gps_interface/lib'
[16.188s] Level 1:colcon.colcon_core.environment:checking '/home/ubuntu/crawler_ws/install/gps_interface/bin'
[16.189s] Level 1:colcon.colcon_core.environment:checking '/home/ubuntu/crawler_ws/install/gps_interface/lib/pkgconfig/gps_interface.pc'
[16.190s] Level 1:colcon.colcon_core.environment:checking '/home/ubuntu/crawler_ws/install/gps_interface/lib/python3.8/site-packages'
[16.191s] Level 1:colcon.colcon_core.shell:create_environment_hook('gps_interface', 'pythonpath')
[16.196s] INFO:colcon.colcon_core.shell:Creating environment hook '/home/ubuntu/crawler_ws/install/gps_interface/share/gps_interface/hook/pythonpath.ps1'
[16.200s] INFO:colcon.colcon_core.shell:Creating environment descriptor '/home/ubuntu/crawler_ws/install/gps_interface/share/gps_interface/hook/pythonpath.dsv'
[16.203s] INFO:colcon.colcon_core.shell:Creating environment hook '/home/ubuntu/crawler_ws/install/gps_interface/share/gps_interface/hook/pythonpath.sh'
[16.208s] Level 1:colcon.colcon_core.environment:create_environment_scripts_only(gps_interface)
[16.214s] INFO:colcon.colcon_core.shell:Creating package script '/home/ubuntu/crawler_ws/install/gps_interface/share/gps_interface/package.ps1'
[16.219s] INFO:colcon.colcon_core.shell:Creating package descriptor '/home/ubuntu/crawler_ws/install/gps_interface/share/gps_interface/package.dsv'
[16.224s] INFO:colcon.colcon_core.shell:Creating package script '/home/ubuntu/crawler_ws/install/gps_interface/share/gps_interface/package.sh'
[16.229s] INFO:colcon.colcon_core.shell:Creating package script '/home/ubuntu/crawler_ws/install/gps_interface/share/gps_interface/package.bash'
[16.232s] INFO:colcon.colcon_core.shell:Creating package script '/home/ubuntu/crawler_ws/install/gps_interface/share/gps_interface/package.zsh'
[16.236s] Level 1:colcon.colcon_core.environment:create_file_with_runtime_dependencies(/home/ubuntu/crawler_ws/install/gps_interface/share/colcon-core/packages/gps_interface)
[16.275s] Level 1:colcon.colcon_core.shell:create_environment_hook('imu_interface', 'pythonpath_develop')
[16.279s] INFO:colcon.colcon_core.shell:Creating environment hook '/home/ubuntu/crawler_ws/build/imu_interface/share/imu_interface/hook/pythonpath_develop.ps1'
[16.282s] DEBUG:colcon.colcon_core.event_handler.log_command:Invoked command in '/home/ubuntu/crawler_ws/build/imu_interface' returned '0': PYTHONPATH=/home/ubuntu/crawler_ws/install/imu_interface/lib/python3.8/site-packages:${PYTHONPATH} /usr/bin/python3 setup.py develop --prefix /home/ubuntu/crawler_ws/install/imu_interface --editable --build-directory /home/ubuntu/crawler_ws/build/imu_interface/build --no-deps install_data --install-dir /home/ubuntu/crawler_ws/install/imu_interface
[16.285s] INFO:colcon.colcon_core.shell:Creating environment descriptor '/home/ubuntu/crawler_ws/build/imu_interface/share/imu_interface/hook/pythonpath_develop.dsv'
[16.288s] INFO:colcon.colcon_core.shell:Creating environment hook '/home/ubuntu/crawler_ws/build/imu_interface/share/imu_interface/hook/pythonpath_develop.sh'
[16.298s] Level 1:colcon.colcon_core.environment:checking '/home/ubuntu/crawler_ws/install/imu_interface' for CMake module files
[16.302s] Level 1:colcon.colcon_core.environment:checking '/home/ubuntu/crawler_ws/install/imu_interface' for CMake config files
[16.307s] Level 1:colcon.colcon_core.environment:checking '/home/ubuntu/crawler_ws/install/imu_interface/lib'
[16.308s] Level 1:colcon.colcon_core.environment:checking '/home/ubuntu/crawler_ws/install/imu_interface/bin'
[16.309s] Level 1:colcon.colcon_core.environment:checking '/home/ubuntu/crawler_ws/install/imu_interface/lib/pkgconfig/imu_interface.pc'
[16.310s] Level 1:colcon.colcon_core.environment:checking '/home/ubuntu/crawler_ws/install/imu_interface/lib/python3.8/site-packages'
[16.310s] Level 1:colcon.colcon_core.shell:create_environment_hook('imu_interface', 'pythonpath')
[16.314s] INFO:colcon.colcon_core.shell:Creating environment hook '/home/ubuntu/crawler_ws/install/imu_interface/share/imu_interface/hook/pythonpath.ps1'
[16.317s] INFO:colcon.colcon_core.shell:Creating environment descriptor '/home/ubuntu/crawler_ws/install/imu_interface/share/imu_interface/hook/pythonpath.dsv'
[16.320s] INFO:colcon.colcon_core.shell:Creating environment hook '/home/ubuntu/crawler_ws/install/imu_interface/share/imu_interface/hook/pythonpath.sh'
[16.323s] Level 1:colcon.colcon_core.environment:create_environment_scripts_only(imu_interface)
[16.328s] INFO:colcon.colcon_core.shell:Creating package script '/home/ubuntu/crawler_ws/install/imu_interface/share/imu_interface/package.ps1'
[16.333s] INFO:colcon.colcon_core.shell:Creating package descriptor '/home/ubuntu/crawler_ws/install/imu_interface/share/imu_interface/package.dsv'
[16.337s] INFO:colcon.colcon_core.shell:Creating package script '/home/ubuntu/crawler_ws/install/imu_interface/share/imu_interface/package.sh'
[16.340s] INFO:colcon.colcon_core.shell:Creating package script '/home/ubuntu/crawler_ws/install/imu_interface/share/imu_interface/package.bash'
[16.343s] INFO:colcon.colcon_core.shell:Creating package script '/home/ubuntu/crawler_ws/install/imu_interface/share/imu_interface/package.zsh'
[16.346s] Level 1:colcon.colcon_core.environment:create_file_with_runtime_dependencies(/home/ubuntu/crawler_ws/install/imu_interface/share/colcon-core/packages/imu_interface)
[16.348s] DEBUG:colcon.colcon_parallel_executor.executor.parallel:closing loop
[16.350s] DEBUG:colcon.colcon_parallel_executor.executor.parallel:loop closed
[16.351s] DEBUG:colcon.colcon_parallel_executor.executor.parallel:run_until_complete finished with '0'
[16.352s] DEBUG:colcon.colcon_core.event_reactor:joining thread
[16.397s] INFO:colcon.colcon_core.plugin_system:Skipping extension 'colcon_notification.desktop_notification.notify_send': Could not find 'notify-send'
[16.398s] INFO:colcon.colcon_core.plugin_system:Skipping extension 'colcon_notification.desktop_notification.terminal_notifier': Not used on non-Darwin systems
[16.399s] INFO:colcon.colcon_core.plugin_system:Skipping extension 'colcon_notification.desktop_notification.win32': Not used on non-Windows systems
[16.399s] INFO:colcon.colcon_notification.desktop_notification:Sending desktop notification using 'notify2'
[16.404s] DEBUG:colcon.colcon_notification.desktop_notification.notify2:Failed to initialize notify2: org.freedesktop.DBus.Error.ServiceUnknown: The name org.freedesktop.Notifications was not provided by any .service files
[16.405s] DEBUG:colcon.colcon_core.event_reactor:joined thread
[16.409s] INFO:colcon.colcon_core.shell:Creating prefix script '/home/ubuntu/crawler_ws/install/local_setup.ps1'
[16.417s] INFO:colcon.colcon_core.shell:Creating prefix util module '/home/ubuntu/crawler_ws/install/_local_setup_util_ps1.py'
[16.427s] INFO:colcon.colcon_core.shell:Creating prefix chain script '/home/ubuntu/crawler_ws/install/setup.ps1'
[16.445s] INFO:colcon.colcon_core.shell:Creating prefix script '/home/ubuntu/crawler_ws/install/local_setup.sh'
[16.450s] INFO:colcon.colcon_core.shell:Creating prefix util module '/home/ubuntu/crawler_ws/install/_local_setup_util_sh.py'
[16.453s] INFO:colcon.colcon_core.shell:Creating prefix chain script '/home/ubuntu/crawler_ws/install/setup.sh'
[16.470s] INFO:colcon.colcon_core.shell:Creating prefix script '/home/ubuntu/crawler_ws/install/local_setup.bash'
[16.474s] INFO:colcon.colcon_core.shell:Creating prefix chain script '/home/ubuntu/crawler_ws/install/setup.bash'
[16.491s] INFO:colcon.colcon_core.shell:Creating prefix script '/home/ubuntu/crawler_ws/install/local_setup.zsh'
[16.495s] INFO:colcon.colcon_core.shell:Creating prefix chain script '/home/ubuntu/crawler_ws/install/setup.zsh'
