running develop
running egg_info
creating imu_interface.egg-info
writing imu_interface.egg-info/PKG-INFO
writing dependency_links to imu_interface.egg-info/dependency_links.txt
writing entry points to imu_interface.egg-info/entry_points.txt
writing requirements to imu_interface.egg-info/requires.txt
writing top-level names to imu_interface.egg-info/top_level.txt
writing manifest file 'imu_interface.egg-info/SOURCES.txt'
reading manifest file 'imu_interface.egg-info/SOURCES.txt'
writing manifest file 'imu_interface.egg-info/SOURCES.txt'
running build_ext
Creating /home/ubuntu/crawler_ws/install/imu_interface/lib/python3.8/site-packages/site.py
Creating /home/ubuntu/crawler_ws/install/imu_interface/lib/python3.8/site-packages/imu-interface.egg-link (link to .)
Installing imu_pub script to /home/ubuntu/crawler_ws/install/imu_interface/lib/imu_interface

Installed /home/ubuntu/crawler_ws/build/imu_interface
running install_data
creating /home/ubuntu/crawler_ws/install/imu_interface/share/ament_index
creating /home/ubuntu/crawler_ws/install/imu_interface/share/ament_index/resource_index
creating /home/ubuntu/crawler_ws/install/imu_interface/share/ament_index/resource_index/packages
copying resource/imu_interface -> /home/ubuntu/crawler_ws/install/imu_interface/share/ament_index/resource_index/packages
copying package.xml -> /home/ubuntu/crawler_ws/install/imu_interface/share/imu_interface
