running develop
running egg_info
creating gps_interface.egg-info
writing gps_interface.egg-info/PKG-INFO
writing dependency_links to gps_interface.egg-info/dependency_links.txt
writing entry points to gps_interface.egg-info/entry_points.txt
writing requirements to gps_interface.egg-info/requires.txt
writing top-level names to gps_interface.egg-info/top_level.txt
writing manifest file 'gps_interface.egg-info/SOURCES.txt'
reading manifest file 'gps_interface.egg-info/SOURCES.txt'
writing manifest file 'gps_interface.egg-info/SOURCES.txt'
running build_ext
Creating /home/ubuntu/crawler_ws/install/gps_interface/lib/python3.8/site-packages/site.py
Creating /home/ubuntu/crawler_ws/install/gps_interface/lib/python3.8/site-packages/gps-interface.egg-link (link to .)
Installing gps_pub script to /home/ubuntu/crawler_ws/install/gps_interface/lib/gps_interface

Installed /home/ubuntu/crawler_ws/build/gps_interface
running install_data
creating /home/ubuntu/crawler_ws/install/gps_interface/share/ament_index
creating /home/ubuntu/crawler_ws/install/gps_interface/share/ament_index/resource_index
creating /home/ubuntu/crawler_ws/install/gps_interface/share/ament_index/resource_index/packages
copying resource/gps_interface -> /home/ubuntu/crawler_ws/install/gps_interface/share/ament_index/resource_index/packages
copying package.xml -> /home/ubuntu/crawler_ws/install/gps_interface/share/gps_interface
