[7.614s] Invoking command in '/home/ubuntu/crawler_ws/build/gps_interface': PYTHONPATH=/home/ubuntu/crawler_ws/install/gps_interface/lib/python3.8/site-packages:${PYTHONPATH} /usr/bin/python3 setup.py develop --prefix /home/ubuntu/crawler_ws/install/gps_interface --editable --build-directory /home/ubuntu/crawler_ws/build/gps_interface/build --no-deps install_data --install-dir /home/ubuntu/crawler_ws/install/gps_interface
[10.357s] running develop
[12.025s] running egg_info
[12.026s] creating gps_interface.egg-info
[12.028s] writing gps_interface.egg-info/PKG-INFO
[12.032s] writing dependency_links to gps_interface.egg-info/dependency_links.txt
[12.034s] writing entry points to gps_interface.egg-info/entry_points.txt
[12.036s] writing requirements to gps_interface.egg-info/requires.txt
[12.041s] writing top-level names to gps_interface.egg-info/top_level.txt
[12.051s] writing manifest file 'gps_interface.egg-info/SOURCES.txt'
[12.463s] reading manifest file 'gps_interface.egg-info/SOURCES.txt'
[12.465s] writing manifest file 'gps_interface.egg-info/SOURCES.txt'
[12.477s] running build_ext
[12.479s] Creating /home/ubuntu/crawler_ws/install/gps_interface/lib/python3.8/site-packages/site.py
[12.498s] Creating /home/ubuntu/crawler_ws/install/gps_interface/lib/python3.8/site-packages/gps-interface.egg-link (link to .)
[12.509s] Installing gps_pub script to /home/ubuntu/crawler_ws/install/gps_interface/lib/gps_interface
[12.514s] 
[12.516s] Installed /home/ubuntu/crawler_ws/build/gps_interface
[12.518s] running install_data
[12.528s] creating /home/ubuntu/crawler_ws/install/gps_interface/share/ament_index
[12.531s] creating /home/ubuntu/crawler_ws/install/gps_interface/share/ament_index/resource_index
[12.532s] creating /home/ubuntu/crawler_ws/install/gps_interface/share/ament_index/resource_index/packages
[12.534s] copying resource/gps_interface -> /home/ubuntu/crawler_ws/install/gps_interface/share/ament_index/resource_index/packages
[12.536s] copying package.xml -> /home/ubuntu/crawler_ws/install/gps_interface/share/gps_interface
[13.021s] Invoked command in '/home/ubuntu/crawler_ws/build/gps_interface' returned '0': PYTHONPATH=/home/ubuntu/crawler_ws/install/gps_interface/lib/python3.8/site-packages:${PYTHONPATH} /usr/bin/python3 setup.py develop --prefix /home/ubuntu/crawler_ws/install/gps_interface --editable --build-directory /home/ubuntu/crawler_ws/build/gps_interface/build --no-deps install_data --install-dir /home/ubuntu/crawler_ws/install/gps_interface
