[8.198s] Invoking command in '/home/ubuntu/crawler_ws/build/imu_interface': PYTHONPATH=/home/ubuntu/crawler_ws/install/imu_interface/lib/python3.8/site-packages:${PYTHONPATH} /usr/bin/python3 setup.py develop --prefix /home/ubuntu/crawler_ws/install/imu_interface --uninstall --editable --build-directory /home/ubuntu/crawler_ws/build/imu_interface/build
[11.205s] running develop
[13.128s] Removing /home/ubuntu/crawler_ws/install/imu_interface/lib/python3.8/site-packages/imu-interface.egg-link (link to .)
[13.414s] Invoked command in '/home/ubuntu/crawler_ws/build/imu_interface' returned '0': PYTHONPATH=/home/ubuntu/crawler_ws/install/imu_interface/lib/python3.8/site-packages:${PYTHONPATH} /usr/bin/python3 setup.py develop --prefix /home/ubuntu/crawler_ws/install/imu_interface --uninstall --editable --build-directory /home/ubuntu/crawler_ws/build/imu_interface/build
[13.432s] Invoking command in '/home/ubuntu/crawler_ws/src/imu_interface': PYTHONPATH=/home/ubuntu/crawler_ws/install/imu_interface/lib/python3.8/site-packages:${PYTHONPATH} /usr/bin/python3 setup.py egg_info --egg-base ../../build/imu_interface build --build-base /home/ubuntu/crawler_ws/build/imu_interface/build install --prefix /home/ubuntu/crawler_ws/install/imu_interface --record /home/ubuntu/crawler_ws/build/imu_interface/install.log --single-version-externally-managed
[16.243s] running egg_info
[16.254s] writing ../../build/imu_interface/imu_interface.egg-info/PKG-INFO
[16.271s] writing dependency_links to ../../build/imu_interface/imu_interface.egg-info/dependency_links.txt
[16.281s] writing entry points to ../../build/imu_interface/imu_interface.egg-info/entry_points.txt
[16.282s] writing requirements to ../../build/imu_interface/imu_interface.egg-info/requires.txt
[16.286s] writing top-level names to ../../build/imu_interface/imu_interface.egg-info/top_level.txt
[16.830s] reading manifest file '../../build/imu_interface/imu_interface.egg-info/SOURCES.txt'
[16.844s] writing manifest file '../../build/imu_interface/imu_interface.egg-info/SOURCES.txt'
[16.846s] running build
[16.849s] running build_py
[16.851s] creating /home/ubuntu/crawler_ws/build/imu_interface/build
[16.853s] creating /home/ubuntu/crawler_ws/build/imu_interface/build/lib
[16.867s] creating /home/ubuntu/crawler_ws/build/imu_interface/build/lib/imu_interface
[16.869s] copying imu_interface/MPU6050.py -> /home/ubuntu/crawler_ws/build/imu_interface/build/lib/imu_interface
[16.871s] copying imu_interface/__init__.py -> /home/ubuntu/crawler_ws/build/imu_interface/build/lib/imu_interface
[16.872s] copying imu_interface/imu_pub.py -> /home/ubuntu/crawler_ws/build/imu_interface/build/lib/imu_interface
[16.874s] copying imu_interface/MPUConstants.py -> /home/ubuntu/crawler_ws/build/imu_interface/build/lib/imu_interface
[16.875s] copying imu_interface/Quaternion.py -> /home/ubuntu/crawler_ws/build/imu_interface/build/lib/imu_interface
[16.896s] running install
[16.903s] running install_lib
[16.919s] creating /home/ubuntu/crawler_ws/install/imu_interface/lib/python3.8/site-packages/imu_interface
[16.921s] copying /home/ubuntu/crawler_ws/build/imu_interface/build/lib/imu_interface/MPU6050.py -> /home/ubuntu/crawler_ws/install/imu_interface/lib/python3.8/site-packages/imu_interface
[16.922s] copying /home/ubuntu/crawler_ws/build/imu_interface/build/lib/imu_interface/__init__.py -> /home/ubuntu/crawler_ws/install/imu_interface/lib/python3.8/site-packages/imu_interface
[16.925s] copying /home/ubuntu/crawler_ws/build/imu_interface/build/lib/imu_interface/imu_pub.py -> /home/ubuntu/crawler_ws/install/imu_interface/lib/python3.8/site-packages/imu_interface
[16.927s] copying /home/ubuntu/crawler_ws/build/imu_interface/build/lib/imu_interface/MPUConstants.py -> /home/ubuntu/crawler_ws/install/imu_interface/lib/python3.8/site-packages/imu_interface
[16.928s] copying /home/ubuntu/crawler_ws/build/imu_interface/build/lib/imu_interface/Quaternion.py -> /home/ubuntu/crawler_ws/install/imu_interface/lib/python3.8/site-packages/imu_interface
[16.930s] byte-compiling /home/ubuntu/crawler_ws/install/imu_interface/lib/python3.8/site-packages/imu_interface/MPU6050.py to MPU6050.cpython-38.pyc
[16.979s] byte-compiling /home/ubuntu/crawler_ws/install/imu_interface/lib/python3.8/site-packages/imu_interface/__init__.py to __init__.cpython-38.pyc
[16.983s] byte-compiling /home/ubuntu/crawler_ws/install/imu_interface/lib/python3.8/site-packages/imu_interface/imu_pub.py to imu_pub.cpython-38.pyc
[16.987s] byte-compiling /home/ubuntu/crawler_ws/install/imu_interface/lib/python3.8/site-packages/imu_interface/MPUConstants.py to MPUConstants.cpython-38.pyc
[17.026s] byte-compiling /home/ubuntu/crawler_ws/install/imu_interface/lib/python3.8/site-packages/imu_interface/Quaternion.py to Quaternion.cpython-38.pyc
[17.041s] running install_data
[17.049s] running install_egg_info
[17.054s] Copying ../../build/imu_interface/imu_interface.egg-info to /home/ubuntu/crawler_ws/install/imu_interface/lib/python3.8/site-packages/imu_interface-0.0.0-py3.8.egg-info
[17.070s] running install_scripts
[17.227s] Installing imu_pub script to /home/ubuntu/crawler_ws/install/imu_interface/lib/imu_interface
[17.228s] writing list of installed files to '/home/ubuntu/crawler_ws/build/imu_interface/install.log'
[17.430s] Invoked command in '/home/ubuntu/crawler_ws/src/imu_interface' returned '0': PYTHONPATH=/home/ubuntu/crawler_ws/install/imu_interface/lib/python3.8/site-packages:${PYTHONPATH} /usr/bin/python3 setup.py egg_info --egg-base ../../build/imu_interface build --build-base /home/ubuntu/crawler_ws/build/imu_interface/build install --prefix /home/ubuntu/crawler_ws/install/imu_interface --record /home/ubuntu/crawler_ws/build/imu_interface/install.log --single-version-externally-managed
