[8.211s] Invoking command in '/home/ubuntu/crawler_ws/build/gps_interface': PYTHONPATH=/home/ubuntu/crawler_ws/install/gps_interface/lib/python3.8/site-packages:${PYTHONPATH} /usr/bin/python3 setup.py develop --prefix /home/ubuntu/crawler_ws/install/gps_interface --uninstall --editable --build-directory /home/ubuntu/crawler_ws/build/gps_interface/build
[11.111s] running develop
[12.924s] Removing /home/ubuntu/crawler_ws/install/gps_interface/lib/python3.8/site-packages/gps-interface.egg-link (link to .)
[13.250s] Invoked command in '/home/ubuntu/crawler_ws/build/gps_interface' returned '0': PYTHONPATH=/home/ubuntu/crawler_ws/install/gps_interface/lib/python3.8/site-packages:${PYTHONPATH} /usr/bin/python3 setup.py develop --prefix /home/ubuntu/crawler_ws/install/gps_interface --uninstall --editable --build-directory /home/ubuntu/crawler_ws/build/gps_interface/build
[13.274s] Invoking command in '/home/ubuntu/crawler_ws/src/gps_interface': PYTHONPATH=/home/ubuntu/crawler_ws/install/gps_interface/lib/python3.8/site-packages:${PYTHONPATH} /usr/bin/python3 setup.py egg_info --egg-base ../../build/gps_interface build --build-base /home/ubuntu/crawler_ws/build/gps_interface/build install --prefix /home/ubuntu/crawler_ws/install/gps_interface --record /home/ubuntu/crawler_ws/build/gps_interface/install.log --single-version-externally-managed
[16.041s] running egg_info
[16.047s] writing ../../build/gps_interface/gps_interface.egg-info/PKG-INFO
[16.050s] writing dependency_links to ../../build/gps_interface/gps_interface.egg-info/dependency_links.txt
[16.054s] writing entry points to ../../build/gps_interface/gps_interface.egg-info/entry_points.txt
[16.056s] writing requirements to ../../build/gps_interface/gps_interface.egg-info/requires.txt
[16.058s] writing top-level names to ../../build/gps_interface/gps_interface.egg-info/top_level.txt
[16.470s] reading manifest file '../../build/gps_interface/gps_interface.egg-info/SOURCES.txt'
[16.476s] writing manifest file '../../build/gps_interface/gps_interface.egg-info/SOURCES.txt'
[16.478s] running build
[16.486s] running build_py
[16.488s] creating /home/ubuntu/crawler_ws/build/gps_interface/build
[16.489s] creating /home/ubuntu/crawler_ws/build/gps_interface/build/lib
[16.491s] creating /home/ubuntu/crawler_ws/build/gps_interface/build/lib/gps_interface
[16.492s] copying gps_interface/gps_pub.py -> /home/ubuntu/crawler_ws/build/gps_interface/build/lib/gps_interface
[16.494s] copying gps_interface/gps_example.py -> /home/ubuntu/crawler_ws/build/gps_interface/build/lib/gps_interface
[16.495s] copying gps_interface/__init__.py -> /home/ubuntu/crawler_ws/build/gps_interface/build/lib/gps_interface
[16.497s] running install
[16.500s] running install_lib
[16.514s] creating /home/ubuntu/crawler_ws/install/gps_interface/lib/python3.8/site-packages/gps_interface
[16.530s] copying /home/ubuntu/crawler_ws/build/gps_interface/build/lib/gps_interface/gps_pub.py -> /home/ubuntu/crawler_ws/install/gps_interface/lib/python3.8/site-packages/gps_interface
[16.532s] copying /home/ubuntu/crawler_ws/build/gps_interface/build/lib/gps_interface/gps_example.py -> /home/ubuntu/crawler_ws/install/gps_interface/lib/python3.8/site-packages/gps_interface
[16.535s] copying /home/ubuntu/crawler_ws/build/gps_interface/build/lib/gps_interface/__init__.py -> /home/ubuntu/crawler_ws/install/gps_interface/lib/python3.8/site-packages/gps_interface
[16.536s] byte-compiling /home/ubuntu/crawler_ws/install/gps_interface/lib/python3.8/site-packages/gps_interface/gps_pub.py to gps_pub.cpython-38.pyc
[16.538s] byte-compiling /home/ubuntu/crawler_ws/install/gps_interface/lib/python3.8/site-packages/gps_interface/gps_example.py to gps_example.cpython-38.pyc
[16.539s] byte-compiling /home/ubuntu/crawler_ws/install/gps_interface/lib/python3.8/site-packages/gps_interface/__init__.py to __init__.cpython-38.pyc
[16.541s] running install_data
[16.556s] running install_egg_info
[16.560s] Copying ../../build/gps_interface/gps_interface.egg-info to /home/ubuntu/crawler_ws/install/gps_interface/lib/python3.8/site-packages/gps_interface-0.0.0-py3.8.egg-info
[16.575s] running install_scripts
[16.785s] Installing gps_pub script to /home/ubuntu/crawler_ws/install/gps_interface/lib/gps_interface
[16.793s] writing list of installed files to '/home/ubuntu/crawler_ws/build/gps_interface/install.log'
[17.247s] Invoked command in '/home/ubuntu/crawler_ws/src/gps_interface' returned '0': PYTHONPATH=/home/ubuntu/crawler_ws/install/gps_interface/lib/python3.8/site-packages:${PYTHONPATH} /usr/bin/python3 setup.py egg_info --egg-base ../../build/gps_interface build --build-base /home/ubuntu/crawler_ws/build/gps_interface/build install --prefix /home/ubuntu/crawler_ws/install/gps_interface --record /home/ubuntu/crawler_ws/build/gps_interface/install.log --single-version-externally-managed
