running develop
running egg_info
creating encoder_interface.egg-info
writing encoder_interface.egg-info/PKG-INFO
writing dependency_links to encoder_interface.egg-info/dependency_links.txt
writing entry points to encoder_interface.egg-info/entry_points.txt
writing requirements to encoder_interface.egg-info/requires.txt
writing top-level names to encoder_interface.egg-info/top_level.txt
writing manifest file 'encoder_interface.egg-info/SOURCES.txt'
reading manifest file 'encoder_interface.egg-info/SOURCES.txt'
writing manifest file 'encoder_interface.egg-info/SOURCES.txt'
running build_ext
Creating /home/ubuntu/crawler_ws/install/encoder_interface/lib/python3.8/site-packages/site.py
Creating /home/ubuntu/crawler_ws/install/encoder_interface/lib/python3.8/site-packages/encoder-interface.egg-link (link to .)
Installing odom_pub script to /home/ubuntu/crawler_ws/install/encoder_interface/lib/encoder_interface

Installed /home/ubuntu/crawler_ws/build/encoder_interface
running install_data
creating /home/ubuntu/crawler_ws/install/encoder_interface/share/ament_index
creating /home/ubuntu/crawler_ws/install/encoder_interface/share/ament_index/resource_index
creating /home/ubuntu/crawler_ws/install/encoder_interface/share/ament_index/resource_index/packages
copying resource/encoder_interface -> /home/ubuntu/crawler_ws/install/encoder_interface/share/ament_index/resource_index/packages
copying package.xml -> /home/ubuntu/crawler_ws/install/encoder_interface/share/encoder_interface
